{"/Users/lavyun/Code/FE/github/better-mock/dist/mock.js":{"path":"/Users/lavyun/Code/FE/github/better-mock/dist/mock.js","statementMap":{"0":{"start":{"line":5,"column":0},"end":{"line":7908,"column":4}},"1":{"start":{"line":6,"column":2},"end":{"line":8,"column":53}},"2":{"start":{"line":12,"column":4},"end":{"line":20,"column":5}},"3":{"start":{"line":13,"column":6},"end":{"line":15,"column":8}},"4":{"start":{"line":14,"column":8},"end":{"line":14,"column":26}},"5":{"start":{"line":17,"column":6},"end":{"line":19,"column":8}},"6":{"start":{"line":18,"column":8},"end":{"line":18,"column":133}},"7":{"start":{"line":22,"column":4},"end":{"line":22,"column":24}},"8":{"start":{"line":42,"column":17},"end":{"line":47,"column":3}},"9":{"start":{"line":49,"column":21},"end":{"line":72,"column":3}},"10":{"start":{"line":51,"column":4},"end":{"line":53,"column":5}},"11":{"start":{"line":52,"column":6},"end":{"line":52,"column":72}},"12":{"start":{"line":55,"column":13},"end":{"line":55,"column":27}},"13":{"start":{"line":57,"column":4},"end":{"line":69,"column":5}},"14":{"start":{"line":57,"column":21},"end":{"line":57,"column":22}},"15":{"start":{"line":58,"column":23},"end":{"line":58,"column":39}},"16":{"start":{"line":60,"column":6},"end":{"line":68,"column":7}},"17":{"start":{"line":62,"column":8},"end":{"line":67,"column":9}},"18":{"start":{"line":64,"column":10},"end":{"line":66,"column":11}},"19":{"start":{"line":65,"column":12},"end":{"line":65,"column":46}},"20":{"start":{"line":71,"column":4},"end":{"line":71,"column":14}},"21":{"start":{"line":73,"column":13},"end":{"line":89,"column":3}},"22":{"start":{"line":76,"column":4},"end":{"line":88,"column":5}},"23":{"start":{"line":77,"column":6},"end":{"line":79,"column":7}},"24":{"start":{"line":78,"column":8},"end":{"line":78,"column":23}},"25":{"start":{"line":80,"column":11},"end":{"line":88,"column":5}},"26":{"start":{"line":81,"column":6},"end":{"line":83,"column":7}},"27":{"start":{"line":82,"column":8},"end":{"line":82,"column":68}},"28":{"start":{"line":82,"column":62},"end":{"line":82,"column":68}},"29":{"start":{"line":85,"column":6},"end":{"line":87,"column":7}},"30":{"start":{"line":86,"column":8},"end":{"line":86,"column":72}},"31":{"start":{"line":86,"column":66},"end":{"line":86,"column":72}},"32":{"start":{"line":90,"column":13},"end":{"line":92,"column":3}},"33":{"start":{"line":91,"column":4},"end":{"line":91,"column":140}},"34":{"start":{"line":93,"column":17},"end":{"line":95,"column":3}},"35":{"start":{"line":94,"column":4},"end":{"line":94,"column":36}},"36":{"start":{"line":96,"column":17},"end":{"line":98,"column":3}},"37":{"start":{"line":97,"column":4},"end":{"line":97,"column":36}},"38":{"start":{"line":99,"column":16},"end":{"line":101,"column":3}},"39":{"start":{"line":100,"column":4},"end":{"line":100,"column":35}},"40":{"start":{"line":102,"column":17},"end":{"line":104,"column":3}},"41":{"start":{"line":103,"column":4},"end":{"line":103,"column":36}},"42":{"start":{"line":105,"column":19},"end":{"line":107,"column":3}},"43":{"start":{"line":106,"column":4},"end":{"line":106,"column":38}},"44":{"start":{"line":108,"column":24},"end":{"line":110,"column":3}},"45":{"start":{"line":109,"column":4},"end":{"line":109,"column":45}},"46":{"start":{"line":111,"column":18},"end":{"line":113,"column":3}},"47":{"start":{"line":112,"column":4},"end":{"line":112,"column":56}},"48":{"start":{"line":114,"column":13},"end":{"line":124,"column":3}},"49":{"start":{"line":115,"column":15},"end":{"line":115,"column":17}},"50":{"start":{"line":117,"column":4},"end":{"line":121,"column":5}},"51":{"start":{"line":118,"column":6},"end":{"line":120,"column":7}},"52":{"start":{"line":119,"column":8},"end":{"line":119,"column":23}},"53":{"start":{"line":123,"column":4},"end":{"line":123,"column":16}},"54":{"start":{"line":125,"column":15},"end":{"line":135,"column":3}},"55":{"start":{"line":126,"column":17},"end":{"line":126,"column":19}},"56":{"start":{"line":128,"column":4},"end":{"line":132,"column":5}},"57":{"start":{"line":129,"column":6},"end":{"line":131,"column":7}},"58":{"start":{"line":130,"column":8},"end":{"line":130,"column":30}},"59":{"start":{"line":134,"column":4},"end":{"line":134,"column":18}},"60":{"start":{"line":152,"column":16},"end":{"line":157,"column":3}},"61":{"start":{"line":156,"column":4},"end":{"line":156,"column":133}},"62":{"start":{"line":158,"column":13},"end":{"line":158,"column":31}},"63":{"start":{"line":160,"column":26},"end":{"line":175,"column":4}},"64":{"start":{"line":179,"column":16},"end":{"line":187,"column":3}},"65":{"start":{"line":180,"column":4},"end":{"line":184,"column":5}},"66":{"start":{"line":181,"column":6},"end":{"line":181,"column":78}},"67":{"start":{"line":182,"column":6},"end":{"line":182,"column":78}},"68":{"start":{"line":183,"column":6},"end":{"line":183,"column":66}},"69":{"start":{"line":186,"column":4},"end":{"line":186,"column":32}},"70":{"start":{"line":188,"column":13},"end":{"line":190,"column":3}},"71":{"start":{"line":189,"column":4},"end":{"line":189,"column":34}},"72":{"start":{"line":192,"column":16},"end":{"line":197,"column":3}},"73":{"start":{"line":193,"column":4},"end":{"line":193,"column":61}},"74":{"start":{"line":194,"column":4},"end":{"line":194,"column":76}},"75":{"start":{"line":196,"column":4},"end":{"line":196,"column":57}},"76":{"start":{"line":199,"column":16},"end":{"line":204,"column":3}},"77":{"start":{"line":200,"column":4},"end":{"line":200,"column":77}},"78":{"start":{"line":201,"column":4},"end":{"line":201,"column":76}},"79":{"start":{"line":203,"column":4},"end":{"line":203,"column":57}},"80":{"start":{"line":205,"column":12},"end":{"line":207,"column":3}},"81":{"start":{"line":206,"column":4},"end":{"line":206,"column":29}},"82":{"start":{"line":209,"column":14},"end":{"line":222,"column":3}},"83":{"start":{"line":210,"column":4},"end":{"line":210,"column":41}},"84":{"start":{"line":211,"column":4},"end":{"line":211,"column":43}},"85":{"start":{"line":212,"column":4},"end":{"line":212,"column":42}},"86":{"start":{"line":213,"column":4},"end":{"line":213,"column":43}},"87":{"start":{"line":214,"column":14},"end":{"line":214,"column":37}},"88":{"start":{"line":216,"column":4},"end":{"line":219,"column":5}},"89":{"start":{"line":216,"column":17},"end":{"line":216,"column":18}},"90":{"start":{"line":216,"column":29},"end":{"line":216,"column":48}},"91":{"start":{"line":217,"column":6},"end":{"line":218,"column":68}},"92":{"start":{"line":221,"column":4},"end":{"line":221,"column":27}},"93":{"start":{"line":224,"column":18},"end":{"line":239,"column":3}},"94":{"start":{"line":225,"column":16},"end":{"line":225,"column":44}},"95":{"start":{"line":226,"column":16},"end":{"line":226,"column":35}},"96":{"start":{"line":227,"column":17},"end":{"line":227,"column":29}},"97":{"start":{"line":228,"column":17},"end":{"line":228,"column":31}},"98":{"start":{"line":229,"column":16},"end":{"line":236,"column":5}},"99":{"start":{"line":237,"column":4},"end":{"line":237,"column":52}},"100":{"start":{"line":238,"column":4},"end":{"line":238,"column":52}},"101":{"start":{"line":240,"column":13},"end":{"line":242,"column":3}},"102":{"start":{"line":241,"column":4},"end":{"line":241,"column":27}},"103":{"start":{"line":244,"column":15},"end":{"line":283,"column":3}},"104":{"start":{"line":247,"column":4},"end":{"line":274,"column":5}},"105":{"start":{"line":250,"column":8},"end":{"line":250,"column":28}},"106":{"start":{"line":251,"column":8},"end":{"line":251,"column":14}},"107":{"start":{"line":255,"column":8},"end":{"line":255,"column":19}},"108":{"start":{"line":256,"column":8},"end":{"line":256,"column":25}},"109":{"start":{"line":257,"column":8},"end":{"line":257,"column":14}},"110":{"start":{"line":261,"column":8},"end":{"line":267,"column":9}},"111":{"start":{"line":262,"column":10},"end":{"line":262,"column":20}},"112":{"start":{"line":265,"column":10},"end":{"line":265,"column":35}},"113":{"start":{"line":266,"column":10},"end":{"line":266,"column":27}},"114":{"start":{"line":269,"column":8},"end":{"line":269,"column":14}},"115":{"start":{"line":272,"column":8},"end":{"line":272,"column":32}},"116":{"start":{"line":273,"column":8},"end":{"line":273,"column":14}},"117":{"start":{"line":276,"column":15},"end":{"line":276,"column":17}},"118":{"start":{"line":278,"column":4},"end":{"line":280,"column":5}},"119":{"start":{"line":278,"column":17},"end":{"line":278,"column":18}},"120":{"start":{"line":279,"column":6},"end":{"line":279,"column":30}},"121":{"start":{"line":282,"column":4},"end":{"line":282,"column":16}},"122":{"start":{"line":284,"column":12},"end":{"line":286,"column":3}},"123":{"start":{"line":285,"column":4},"end":{"line":285,"column":34}},"124":{"start":{"line":288,"column":14},"end":{"line":310,"column":3}},"125":{"start":{"line":290,"column":4},"end":{"line":293,"column":5}},"126":{"start":{"line":291,"column":6},"end":{"line":291,"column":24}},"127":{"start":{"line":292,"column":6},"end":{"line":292,"column":16}},"128":{"start":{"line":296,"column":4},"end":{"line":296,"column":29}},"129":{"start":{"line":297,"column":4},"end":{"line":297,"column":19}},"130":{"start":{"line":298,"column":4},"end":{"line":298,"column":17}},"131":{"start":{"line":299,"column":4},"end":{"line":299,"column":17}},"132":{"start":{"line":300,"column":14},"end":{"line":300,"column":59}},"133":{"start":{"line":301,"column":14},"end":{"line":301,"column":15}},"134":{"start":{"line":302,"column":16},"end":{"line":302,"column":30}},"135":{"start":{"line":304,"column":4},"end":{"line":307,"column":5}},"136":{"start":{"line":305,"column":6},"end":{"line":305,"column":27}},"137":{"start":{"line":306,"column":6},"end":{"line":306,"column":20}},"138":{"start":{"line":309,"column":4},"end":{"line":309,"column":17}},"139":{"start":{"line":312,"column":27},"end":{"line":324,"column":4}},"140":{"start":{"line":327,"column":23},"end":{"line":379,"column":3}},"141":{"start":{"line":330,"column":6},"end":{"line":330,"column":48}},"142":{"start":{"line":334,"column":14},"end":{"line":334,"column":33}},"143":{"start":{"line":335,"column":6},"end":{"line":335,"column":34}},"144":{"start":{"line":338,"column":6},"end":{"line":338,"column":33}},"145":{"start":{"line":341,"column":14},"end":{"line":341,"column":28}},"146":{"start":{"line":342,"column":6},"end":{"line":342,"column":34}},"147":{"start":{"line":346,"column":14},"end":{"line":346,"column":29}},"148":{"start":{"line":347,"column":6},"end":{"line":347,"column":34}},"149":{"start":{"line":351,"column":14},"end":{"line":351,"column":34}},"150":{"start":{"line":352,"column":6},"end":{"line":352,"column":34}},"151":{"start":{"line":355,"column":6},"end":{"line":355,"column":34}},"152":{"start":{"line":358,"column":14},"end":{"line":358,"column":31}},"153":{"start":{"line":359,"column":6},"end":{"line":359,"column":34}},"154":{"start":{"line":363,"column":14},"end":{"line":363,"column":31}},"155":{"start":{"line":364,"column":6},"end":{"line":364,"column":34}},"156":{"start":{"line":368,"column":15},"end":{"line":368,"column":37}},"157":{"start":{"line":369,"column":6},"end":{"line":369,"column":64}},"158":{"start":{"line":373,"column":6},"end":{"line":373,"column":48}},"159":{"start":{"line":376,"column":6},"end":{"line":376,"column":48}},"160":{"start":{"line":381,"column":24},"end":{"line":384,"column":3}},"161":{"start":{"line":382,"column":13},"end":{"line":382,"column":40}},"162":{"start":{"line":383,"column":4},"end":{"line":383,"column":36}},"163":{"start":{"line":386,"column":17},"end":{"line":386,"column":51}},"164":{"start":{"line":388,"column":20},"end":{"line":392,"column":3}},"165":{"start":{"line":389,"column":4},"end":{"line":391,"column":7}},"166":{"start":{"line":390,"column":6},"end":{"line":390,"column":204}},"167":{"start":{"line":395,"column":20},"end":{"line":399,"column":3}},"168":{"start":{"line":396,"column":4},"end":{"line":396,"column":48}},"169":{"start":{"line":397,"column":4},"end":{"line":397,"column":47}},"170":{"start":{"line":398,"column":4},"end":{"line":398,"column":69}},"171":{"start":{"line":402,"column":13},"end":{"line":405,"column":3}},"172":{"start":{"line":403,"column":4},"end":{"line":403,"column":36}},"173":{"start":{"line":404,"column":4},"end":{"line":404,"column":46}},"174":{"start":{"line":407,"column":13},"end":{"line":410,"column":3}},"175":{"start":{"line":408,"column":4},"end":{"line":408,"column":34}},"176":{"start":{"line":409,"column":4},"end":{"line":409,"column":46}},"177":{"start":{"line":412,"column":17},"end":{"line":415,"column":3}},"178":{"start":{"line":413,"column":4},"end":{"line":413,"column":45}},"179":{"start":{"line":414,"column":4},"end":{"line":414,"column":46}},"180":{"start":{"line":417,"column":12},"end":{"line":461,"column":3}},"181":{"start":{"line":419,"column":4},"end":{"line":425,"column":5}},"182":{"start":{"line":421,"column":6},"end":{"line":424,"column":7}},"183":{"start":{"line":422,"column":8},"end":{"line":422,"column":22}},"184":{"start":{"line":423,"column":8},"end":{"line":423,"column":18}},"185":{"start":{"line":427,"column":4},"end":{"line":427,"column":38}},"186":{"start":{"line":428,"column":4},"end":{"line":428,"column":45}},"187":{"start":{"line":429,"column":15},"end":{"line":429,"column":25}},"188":{"start":{"line":431,"column":4},"end":{"line":458,"column":5}},"189":{"start":{"line":433,"column":8},"end":{"line":433,"column":25}},"190":{"start":{"line":434,"column":8},"end":{"line":434,"column":14}},"191":{"start":{"line":437,"column":8},"end":{"line":437,"column":24}},"192":{"start":{"line":438,"column":8},"end":{"line":438,"column":14}},"193":{"start":{"line":441,"column":8},"end":{"line":441,"column":53}},"194":{"start":{"line":442,"column":8},"end":{"line":442,"column":14}},"195":{"start":{"line":445,"column":8},"end":{"line":445,"column":25}},"196":{"start":{"line":446,"column":8},"end":{"line":446,"column":14}},"197":{"start":{"line":449,"column":8},"end":{"line":449,"column":27}},"198":{"start":{"line":450,"column":8},"end":{"line":450,"column":14}},"199":{"start":{"line":453,"column":8},"end":{"line":453,"column":27}},"200":{"start":{"line":454,"column":8},"end":{"line":454,"column":14}},"201":{"start":{"line":457,"column":8},"end":{"line":457,"column":32}},"202":{"start":{"line":460,"column":4},"end":{"line":460,"column":37}},"203":{"start":{"line":463,"column":28},"end":{"line":468,"column":4}},"204":{"start":{"line":470,"column":19},"end":{"line":472,"column":3}},"205":{"start":{"line":471,"column":4},"end":{"line":471,"column":71}},"206":{"start":{"line":474,"column":14},"end":{"line":476,"column":3}},"207":{"start":{"line":475,"column":4},"end":{"line":475,"column":36}},"208":{"start":{"line":478,"column":14},"end":{"line":480,"column":3}},"209":{"start":{"line":479,"column":4},"end":{"line":479,"column":36}},"210":{"start":{"line":482,"column":13},"end":{"line":498,"column":3}},"211":{"start":{"line":484,"column":4},"end":{"line":493,"column":5}},"212":{"start":{"line":485,"column":6},"end":{"line":485,"column":37}},"213":{"start":{"line":486,"column":6},"end":{"line":486,"column":14}},"214":{"start":{"line":487,"column":6},"end":{"line":487,"column":14}},"215":{"start":{"line":490,"column":6},"end":{"line":490,"column":37}},"216":{"start":{"line":490,"column":29},"end":{"line":490,"column":37}},"217":{"start":{"line":492,"column":6},"end":{"line":492,"column":39}},"218":{"start":{"line":492,"column":29},"end":{"line":492,"column":39}},"219":{"start":{"line":495,"column":4},"end":{"line":495,"column":71}},"220":{"start":{"line":495,"column":32},"end":{"line":495,"column":71}},"221":{"start":{"line":497,"column":4},"end":{"line":497,"column":34}},"222":{"start":{"line":507,"column":16},"end":{"line":534,"column":3}},"223":{"start":{"line":508,"column":4},"end":{"line":508,"column":20}},"224":{"start":{"line":509,"column":14},"end":{"line":509,"column":26}},"225":{"start":{"line":510,"column":17},"end":{"line":510,"column":19}},"226":{"start":{"line":511,"column":16},"end":{"line":511,"column":17}},"227":{"start":{"line":512,"column":17},"end":{"line":512,"column":27}},"228":{"start":{"line":514,"column":4},"end":{"line":518,"column":5}},"229":{"start":{"line":514,"column":17},"end":{"line":514,"column":18}},"230":{"start":{"line":515,"column":6},"end":{"line":515,"column":41}},"231":{"start":{"line":516,"column":6},"end":{"line":516,"column":30}},"232":{"start":{"line":517,"column":6},"end":{"line":517,"column":27}},"233":{"start":{"line":520,"column":4},"end":{"line":533,"column":5}},"234":{"start":{"line":523,"column":8},"end":{"line":523,"column":22}},"235":{"start":{"line":526,"column":8},"end":{"line":526,"column":18}},"236":{"start":{"line":530,"column":8},"end":{"line":530,"column":32}},"237":{"start":{"line":531,"column":8},"end":{"line":531,"column":32}},"238":{"start":{"line":532,"column":8},"end":{"line":532,"column":50}},"239":{"start":{"line":536,"column":28},"end":{"line":542,"column":4}},"240":{"start":{"line":546,"column":16},"end":{"line":546,"column":196}},"241":{"start":{"line":556,"column":21},"end":{"line":705,"column":3}},"242":{"start":{"line":716,"column":14},"end":{"line":735,"column":3}},"243":{"start":{"line":718,"column":4},"end":{"line":721,"column":5}},"244":{"start":{"line":719,"column":6},"end":{"line":719,"column":20}},"245":{"start":{"line":720,"column":6},"end":{"line":720,"column":25}},"246":{"start":{"line":724,"column":4},"end":{"line":727,"column":5}},"247":{"start":{"line":725,"column":6},"end":{"line":725,"column":24}},"248":{"start":{"line":726,"column":6},"end":{"line":726,"column":29}},"249":{"start":{"line":730,"column":4},"end":{"line":730,"column":36}},"250":{"start":{"line":730,"column":15},"end":{"line":730,"column":36}},"251":{"start":{"line":731,"column":4},"end":{"line":731,"column":81}},"252":{"start":{"line":731,"column":48},"end":{"line":731,"column":81}},"253":{"start":{"line":732,"column":4},"end":{"line":732,"column":81}},"254":{"start":{"line":732,"column":48},"end":{"line":732,"column":81}},"255":{"start":{"line":734,"column":4},"end":{"line":734,"column":184}},"256":{"start":{"line":736,"column":12},"end":{"line":736,"column":17}},"257":{"start":{"line":739,"column":18},"end":{"line":789,"column":3}},"258":{"start":{"line":742,"column":4},"end":{"line":757,"column":5}},"259":{"start":{"line":743,"column":6},"end":{"line":743,"column":48}},"260":{"start":{"line":754,"column":19},"end":{"line":754,"column":43}},"261":{"start":{"line":756,"column":6},"end":{"line":756,"column":28}},"262":{"start":{"line":759,"column":14},"end":{"line":759,"column":68}},"263":{"start":{"line":761,"column":4},"end":{"line":763,"column":5}},"264":{"start":{"line":762,"column":6},"end":{"line":762,"column":16}},"265":{"start":{"line":765,"column":4},"end":{"line":767,"column":5}},"266":{"start":{"line":766,"column":6},"end":{"line":766,"column":27}},"267":{"start":{"line":769,"column":4},"end":{"line":769,"column":44}},"268":{"start":{"line":770,"column":4},"end":{"line":770,"column":27}},"269":{"start":{"line":771,"column":16},"end":{"line":771,"column":37}},"270":{"start":{"line":772,"column":17},"end":{"line":772,"column":38}},"271":{"start":{"line":774,"column":21},"end":{"line":774,"column":66}},"272":{"start":{"line":776,"column":21},"end":{"line":776,"column":27}},"273":{"start":{"line":777,"column":22},"end":{"line":777,"column":24}},"274":{"start":{"line":778,"column":15},"end":{"line":778,"column":27}},"275":{"start":{"line":779,"column":4},"end":{"line":779,"column":25}},"276":{"start":{"line":780,"column":4},"end":{"line":780,"column":27}},"277":{"start":{"line":781,"column":4},"end":{"line":781,"column":29}},"278":{"start":{"line":782,"column":4},"end":{"line":782,"column":32}},"279":{"start":{"line":783,"column":4},"end":{"line":783,"column":31}},"280":{"start":{"line":784,"column":4},"end":{"line":784,"column":38}},"281":{"start":{"line":785,"column":4},"end":{"line":785,"column":31}},"282":{"start":{"line":786,"column":4},"end":{"line":786,"column":52}},"283":{"start":{"line":787,"column":4},"end":{"line":787,"column":53}},"284":{"start":{"line":788,"column":4},"end":{"line":788,"column":41}},"285":{"start":{"line":791,"column":29},"end":{"line":795,"column":4}},"286":{"start":{"line":798,"column":16},"end":{"line":828,"column":3}},"287":{"start":{"line":799,"column":12},"end":{"line":799,"column":23}},"288":{"start":{"line":800,"column":12},"end":{"line":800,"column":24}},"289":{"start":{"line":801,"column":12},"end":{"line":801,"column":24}},"290":{"start":{"line":802,"column":13},"end":{"line":802,"column":30}},"291":{"start":{"line":803,"column":12},"end":{"line":803,"column":29}},"292":{"start":{"line":804,"column":12},"end":{"line":804,"column":29}},"293":{"start":{"line":805,"column":12},"end":{"line":805,"column":33}},"294":{"start":{"line":806,"column":12},"end":{"line":806,"column":39}},"295":{"start":{"line":807,"column":4},"end":{"line":807,"column":16}},"296":{"start":{"line":809,"column":4},"end":{"line":827,"column":5}},"297":{"start":{"line":811,"column":8},"end":{"line":811,"column":25}},"298":{"start":{"line":814,"column":8},"end":{"line":814,"column":25}},"299":{"start":{"line":817,"column":8},"end":{"line":817,"column":25}},"300":{"start":{"line":820,"column":8},"end":{"line":820,"column":25}},"301":{"start":{"line":823,"column":8},"end":{"line":823,"column":25}},"302":{"start":{"line":826,"column":8},"end":{"line":826,"column":25}},"303":{"start":{"line":829,"column":16},"end":{"line":840,"column":3}},"304":{"start":{"line":830,"column":12},"end":{"line":830,"column":18}},"305":{"start":{"line":831,"column":12},"end":{"line":831,"column":24}},"306":{"start":{"line":832,"column":12},"end":{"line":832,"column":24}},"307":{"start":{"line":835,"column":4},"end":{"line":835,"column":20}},"308":{"start":{"line":836,"column":4},"end":{"line":836,"column":15}},"309":{"start":{"line":837,"column":4},"end":{"line":837,"column":29}},"310":{"start":{"line":838,"column":4},"end":{"line":838,"column":11}},"311":{"start":{"line":839,"column":4},"end":{"line":839,"column":34}},"312":{"start":{"line":842,"column":16},"end":{"line":847,"column":3}},"313":{"start":{"line":846,"column":4},"end":{"line":846,"column":69}},"314":{"start":{"line":851,"column":13},"end":{"line":921,"column":3}},"315":{"start":{"line":925,"column":14},"end":{"line":928,"column":3}},"316":{"start":{"line":926,"column":4},"end":{"line":926,"column":52}},"317":{"start":{"line":926,"column":28},"end":{"line":926,"column":52}},"318":{"start":{"line":927,"column":4},"end":{"line":927,"column":17}},"319":{"start":{"line":930,"column":12},"end":{"line":935,"column":3}},"320":{"start":{"line":931,"column":14},"end":{"line":931,"column":33}},"321":{"start":{"line":933,"column":14},"end":{"line":933,"column":26}},"322":{"start":{"line":934,"column":4},"end":{"line":934,"column":43}},"323":{"start":{"line":937,"column":12},"end":{"line":942,"column":3}},"324":{"start":{"line":938,"column":14},"end":{"line":938,"column":33}},"325":{"start":{"line":940,"column":14},"end":{"line":940,"column":26}},"326":{"start":{"line":941,"column":4},"end":{"line":941,"column":140}},"327":{"start":{"line":944,"column":13},"end":{"line":949,"column":3}},"328":{"start":{"line":945,"column":14},"end":{"line":945,"column":33}},"329":{"start":{"line":947,"column":14},"end":{"line":947,"column":26}},"330":{"start":{"line":948,"column":4},"end":{"line":948,"column":175}},"331":{"start":{"line":951,"column":12},"end":{"line":956,"column":3}},"332":{"start":{"line":952,"column":14},"end":{"line":952,"column":33}},"333":{"start":{"line":954,"column":14},"end":{"line":954,"column":26}},"334":{"start":{"line":955,"column":4},"end":{"line":955,"column":107}},"335":{"start":{"line":960,"column":13},"end":{"line":960,"column":14}},"336":{"start":{"line":962,"column":26},"end":{"line":970,"column":3}},"337":{"start":{"line":963,"column":23},"end":{"line":963,"column":40}},"338":{"start":{"line":964,"column":4},"end":{"line":964,"column":33}},"339":{"start":{"line":965,"column":4},"end":{"line":965,"column":25}},"340":{"start":{"line":966,"column":4},"end":{"line":966,"column":14}},"341":{"start":{"line":967,"column":4},"end":{"line":967,"column":57}},"342":{"start":{"line":967,"column":40},"end":{"line":967,"column":57}},"343":{"start":{"line":968,"column":4},"end":{"line":968,"column":48}},"344":{"start":{"line":968,"column":35},"end":{"line":968,"column":48}},"345":{"start":{"line":969,"column":4},"end":{"line":969,"column":55}},"346":{"start":{"line":972,"column":29},"end":{"line":978,"column":4}},"347":{"start":{"line":980,"column":15},"end":{"line":982,"column":3}},"348":{"start":{"line":981,"column":4},"end":{"line":981,"column":137}},"349":{"start":{"line":985,"column":18},"end":{"line":995,"column":3}},"350":{"start":{"line":986,"column":14},"end":{"line":986,"column":36}},"351":{"start":{"line":988,"column":17},"end":{"line":988,"column":19}},"352":{"start":{"line":990,"column":4},"end":{"line":992,"column":5}},"353":{"start":{"line":990,"column":17},"end":{"line":990,"column":18}},"354":{"start":{"line":991,"column":6},"end":{"line":991,"column":30}},"355":{"start":{"line":994,"column":4},"end":{"line":994,"column":28}},"356":{"start":{"line":996,"column":19},"end":{"line":1006,"column":3}},"357":{"start":{"line":997,"column":14},"end":{"line":997,"column":36}},"358":{"start":{"line":999,"column":17},"end":{"line":999,"column":19}},"359":{"start":{"line":1001,"column":4},"end":{"line":1003,"column":5}},"360":{"start":{"line":1001,"column":17},"end":{"line":1001,"column":18}},"361":{"start":{"line":1002,"column":6},"end":{"line":1002,"column":31}},"362":{"start":{"line":1005,"column":4},"end":{"line":1005,"column":27}},"363":{"start":{"line":1008,"column":17},"end":{"line":1018,"column":3}},"364":{"start":{"line":1009,"column":14},"end":{"line":1009,"column":38}},"365":{"start":{"line":1011,"column":17},"end":{"line":1011,"column":19}},"366":{"start":{"line":1013,"column":4},"end":{"line":1015,"column":5}},"367":{"start":{"line":1013,"column":17},"end":{"line":1013,"column":18}},"368":{"start":{"line":1014,"column":6},"end":{"line":1014,"column":26}},"369":{"start":{"line":1017,"column":4},"end":{"line":1017,"column":46}},"370":{"start":{"line":1020,"column":18},"end":{"line":1030,"column":3}},"371":{"start":{"line":1021,"column":14},"end":{"line":1021,"column":38}},"372":{"start":{"line":1023,"column":17},"end":{"line":1023,"column":19}},"373":{"start":{"line":1025,"column":4},"end":{"line":1027,"column":5}},"374":{"start":{"line":1025,"column":17},"end":{"line":1025,"column":18}},"375":{"start":{"line":1026,"column":6},"end":{"line":1026,"column":27}},"376":{"start":{"line":1029,"column":4},"end":{"line":1029,"column":33}},"377":{"start":{"line":1032,"column":13},"end":{"line":1042,"column":3}},"378":{"start":{"line":1033,"column":14},"end":{"line":1033,"column":37}},"379":{"start":{"line":1035,"column":17},"end":{"line":1035,"column":19}},"380":{"start":{"line":1037,"column":4},"end":{"line":1039,"column":5}},"381":{"start":{"line":1037,"column":17},"end":{"line":1037,"column":18}},"382":{"start":{"line":1038,"column":6},"end":{"line":1038,"column":35}},"383":{"start":{"line":1041,"column":4},"end":{"line":1041,"column":18}},"384":{"start":{"line":1044,"column":14},"end":{"line":1092,"column":3}},"385":{"start":{"line":1046,"column":21},"end":{"line":1046,"column":523}},"386":{"start":{"line":1049,"column":4},"end":{"line":1083,"column":5}},"387":{"start":{"line":1052,"column":8},"end":{"line":1052,"column":26}},"388":{"start":{"line":1053,"column":8},"end":{"line":1053,"column":16}},"389":{"start":{"line":1054,"column":8},"end":{"line":1054,"column":14}},"390":{"start":{"line":1058,"column":8},"end":{"line":1064,"column":9}},"391":{"start":{"line":1059,"column":10},"end":{"line":1059,"column":18}},"392":{"start":{"line":1062,"column":10},"end":{"line":1062,"column":21}},"393":{"start":{"line":1063,"column":10},"end":{"line":1063,"column":28}},"394":{"start":{"line":1066,"column":8},"end":{"line":1066,"column":14}},"395":{"start":{"line":1070,"column":8},"end":{"line":1076,"column":9}},"396":{"start":{"line":1071,"column":10},"end":{"line":1071,"column":20}},"397":{"start":{"line":1074,"column":10},"end":{"line":1074,"column":35}},"398":{"start":{"line":1075,"column":10},"end":{"line":1075,"column":28}},"399":{"start":{"line":1078,"column":8},"end":{"line":1078,"column":14}},"400":{"start":{"line":1081,"column":8},"end":{"line":1081,"column":32}},"401":{"start":{"line":1082,"column":8},"end":{"line":1082,"column":14}},"402":{"start":{"line":1085,"column":17},"end":{"line":1085,"column":19}},"403":{"start":{"line":1087,"column":4},"end":{"line":1089,"column":5}},"404":{"start":{"line":1087,"column":17},"end":{"line":1087,"column":18}},"405":{"start":{"line":1088,"column":6},"end":{"line":1088,"column":57}},"406":{"start":{"line":1091,"column":4},"end":{"line":1091,"column":18}},"407":{"start":{"line":1094,"column":14},"end":{"line":1104,"column":3}},"408":{"start":{"line":1095,"column":14},"end":{"line":1095,"column":36}},"409":{"start":{"line":1097,"column":17},"end":{"line":1097,"column":19}},"410":{"start":{"line":1099,"column":4},"end":{"line":1101,"column":5}},"411":{"start":{"line":1099,"column":17},"end":{"line":1099,"column":18}},"412":{"start":{"line":1100,"column":6},"end":{"line":1100,"column":38}},"413":{"start":{"line":1103,"column":4},"end":{"line":1103,"column":28}},"414":{"start":{"line":1106,"column":15},"end":{"line":1116,"column":3}},"415":{"start":{"line":1107,"column":14},"end":{"line":1107,"column":36}},"416":{"start":{"line":1109,"column":17},"end":{"line":1109,"column":19}},"417":{"start":{"line":1111,"column":4},"end":{"line":1113,"column":5}},"418":{"start":{"line":1111,"column":17},"end":{"line":1111,"column":18}},"419":{"start":{"line":1112,"column":6},"end":{"line":1112,"column":27}},"420":{"start":{"line":1115,"column":4},"end":{"line":1115,"column":27}},"421":{"start":{"line":1118,"column":26},"end":{"line":1127,"column":4}},"422":{"start":{"line":1129,"column":14},"end":{"line":1133,"column":3}},"423":{"start":{"line":1130,"column":15},"end":{"line":1130,"column":339}},"424":{"start":{"line":1131,"column":17},"end":{"line":1131,"column":345}},"425":{"start":{"line":1132,"column":4},"end":{"line":1132,"column":37}},"426":{"start":{"line":1135,"column":13},"end":{"line":1138,"column":3}},"427":{"start":{"line":1136,"column":16},"end":{"line":1136,"column":339}},"428":{"start":{"line":1137,"column":4},"end":{"line":1137,"column":23}},"429":{"start":{"line":1140,"column":13},"end":{"line":1142,"column":3}},"430":{"start":{"line":1141,"column":4},"end":{"line":1141,"column":66}},"431":{"start":{"line":1146,"column":15},"end":{"line":1149,"column":3}},"432":{"start":{"line":1147,"column":16},"end":{"line":1147,"column":516}},"433":{"start":{"line":1148,"column":4},"end":{"line":1148,"column":23}},"434":{"start":{"line":1152,"column":14},"end":{"line":1155,"column":3}},"435":{"start":{"line":1153,"column":16},"end":{"line":1153,"column":134}},"436":{"start":{"line":1154,"column":4},"end":{"line":1154,"column":23}},"437":{"start":{"line":1157,"column":14},"end":{"line":1159,"column":3}},"438":{"start":{"line":1158,"column":4},"end":{"line":1158,"column":30}},"439":{"start":{"line":1161,"column":28},"end":{"line":1168,"column":4}},"440":{"start":{"line":1172,"column":12},"end":{"line":1176,"column":3}},"441":{"start":{"line":1173,"column":4},"end":{"line":1175,"column":17}},"442":{"start":{"line":1178,"column":17},"end":{"line":1182,"column":3}},"443":{"start":{"line":1180,"column":20},"end":{"line":1180,"column":135}},"444":{"start":{"line":1181,"column":4},"end":{"line":1181,"column":27}},"445":{"start":{"line":1184,"column":15},"end":{"line":1186,"column":3}},"446":{"start":{"line":1185,"column":4},"end":{"line":1185,"column":42}},"447":{"start":{"line":1191,"column":12},"end":{"line":1198,"column":3}},"448":{"start":{"line":1192,"column":4},"end":{"line":1197,"column":718}},"449":{"start":{"line":1200,"column":14},"end":{"line":1203,"column":3}},"450":{"start":{"line":1201,"column":4},"end":{"line":1201,"column":44}},"451":{"start":{"line":1202,"column":4},"end":{"line":1202,"column":60}},"452":{"start":{"line":1205,"column":11},"end":{"line":1207,"column":3}},"453":{"start":{"line":1206,"column":4},"end":{"line":1206,"column":99}},"454":{"start":{"line":1209,"column":25},"end":{"line":1216,"column":4}},"455":{"start":{"line":1218,"column":13},"end":{"line":5215,"column":3}},"456":{"start":{"line":5217,"column":13},"end":{"line":5257,"column":3}},"457":{"start":{"line":5218,"column":17},"end":{"line":5218,"column":19}},"458":{"start":{"line":5221,"column":4},"end":{"line":5229,"column":5}},"459":{"start":{"line":5221,"column":17},"end":{"line":5221,"column":18}},"460":{"start":{"line":5222,"column":6},"end":{"line":5222,"column":21}},"461":{"start":{"line":5224,"column":6},"end":{"line":5226,"column":7}},"462":{"start":{"line":5225,"column":8},"end":{"line":5225,"column":17}},"463":{"start":{"line":5228,"column":6},"end":{"line":5228,"column":29}},"464":{"start":{"line":5231,"column":17},"end":{"line":5231,"column":19}},"465":{"start":{"line":5233,"column":4},"end":{"line":5254,"column":5}},"466":{"start":{"line":5233,"column":18},"end":{"line":5233,"column":19}},"467":{"start":{"line":5234,"column":6},"end":{"line":5234,"column":22}},"468":{"start":{"line":5235,"column":6},"end":{"line":5235,"column":26}},"469":{"start":{"line":5235,"column":17},"end":{"line":5235,"column":26}},"470":{"start":{"line":5238,"column":6},"end":{"line":5241,"column":7}},"471":{"start":{"line":5239,"column":8},"end":{"line":5239,"column":26}},"472":{"start":{"line":5240,"column":8},"end":{"line":5240,"column":17}},"473":{"start":{"line":5243,"column":21},"end":{"line":5243,"column":62}},"474":{"start":{"line":5245,"column":6},"end":{"line":5247,"column":7}},"475":{"start":{"line":5246,"column":8},"end":{"line":5246,"column":17}},"476":{"start":{"line":5249,"column":6},"end":{"line":5251,"column":7}},"477":{"start":{"line":5250,"column":8},"end":{"line":5250,"column":31}},"478":{"start":{"line":5253,"column":6},"end":{"line":5253,"column":35}},"479":{"start":{"line":5256,"column":4},"end":{"line":5256,"column":18}},"480":{"start":{"line":5259,"column":14},"end":{"line":5259,"column":16}},"481":{"start":{"line":5261,"column":2},"end":{"line":5279,"column":3}},"482":{"start":{"line":5262,"column":14},"end":{"line":5262,"column":20}},"483":{"start":{"line":5264,"column":4},"end":{"line":5272,"column":5}},"484":{"start":{"line":5265,"column":6},"end":{"line":5265,"column":22}},"485":{"start":{"line":5267,"column":6},"end":{"line":5271,"column":7}},"486":{"start":{"line":5268,"column":8},"end":{"line":5268,"column":38}},"487":{"start":{"line":5270,"column":8},"end":{"line":5270,"column":36}},"488":{"start":{"line":5274,"column":4},"end":{"line":5278,"column":7}},"489":{"start":{"line":5281,"column":15},"end":{"line":5281,"column":26}},"490":{"start":{"line":5283,"column":15},"end":{"line":5283,"column":57}},"491":{"start":{"line":5285,"column":15},"end":{"line":5287,"column":3}},"492":{"start":{"line":5286,"column":4},"end":{"line":5286,"column":24}},"493":{"start":{"line":5289,"column":17},"end":{"line":5291,"column":3}},"494":{"start":{"line":5290,"column":4},"end":{"line":5290,"column":29}},"495":{"start":{"line":5293,"column":13},"end":{"line":5297,"column":3}},"496":{"start":{"line":5294,"column":19},"end":{"line":5294,"column":31}},"497":{"start":{"line":5295,"column":15},"end":{"line":5295,"column":38}},"498":{"start":{"line":5296,"column":4},"end":{"line":5296,"column":69}},"499":{"start":{"line":5299,"column":15},"end":{"line":5306,"column":3}},"500":{"start":{"line":5300,"column":19},"end":{"line":5300,"column":31}},"501":{"start":{"line":5301,"column":15},"end":{"line":5301,"column":38}},"502":{"start":{"line":5302,"column":17},"end":{"line":5304,"column":5}},"503":{"start":{"line":5305,"column":4},"end":{"line":5305,"column":84}},"504":{"start":{"line":5308,"column":12},"end":{"line":5316,"column":3}},"505":{"start":{"line":5309,"column":14},"end":{"line":5309,"column":16}},"506":{"start":{"line":5311,"column":4},"end":{"line":5313,"column":5}},"507":{"start":{"line":5311,"column":17},"end":{"line":5311,"column":18}},"508":{"start":{"line":5312,"column":6},"end":{"line":5312,"column":27}},"509":{"start":{"line":5315,"column":4},"end":{"line":5315,"column":15}},"510":{"start":{"line":5318,"column":29},"end":{"line":5324,"column":4}},"511":{"start":{"line":5327,"column":11},"end":{"line":5329,"column":3}},"512":{"start":{"line":5328,"column":4},"end":{"line":5328,"column":25}},"513":{"start":{"line":5330,"column":11},"end":{"line":5332,"column":3}},"514":{"start":{"line":5331,"column":4},"end":{"line":5331,"column":25}},"515":{"start":{"line":5333,"column":11},"end":{"line":5335,"column":3}},"516":{"start":{"line":5334,"column":4},"end":{"line":5334,"column":25}},"517":{"start":{"line":5336,"column":12},"end":{"line":5338,"column":3}},"518":{"start":{"line":5337,"column":4},"end":{"line":5337,"column":26}},"519":{"start":{"line":5339,"column":12},"end":{"line":5341,"column":3}},"520":{"start":{"line":5340,"column":4},"end":{"line":5340,"column":26}},"521":{"start":{"line":5342,"column":13},"end":{"line":5344,"column":3}},"522":{"start":{"line":5343,"column":4},"end":{"line":5343,"column":27}},"523":{"start":{"line":5347,"column":13},"end":{"line":5350,"column":3}},"524":{"start":{"line":5348,"column":15},"end":{"line":5348,"column":39}},"525":{"start":{"line":5349,"column":4},"end":{"line":5349,"column":124}},"526":{"start":{"line":5351,"column":13},"end":{"line":5351,"column":17}},"527":{"start":{"line":5357,"column":13},"end":{"line":5370,"column":3}},"528":{"start":{"line":5359,"column":14},"end":{"line":5359,"column":15}},"529":{"start":{"line":5360,"column":15},"end":{"line":5360,"column":102}},"530":{"start":{"line":5361,"column":15},"end":{"line":5361,"column":70}},"531":{"start":{"line":5362,"column":4},"end":{"line":5362,"column":66}},"532":{"start":{"line":5364,"column":4},"end":{"line":5366,"column":5}},"533":{"start":{"line":5364,"column":17},"end":{"line":5364,"column":18}},"534":{"start":{"line":5365,"column":6},"end":{"line":5365,"column":37}},"535":{"start":{"line":5368,"column":4},"end":{"line":5368,"column":25}},"536":{"start":{"line":5369,"column":4},"end":{"line":5369,"column":14}},"537":{"start":{"line":5373,"column":12},"end":{"line":5373,"column":13}},"538":{"start":{"line":5374,"column":18},"end":{"line":5376,"column":3}},"539":{"start":{"line":5375,"column":4},"end":{"line":5375,"column":36}},"540":{"start":{"line":5377,"column":12},"end":{"line":5377,"column":21}},"541":{"start":{"line":5379,"column":26},"end":{"line":5391,"column":4}},"542":{"start":{"line":5393,"column":17},"end":{"line":5407,"column":3}},"543":{"start":{"line":5394,"column":4},"end":{"line":5404,"column":6}},"544":{"start":{"line":5395,"column":6},"end":{"line":5401,"column":7}},"545":{"start":{"line":5395,"column":22},"end":{"line":5395,"column":23}},"546":{"start":{"line":5395,"column":29},"end":{"line":5395,"column":45}},"547":{"start":{"line":5396,"column":8},"end":{"line":5396,"column":25}},"548":{"start":{"line":5398,"column":8},"end":{"line":5400,"column":9}},"549":{"start":{"line":5399,"column":10},"end":{"line":5399,"column":70}},"550":{"start":{"line":5399,"column":58},"end":{"line":5399,"column":70}},"551":{"start":{"line":5403,"column":6},"end":{"line":5403,"column":15}},"552":{"start":{"line":5406,"column":4},"end":{"line":5406,"column":43}},"553":{"start":{"line":5408,"column":15},"end":{"line":5408,"column":102}},"554":{"start":{"line":5411,"column":14},"end":{"line":5450,"column":3}},"555":{"start":{"line":5412,"column":4},"end":{"line":5412,"column":46}},"556":{"start":{"line":5413,"column":21},"end":{"line":5413,"column":56}},"557":{"start":{"line":5414,"column":16},"end":{"line":5414,"column":85}},"558":{"start":{"line":5415,"column":14},"end":{"line":5415,"column":57}},"559":{"start":{"line":5417,"column":14},"end":{"line":5417,"column":57}},"560":{"start":{"line":5420,"column":16},"end":{"line":5420,"column":97}},"561":{"start":{"line":5421,"column":18},"end":{"line":5421,"column":87}},"562":{"start":{"line":5422,"column":15},"end":{"line":5422,"column":64}},"563":{"start":{"line":5424,"column":15},"end":{"line":5424,"column":64}},"564":{"start":{"line":5427,"column":17},"end":{"line":5427,"column":108}},"565":{"start":{"line":5428,"column":17},"end":{"line":5443,"column":5}},"566":{"start":{"line":5445,"column":4},"end":{"line":5447,"column":5}},"567":{"start":{"line":5446,"column":6},"end":{"line":5446,"column":48}},"568":{"start":{"line":5446,"column":34},"end":{"line":5446,"column":48}},"569":{"start":{"line":5449,"column":4},"end":{"line":5449,"column":14}},"570":{"start":{"line":5490,"column":14},"end":{"line":5490,"column":28}},"571":{"start":{"line":5491,"column":14},"end":{"line":5491,"column":27}},"572":{"start":{"line":5492,"column":15},"end":{"line":5492,"column":28}},"573":{"start":{"line":5493,"column":14},"end":{"line":5493,"column":77}},"574":{"start":{"line":5495,"column":18},"end":{"line":5495,"column":32}},"575":{"start":{"line":5496,"column":14},"end":{"line":5496,"column":45}},"576":{"start":{"line":5497,"column":26},"end":{"line":5512,"column":3}},"577":{"start":{"line":5502,"column":19},"end":{"line":5502,"column":28}},"578":{"start":{"line":5504,"column":6},"end":{"line":5506,"column":7}},"579":{"start":{"line":5504,"column":19},"end":{"line":5504,"column":20}},"580":{"start":{"line":5505,"column":8},"end":{"line":5505,"column":46}},"581":{"start":{"line":5508,"column":6},"end":{"line":5508,"column":20}},"582":{"start":{"line":5515,"column":17},"end":{"line":5515,"column":19}},"583":{"start":{"line":5517,"column":4},"end":{"line":5519,"column":5}},"584":{"start":{"line":5517,"column":17},"end":{"line":5517,"column":21}},"585":{"start":{"line":5518,"column":6},"end":{"line":5518,"column":39}},"586":{"start":{"line":5521,"column":4},"end":{"line":5521,"column":18}},"587":{"start":{"line":5524,"column":16},"end":{"line":5773,"column":3}},"588":{"start":{"line":5527,"column":6},"end":{"line":5529,"column":8}},"589":{"start":{"line":5530,"column":6},"end":{"line":5530,"column":111}},"590":{"start":{"line":5533,"column":6},"end":{"line":5589,"column":7}},"591":{"start":{"line":5536,"column":10},"end":{"line":5536,"column":20}},"592":{"start":{"line":5539,"column":10},"end":{"line":5539,"column":36}},"593":{"start":{"line":5542,"column":10},"end":{"line":5542,"column":20}},"594":{"start":{"line":5546,"column":10},"end":{"line":5546,"column":20}},"595":{"start":{"line":5550,"column":10},"end":{"line":5550,"column":16}},"596":{"start":{"line":5553,"column":10},"end":{"line":5553,"column":47}},"597":{"start":{"line":5556,"column":10},"end":{"line":5556,"column":64}},"598":{"start":{"line":5559,"column":10},"end":{"line":5559,"column":16}},"599":{"start":{"line":5562,"column":10},"end":{"line":5562,"column":40}},"600":{"start":{"line":5565,"column":10},"end":{"line":5565,"column":16}},"601":{"start":{"line":5568,"column":10},"end":{"line":5568,"column":46}},"602":{"start":{"line":5571,"column":10},"end":{"line":5571,"column":65}},"603":{"start":{"line":5574,"column":10},"end":{"line":5574,"column":16}},"604":{"start":{"line":5577,"column":10},"end":{"line":5577,"column":16}},"605":{"start":{"line":5581,"column":10},"end":{"line":5581,"column":65}},"606":{"start":{"line":5585,"column":10},"end":{"line":5585,"column":63}},"607":{"start":{"line":5588,"column":10},"end":{"line":5588,"column":16}},"608":{"start":{"line":5591,"column":6},"end":{"line":5591,"column":36}},"609":{"start":{"line":5606,"column":6},"end":{"line":5606,"column":83}},"610":{"start":{"line":5615,"column":6},"end":{"line":5615,"column":18}},"611":{"start":{"line":5617,"column":6},"end":{"line":5619,"column":7}},"612":{"start":{"line":5617,"column":19},"end":{"line":5617,"column":20}},"613":{"start":{"line":5618,"column":8},"end":{"line":5618,"column":59}},"614":{"start":{"line":5621,"column":6},"end":{"line":5621,"column":20}},"615":{"start":{"line":5626,"column":6},"end":{"line":5626,"column":53}},"616":{"start":{"line":5627,"column":6},"end":{"line":5627,"column":35}},"617":{"start":{"line":5628,"column":6},"end":{"line":5628,"column":20}},"618":{"start":{"line":5633,"column":6},"end":{"line":5633,"column":51}},"619":{"start":{"line":5638,"column":6},"end":{"line":5638,"column":51}},"620":{"start":{"line":5643,"column":6},"end":{"line":5643,"column":16}},"621":{"start":{"line":5666,"column":6},"end":{"line":5666,"column":18}},"622":{"start":{"line":5668,"column":18},"end":{"line":5668,"column":53}},"623":{"start":{"line":5670,"column":6},"end":{"line":5672,"column":7}},"624":{"start":{"line":5670,"column":19},"end":{"line":5670,"column":20}},"625":{"start":{"line":5671,"column":8},"end":{"line":5671,"column":56}},"626":{"start":{"line":5674,"column":6},"end":{"line":5674,"column":20}},"627":{"start":{"line":5685,"column":16},"end":{"line":5685,"column":37}},"628":{"start":{"line":5686,"column":16},"end":{"line":5686,"column":74}},"629":{"start":{"line":5687,"column":6},"end":{"line":5687,"column":38}},"630":{"start":{"line":5691,"column":6},"end":{"line":5693,"column":7}},"631":{"start":{"line":5692,"column":8},"end":{"line":5692,"column":62}},"632":{"start":{"line":5696,"column":20},"end":{"line":5696,"column":42}},"633":{"start":{"line":5697,"column":6},"end":{"line":5697,"column":49}},"634":{"start":{"line":5700,"column":17},"end":{"line":5700,"column":26}},"635":{"start":{"line":5702,"column":6},"end":{"line":5730,"column":7}},"636":{"start":{"line":5702,"column":19},"end":{"line":5702,"column":20}},"637":{"start":{"line":5702,"column":29},"end":{"line":5702,"column":35}},"638":{"start":{"line":5703,"column":8},"end":{"line":5703,"column":28}},"639":{"start":{"line":5705,"column":8},"end":{"line":5729,"column":9}},"640":{"start":{"line":5707,"column":12},"end":{"line":5707,"column":47}},"641":{"start":{"line":5708,"column":12},"end":{"line":5708,"column":18}},"642":{"start":{"line":5711,"column":22},"end":{"line":5711,"column":73}},"643":{"start":{"line":5712,"column":22},"end":{"line":5712,"column":71}},"644":{"start":{"line":5714,"column":12},"end":{"line":5716,"column":13}},"645":{"start":{"line":5714,"column":26},"end":{"line":5714,"column":29}},"646":{"start":{"line":5715,"column":14},"end":{"line":5715,"column":63}},"647":{"start":{"line":5721,"column":29},"end":{"line":5721,"column":57}},"648":{"start":{"line":5723,"column":12},"end":{"line":5727,"column":13}},"649":{"start":{"line":5724,"column":14},"end":{"line":5726,"column":15}},"650":{"start":{"line":5724,"column":29},"end":{"line":5724,"column":30}},"651":{"start":{"line":5725,"column":16},"end":{"line":5725,"column":57}},"652":{"start":{"line":5732,"column":6},"end":{"line":5732,"column":41}},"653":{"start":{"line":5736,"column":16},"end":{"line":5736,"column":67}},"654":{"start":{"line":5737,"column":16},"end":{"line":5737,"column":65}},"655":{"start":{"line":5738,"column":6},"end":{"line":5738,"column":59}},"656":{"start":{"line":5741,"column":6},"end":{"line":5741,"column":50}},"657":{"start":{"line":5745,"column":6},"end":{"line":5745,"column":58}},"658":{"start":{"line":5749,"column":6},"end":{"line":5749,"column":58}},"659":{"start":{"line":5752,"column":6},"end":{"line":5752,"column":57}},"660":{"start":{"line":5756,"column":6},"end":{"line":5756,"column":36}},"661":{"start":{"line":5760,"column":30},"end":{"line":5760,"column":107}},"662":{"start":{"line":5761,"column":38},"end":{"line":5761,"column":198}},"663":{"start":{"line":5762,"column":16},"end":{"line":5762,"column":18}},"664":{"start":{"line":5764,"column":6},"end":{"line":5766,"column":7}},"665":{"start":{"line":5764,"column":19},"end":{"line":5764,"column":20}},"666":{"start":{"line":5765,"column":8},"end":{"line":5765,"column":65}},"667":{"start":{"line":5768,"column":6},"end":{"line":5768,"column":17}},"668":{"start":{"line":5771,"column":6},"end":{"line":5771,"column":51}},"669":{"start":{"line":5778,"column":4},"end":{"line":5778,"column":74}},"670":{"start":{"line":5782,"column":4},"end":{"line":5782,"column":65}},"671":{"start":{"line":5786,"column":4},"end":{"line":5786,"column":61}},"672":{"start":{"line":5790,"column":4},"end":{"line":5790,"column":39}},"673":{"start":{"line":5794,"column":4},"end":{"line":5794,"column":116}},"674":{"start":{"line":5798,"column":4},"end":{"line":5798,"column":71}},"675":{"start":{"line":5802,"column":4},"end":{"line":5802,"column":81}},"676":{"start":{"line":5806,"column":4},"end":{"line":5806,"column":64}},"677":{"start":{"line":5810,"column":4},"end":{"line":5810,"column":60}},"678":{"start":{"line":5814,"column":4},"end":{"line":5814,"column":86}},"679":{"start":{"line":5818,"column":4},"end":{"line":5818,"column":61}},"680":{"start":{"line":5822,"column":4},"end":{"line":5822,"column":57}},"681":{"start":{"line":5826,"column":4},"end":{"line":5826,"column":59}},"682":{"start":{"line":5830,"column":4},"end":{"line":5830,"column":68}},"683":{"start":{"line":5834,"column":4},"end":{"line":5834,"column":71}},"684":{"start":{"line":5837,"column":15},"end":{"line":6473,"column":5}},"685":{"start":{"line":5840,"column":8},"end":{"line":5840,"column":29}},"686":{"start":{"line":5843,"column":6},"end":{"line":5843,"column":55}},"687":{"start":{"line":5850,"column":12},"end":{"line":5850,"column":62}},"688":{"start":{"line":5853,"column":10},"end":{"line":5861,"column":13}},"689":{"start":{"line":5854,"column":12},"end":{"line":5854,"column":33}},"690":{"start":{"line":5856,"column":12},"end":{"line":5856,"column":32}},"691":{"start":{"line":5858,"column":12},"end":{"line":5858,"column":33}},"692":{"start":{"line":5860,"column":12},"end":{"line":5860,"column":32}},"693":{"start":{"line":5866,"column":8},"end":{"line":5877,"column":9}},"694":{"start":{"line":5868,"column":12},"end":{"line":5868,"column":31}},"695":{"start":{"line":5869,"column":12},"end":{"line":5869,"column":18}},"696":{"start":{"line":5872,"column":12},"end":{"line":5872,"column":21}},"697":{"start":{"line":5873,"column":12},"end":{"line":5873,"column":18}},"698":{"start":{"line":5876,"column":12},"end":{"line":5876,"column":69}},"699":{"start":{"line":5879,"column":8},"end":{"line":5879,"column":100}},"700":{"start":{"line":5882,"column":6},"end":{"line":5882,"column":140}},"701":{"start":{"line":5887,"column":8},"end":{"line":5887,"column":35}},"702":{"start":{"line":5891,"column":8},"end":{"line":5891,"column":18}},"703":{"start":{"line":5898,"column":10},"end":{"line":5900,"column":11}},"704":{"start":{"line":5899,"column":12},"end":{"line":5899,"column":215}},"705":{"start":{"line":5903,"column":8},"end":{"line":5907,"column":38}},"706":{"start":{"line":5911,"column":8},"end":{"line":5911,"column":63}},"707":{"start":{"line":5915,"column":16},"end":{"line":5915,"column":17}},"708":{"start":{"line":5917,"column":8},"end":{"line":5919,"column":9}},"709":{"start":{"line":5918,"column":10},"end":{"line":5918,"column":51}},"710":{"start":{"line":5924,"column":8},"end":{"line":5924,"column":365}},"711":{"start":{"line":5929,"column":8},"end":{"line":5937,"column":30}},"712":{"start":{"line":5930,"column":10},"end":{"line":5936,"column":32}},"713":{"start":{"line":5931,"column":12},"end":{"line":5933,"column":13}},"714":{"start":{"line":5932,"column":14},"end":{"line":5932,"column":58}},"715":{"start":{"line":5935,"column":12},"end":{"line":5935,"column":175}},"716":{"start":{"line":5936,"column":17},"end":{"line":5936,"column":32}},"717":{"start":{"line":5937,"column":15},"end":{"line":5937,"column":30}},"718":{"start":{"line":5938,"column":8},"end":{"line":5938,"column":17}},"719":{"start":{"line":5943,"column":8},"end":{"line":5943,"column":76}},"720":{"start":{"line":5948,"column":8},"end":{"line":5948,"column":171}},"721":{"start":{"line":5953,"column":8},"end":{"line":5953,"column":171}},"722":{"start":{"line":5958,"column":8},"end":{"line":5958,"column":171}},"723":{"start":{"line":5963,"column":8},"end":{"line":5963,"column":252}},"724":{"start":{"line":5968,"column":8},"end":{"line":5968,"column":151}},"725":{"start":{"line":5973,"column":8},"end":{"line":5973,"column":497}},"726":{"start":{"line":5978,"column":8},"end":{"line":5978,"column":344}},"727":{"start":{"line":5983,"column":8},"end":{"line":5983,"column":343}},"728":{"start":{"line":5988,"column":8},"end":{"line":5988,"column":171}},"729":{"start":{"line":5993,"column":8},"end":{"line":5993,"column":171}},"730":{"start":{"line":5998,"column":8},"end":{"line":5998,"column":171}},"731":{"start":{"line":6003,"column":8},"end":{"line":6003,"column":91}},"732":{"start":{"line":6008,"column":8},"end":{"line":6010,"column":22}},"733":{"start":{"line":6008,"column":122},"end":{"line":6010,"column":9}},"734":{"start":{"line":6009,"column":10},"end":{"line":6009,"column":102}},"735":{"start":{"line":6010,"column":15},"end":{"line":6010,"column":22}},"736":{"start":{"line":6011,"column":8},"end":{"line":6011,"column":90}},"737":{"start":{"line":6016,"column":8},"end":{"line":6016,"column":416}},"738":{"start":{"line":6021,"column":8},"end":{"line":6021,"column":107}},"739":{"start":{"line":6026,"column":8},"end":{"line":6026,"column":235}},"740":{"start":{"line":6031,"column":8},"end":{"line":6031,"column":235}},"741":{"start":{"line":6036,"column":8},"end":{"line":6036,"column":235}},"742":{"start":{"line":6041,"column":8},"end":{"line":6049,"column":30}},"743":{"start":{"line":6042,"column":10},"end":{"line":6048,"column":32}},"744":{"start":{"line":6043,"column":12},"end":{"line":6045,"column":13}},"745":{"start":{"line":6044,"column":14},"end":{"line":6044,"column":58}},"746":{"start":{"line":6047,"column":12},"end":{"line":6047,"column":213}},"747":{"start":{"line":6048,"column":17},"end":{"line":6048,"column":32}},"748":{"start":{"line":6049,"column":15},"end":{"line":6049,"column":30}},"749":{"start":{"line":6050,"column":8},"end":{"line":6050,"column":68}},"750":{"start":{"line":6055,"column":8},"end":{"line":6055,"column":336}},"751":{"start":{"line":6060,"column":8},"end":{"line":6060,"column":98}},"752":{"start":{"line":6065,"column":8},"end":{"line":6065,"column":180}},"753":{"start":{"line":6070,"column":8},"end":{"line":6070,"column":455}},"754":{"start":{"line":6075,"column":8},"end":{"line":6075,"column":76}},"755":{"start":{"line":6080,"column":8},"end":{"line":6080,"column":171}},"756":{"start":{"line":6085,"column":8},"end":{"line":6085,"column":237}},"757":{"start":{"line":6090,"column":8},"end":{"line":6090,"column":505}},"758":{"start":{"line":6095,"column":8},"end":{"line":6095,"column":173}},"759":{"start":{"line":6100,"column":8},"end":{"line":6100,"column":173}},"760":{"start":{"line":6105,"column":8},"end":{"line":6105,"column":173}},"761":{"start":{"line":6110,"column":8},"end":{"line":6110,"column":173}},"762":{"start":{"line":6115,"column":8},"end":{"line":6115,"column":173}},"763":{"start":{"line":6120,"column":8},"end":{"line":6120,"column":173}},"764":{"start":{"line":6125,"column":8},"end":{"line":6125,"column":173}},"765":{"start":{"line":6130,"column":8},"end":{"line":6130,"column":173}},"766":{"start":{"line":6135,"column":8},"end":{"line":6135,"column":173}},"767":{"start":{"line":6140,"column":8},"end":{"line":6140,"column":173}},"768":{"start":{"line":6145,"column":8},"end":{"line":6145,"column":173}},"769":{"start":{"line":6150,"column":8},"end":{"line":6150,"column":173}},"770":{"start":{"line":6155,"column":8},"end":{"line":6155,"column":173}},"771":{"start":{"line":6160,"column":8},"end":{"line":6160,"column":173}},"772":{"start":{"line":6165,"column":8},"end":{"line":6165,"column":300}},"773":{"start":{"line":6170,"column":8},"end":{"line":6170,"column":306}},"774":{"start":{"line":6176,"column":8},"end":{"line":6181,"column":30}},"775":{"start":{"line":6177,"column":10},"end":{"line":6179,"column":24}},"776":{"start":{"line":6177,"column":116},"end":{"line":6179,"column":11}},"777":{"start":{"line":6178,"column":12},"end":{"line":6178,"column":104}},"778":{"start":{"line":6179,"column":17},"end":{"line":6179,"column":24}},"779":{"start":{"line":6180,"column":10},"end":{"line":6180,"column":100}},"780":{"start":{"line":6181,"column":15},"end":{"line":6181,"column":30}},"781":{"start":{"line":6183,"column":8},"end":{"line":6183,"column":17}},"782":{"start":{"line":6189,"column":8},"end":{"line":6194,"column":30}},"783":{"start":{"line":6190,"column":10},"end":{"line":6192,"column":24}},"784":{"start":{"line":6190,"column":116},"end":{"line":6192,"column":11}},"785":{"start":{"line":6191,"column":12},"end":{"line":6191,"column":104}},"786":{"start":{"line":6192,"column":17},"end":{"line":6192,"column":24}},"787":{"start":{"line":6193,"column":10},"end":{"line":6193,"column":100}},"788":{"start":{"line":6194,"column":15},"end":{"line":6194,"column":30}},"789":{"start":{"line":6196,"column":8},"end":{"line":6196,"column":17}},"790":{"start":{"line":6202,"column":8},"end":{"line":6207,"column":30}},"791":{"start":{"line":6203,"column":10},"end":{"line":6205,"column":24}},"792":{"start":{"line":6203,"column":116},"end":{"line":6205,"column":11}},"793":{"start":{"line":6204,"column":12},"end":{"line":6204,"column":104}},"794":{"start":{"line":6205,"column":17},"end":{"line":6205,"column":24}},"795":{"start":{"line":6206,"column":10},"end":{"line":6206,"column":100}},"796":{"start":{"line":6207,"column":15},"end":{"line":6207,"column":30}},"797":{"start":{"line":6209,"column":8},"end":{"line":6209,"column":17}},"798":{"start":{"line":6214,"column":8},"end":{"line":6214,"column":173}},"799":{"start":{"line":6219,"column":8},"end":{"line":6219,"column":298}},"800":{"start":{"line":6223,"column":15},"end":{"line":6223,"column":55}},"801":{"start":{"line":6224,"column":15},"end":{"line":6226,"column":7}},"802":{"start":{"line":6227,"column":15},"end":{"line":6227,"column":16}},"803":{"start":{"line":6228,"column":15},"end":{"line":6228,"column":19}},"804":{"start":{"line":6229,"column":15},"end":{"line":6229,"column":17}},"805":{"start":{"line":6230,"column":15},"end":{"line":6230,"column":18}},"806":{"start":{"line":6231,"column":15},"end":{"line":6231,"column":20}},"807":{"start":{"line":6232,"column":15},"end":{"line":6234,"column":7}},"808":{"start":{"line":6233,"column":8},"end":{"line":6233,"column":46}},"809":{"start":{"line":6235,"column":15},"end":{"line":6237,"column":7}},"810":{"start":{"line":6236,"column":8},"end":{"line":6236,"column":52}},"811":{"start":{"line":6238,"column":15},"end":{"line":6238,"column":18}},"812":{"start":{"line":6239,"column":15},"end":{"line":6239,"column":20}},"813":{"start":{"line":6240,"column":15},"end":{"line":6242,"column":7}},"814":{"start":{"line":6241,"column":8},"end":{"line":6241,"column":34}},"815":{"start":{"line":6243,"column":15},"end":{"line":6243,"column":18}},"816":{"start":{"line":6244,"column":15},"end":{"line":6244,"column":20}},"817":{"start":{"line":6245,"column":15},"end":{"line":6247,"column":7}},"818":{"start":{"line":6246,"column":8},"end":{"line":6246,"column":32}},"819":{"start":{"line":6248,"column":15},"end":{"line":6250,"column":7}},"820":{"start":{"line":6249,"column":8},"end":{"line":6249,"column":36}},"821":{"start":{"line":6251,"column":15},"end":{"line":6251,"column":27}},"822":{"start":{"line":6252,"column":15},"end":{"line":6254,"column":7}},"823":{"start":{"line":6253,"column":8},"end":{"line":6253,"column":39}},"824":{"start":{"line":6255,"column":15},"end":{"line":6255,"column":18}},"825":{"start":{"line":6256,"column":15},"end":{"line":6256,"column":20}},"826":{"start":{"line":6257,"column":15},"end":{"line":6257,"column":18}},"827":{"start":{"line":6258,"column":15},"end":{"line":6258,"column":20}},"828":{"start":{"line":6259,"column":15},"end":{"line":6259,"column":18}},"829":{"start":{"line":6260,"column":15},"end":{"line":6260,"column":20}},"830":{"start":{"line":6261,"column":15},"end":{"line":6263,"column":7}},"831":{"start":{"line":6262,"column":8},"end":{"line":6262,"column":36}},"832":{"start":{"line":6264,"column":15},"end":{"line":6264,"column":19}},"833":{"start":{"line":6265,"column":15},"end":{"line":6265,"column":21}},"834":{"start":{"line":6266,"column":15},"end":{"line":6268,"column":7}},"835":{"start":{"line":6267,"column":8},"end":{"line":6267,"column":40}},"836":{"start":{"line":6269,"column":15},"end":{"line":6271,"column":7}},"837":{"start":{"line":6270,"column":8},"end":{"line":6270,"column":36}},"838":{"start":{"line":6272,"column":15},"end":{"line":6272,"column":18}},"839":{"start":{"line":6273,"column":15},"end":{"line":6273,"column":20}},"840":{"start":{"line":6274,"column":15},"end":{"line":6276,"column":7}},"841":{"start":{"line":6275,"column":8},"end":{"line":6275,"column":40}},"842":{"start":{"line":6277,"column":15},"end":{"line":6277,"column":18}},"843":{"start":{"line":6278,"column":15},"end":{"line":6278,"column":20}},"844":{"start":{"line":6279,"column":15},"end":{"line":6281,"column":7}},"845":{"start":{"line":6280,"column":8},"end":{"line":6280,"column":40}},"846":{"start":{"line":6282,"column":15},"end":{"line":6282,"column":18}},"847":{"start":{"line":6283,"column":15},"end":{"line":6283,"column":20}},"848":{"start":{"line":6284,"column":15},"end":{"line":6286,"column":7}},"849":{"start":{"line":6285,"column":8},"end":{"line":6285,"column":36}},"850":{"start":{"line":6287,"column":15},"end":{"line":6287,"column":23}},"851":{"start":{"line":6288,"column":15},"end":{"line":6288,"column":22}},"852":{"start":{"line":6289,"column":15},"end":{"line":6291,"column":7}},"853":{"start":{"line":6290,"column":8},"end":{"line":6290,"column":27}},"854":{"start":{"line":6292,"column":15},"end":{"line":6292,"column":18}},"855":{"start":{"line":6293,"column":15},"end":{"line":6293,"column":20}},"856":{"start":{"line":6294,"column":15},"end":{"line":6294,"column":18}},"857":{"start":{"line":6295,"column":15},"end":{"line":6295,"column":20}},"858":{"start":{"line":6296,"column":15},"end":{"line":6298,"column":7}},"859":{"start":{"line":6297,"column":8},"end":{"line":6297,"column":17}},"860":{"start":{"line":6299,"column":15},"end":{"line":6301,"column":7}},"861":{"start":{"line":6300,"column":8},"end":{"line":6300,"column":35}},"862":{"start":{"line":6302,"column":15},"end":{"line":6302,"column":19}},"863":{"start":{"line":6303,"column":15},"end":{"line":6303,"column":21}},"864":{"start":{"line":6304,"column":15},"end":{"line":6306,"column":7}},"865":{"start":{"line":6305,"column":8},"end":{"line":6305,"column":49}},"866":{"start":{"line":6307,"column":15},"end":{"line":6307,"column":19}},"867":{"start":{"line":6308,"column":15},"end":{"line":6308,"column":21}},"868":{"start":{"line":6309,"column":15},"end":{"line":6311,"column":7}},"869":{"start":{"line":6310,"column":8},"end":{"line":6310,"column":50}},"870":{"start":{"line":6312,"column":15},"end":{"line":6312,"column":19}},"871":{"start":{"line":6313,"column":15},"end":{"line":6313,"column":21}},"872":{"start":{"line":6314,"column":15},"end":{"line":6316,"column":7}},"873":{"start":{"line":6315,"column":8},"end":{"line":6315,"column":50}},"874":{"start":{"line":6317,"column":15},"end":{"line":6317,"column":29}},"875":{"start":{"line":6318,"column":15},"end":{"line":6318,"column":18}},"876":{"start":{"line":6319,"column":15},"end":{"line":6319,"column":20}},"877":{"start":{"line":6320,"column":15},"end":{"line":6320,"column":18}},"878":{"start":{"line":6321,"column":15},"end":{"line":6321,"column":20}},"879":{"start":{"line":6322,"column":15},"end":{"line":6324,"column":7}},"880":{"start":{"line":6323,"column":8},"end":{"line":6323,"column":35}},"881":{"start":{"line":6325,"column":15},"end":{"line":6325,"column":31}},"882":{"start":{"line":6326,"column":15},"end":{"line":6326,"column":18}},"883":{"start":{"line":6327,"column":15},"end":{"line":6327,"column":20}},"884":{"start":{"line":6328,"column":15},"end":{"line":6330,"column":7}},"885":{"start":{"line":6329,"column":8},"end":{"line":6329,"column":40}},"886":{"start":{"line":6331,"column":15},"end":{"line":6331,"column":26}},"887":{"start":{"line":6332,"column":15},"end":{"line":6332,"column":25}},"888":{"start":{"line":6333,"column":15},"end":{"line":6333,"column":27}},"889":{"start":{"line":6334,"column":15},"end":{"line":6336,"column":7}},"890":{"start":{"line":6335,"column":8},"end":{"line":6335,"column":30}},"891":{"start":{"line":6337,"column":15},"end":{"line":6337,"column":18}},"892":{"start":{"line":6338,"column":15},"end":{"line":6338,"column":20}},"893":{"start":{"line":6339,"column":15},"end":{"line":6341,"column":7}},"894":{"start":{"line":6340,"column":8},"end":{"line":6340,"column":42}},"895":{"start":{"line":6342,"column":15},"end":{"line":6342,"column":24}},"896":{"start":{"line":6343,"column":15},"end":{"line":6343,"column":36}},"897":{"start":{"line":6344,"column":15},"end":{"line":6344,"column":39}},"898":{"start":{"line":6345,"column":15},"end":{"line":6345,"column":20}},"899":{"start":{"line":6346,"column":15},"end":{"line":6346,"column":24}},"900":{"start":{"line":6347,"column":15},"end":{"line":6349,"column":7}},"901":{"start":{"line":6348,"column":8},"end":{"line":6348,"column":38}},"902":{"start":{"line":6350,"column":15},"end":{"line":6352,"column":7}},"903":{"start":{"line":6351,"column":8},"end":{"line":6351,"column":42}},"904":{"start":{"line":6353,"column":15},"end":{"line":6353,"column":20}},"905":{"start":{"line":6354,"column":15},"end":{"line":6354,"column":24}},"906":{"start":{"line":6355,"column":15},"end":{"line":6357,"column":7}},"907":{"start":{"line":6356,"column":8},"end":{"line":6356,"column":46}},"908":{"start":{"line":6358,"column":15},"end":{"line":6358,"column":20}},"909":{"start":{"line":6359,"column":15},"end":{"line":6359,"column":24}},"910":{"start":{"line":6360,"column":15},"end":{"line":6362,"column":7}},"911":{"start":{"line":6361,"column":8},"end":{"line":6361,"column":34}},"912":{"start":{"line":6363,"column":15},"end":{"line":6363,"column":20}},"913":{"start":{"line":6364,"column":15},"end":{"line":6364,"column":24}},"914":{"start":{"line":6365,"column":15},"end":{"line":6367,"column":7}},"915":{"start":{"line":6366,"column":8},"end":{"line":6366,"column":38}},"916":{"start":{"line":6368,"column":15},"end":{"line":6368,"column":20}},"917":{"start":{"line":6369,"column":15},"end":{"line":6369,"column":24}},"918":{"start":{"line":6370,"column":15},"end":{"line":6372,"column":7}},"919":{"start":{"line":6371,"column":8},"end":{"line":6371,"column":38}},"920":{"start":{"line":6373,"column":15},"end":{"line":6373,"column":20}},"921":{"start":{"line":6374,"column":15},"end":{"line":6374,"column":24}},"922":{"start":{"line":6375,"column":15},"end":{"line":6377,"column":7}},"923":{"start":{"line":6376,"column":8},"end":{"line":6376,"column":38}},"924":{"start":{"line":6378,"column":15},"end":{"line":6378,"column":20}},"925":{"start":{"line":6379,"column":15},"end":{"line":6379,"column":24}},"926":{"start":{"line":6380,"column":15},"end":{"line":6382,"column":7}},"927":{"start":{"line":6381,"column":8},"end":{"line":6381,"column":44}},"928":{"start":{"line":6383,"column":15},"end":{"line":6383,"column":20}},"929":{"start":{"line":6384,"column":15},"end":{"line":6384,"column":24}},"930":{"start":{"line":6385,"column":15},"end":{"line":6387,"column":7}},"931":{"start":{"line":6386,"column":8},"end":{"line":6386,"column":40}},"932":{"start":{"line":6388,"column":15},"end":{"line":6388,"column":20}},"933":{"start":{"line":6389,"column":15},"end":{"line":6389,"column":24}},"934":{"start":{"line":6390,"column":15},"end":{"line":6392,"column":7}},"935":{"start":{"line":6391,"column":8},"end":{"line":6391,"column":44}},"936":{"start":{"line":6393,"column":15},"end":{"line":6393,"column":20}},"937":{"start":{"line":6394,"column":15},"end":{"line":6394,"column":24}},"938":{"start":{"line":6395,"column":15},"end":{"line":6397,"column":7}},"939":{"start":{"line":6396,"column":8},"end":{"line":6396,"column":32}},"940":{"start":{"line":6398,"column":15},"end":{"line":6398,"column":20}},"941":{"start":{"line":6399,"column":15},"end":{"line":6399,"column":24}},"942":{"start":{"line":6400,"column":15},"end":{"line":6402,"column":7}},"943":{"start":{"line":6401,"column":8},"end":{"line":6401,"column":41}},"944":{"start":{"line":6403,"column":15},"end":{"line":6403,"column":20}},"945":{"start":{"line":6404,"column":15},"end":{"line":6404,"column":24}},"946":{"start":{"line":6405,"column":15},"end":{"line":6407,"column":7}},"947":{"start":{"line":6406,"column":8},"end":{"line":6406,"column":33}},"948":{"start":{"line":6408,"column":15},"end":{"line":6408,"column":20}},"949":{"start":{"line":6409,"column":15},"end":{"line":6409,"column":24}},"950":{"start":{"line":6410,"column":15},"end":{"line":6412,"column":7}},"951":{"start":{"line":6411,"column":8},"end":{"line":6411,"column":37}},"952":{"start":{"line":6413,"column":15},"end":{"line":6413,"column":20}},"953":{"start":{"line":6414,"column":15},"end":{"line":6414,"column":24}},"954":{"start":{"line":6415,"column":15},"end":{"line":6415,"column":30}},"955":{"start":{"line":6416,"column":15},"end":{"line":6418,"column":7}},"956":{"start":{"line":6417,"column":8},"end":{"line":6417,"column":39}},"957":{"start":{"line":6419,"column":15},"end":{"line":6419,"column":19}},"958":{"start":{"line":6420,"column":15},"end":{"line":6420,"column":23}},"959":{"start":{"line":6421,"column":15},"end":{"line":6421,"column":23}},"960":{"start":{"line":6422,"column":15},"end":{"line":6422,"column":22}},"961":{"start":{"line":6423,"column":15},"end":{"line":6425,"column":7}},"962":{"start":{"line":6424,"column":8},"end":{"line":6424,"column":36}},"963":{"start":{"line":6426,"column":15},"end":{"line":6426,"column":20}},"964":{"start":{"line":6427,"column":15},"end":{"line":6427,"column":24}},"965":{"start":{"line":6428,"column":15},"end":{"line":6428,"column":23}},"966":{"start":{"line":6429,"column":15},"end":{"line":6429,"column":22}},"967":{"start":{"line":6430,"column":15},"end":{"line":6432,"column":7}},"968":{"start":{"line":6431,"column":8},"end":{"line":6431,"column":37}},"969":{"start":{"line":6433,"column":15},"end":{"line":6433,"column":20}},"970":{"start":{"line":6434,"column":15},"end":{"line":6434,"column":24}},"971":{"start":{"line":6435,"column":15},"end":{"line":6435,"column":29}},"972":{"start":{"line":6436,"column":15},"end":{"line":6436,"column":28}},"973":{"start":{"line":6437,"column":15},"end":{"line":6439,"column":7}},"974":{"start":{"line":6438,"column":8},"end":{"line":6438,"column":35}},"975":{"start":{"line":6440,"column":15},"end":{"line":6440,"column":20}},"976":{"start":{"line":6441,"column":15},"end":{"line":6441,"column":26}},"977":{"start":{"line":6442,"column":15},"end":{"line":6444,"column":7}},"978":{"start":{"line":6443,"column":8},"end":{"line":6443,"column":39}},"979":{"start":{"line":6445,"column":15},"end":{"line":6447,"column":7}},"980":{"start":{"line":6446,"column":8},"end":{"line":6446,"column":43}},"981":{"start":{"line":6448,"column":15},"end":{"line":6448,"column":16}},"982":{"start":{"line":6449,"column":15},"end":{"line":6449,"column":16}},"983":{"start":{"line":6450,"column":15},"end":{"line":6450,"column":16}},"984":{"start":{"line":6451,"column":15},"end":{"line":6455,"column":7}},"985":{"start":{"line":6456,"column":15},"end":{"line":6456,"column":16}},"986":{"start":{"line":6457,"column":15},"end":{"line":6457,"column":17}},"987":{"start":{"line":6458,"column":15},"end":{"line":6458,"column":16}},"988":{"start":{"line":6460,"column":6},"end":{"line":6463,"column":7}},"989":{"start":{"line":6461,"column":8},"end":{"line":6461,"column":109}},"990":{"start":{"line":6461,"column":35},"end":{"line":6461,"column":109}},"991":{"start":{"line":6462,"column":8},"end":{"line":6462,"column":30}},"992":{"start":{"line":6465,"column":6},"end":{"line":6465,"column":97}},"993":{"start":{"line":6465,"column":87},"end":{"line":6465,"column":97}},"994":{"start":{"line":6466,"column":6},"end":{"line":6466,"column":119}},"995":{"start":{"line":6469,"column":4},"end":{"line":6472,"column":6}},"996":{"start":{"line":6474,"column":14},"end":{"line":6474,"column":15}},"997":{"start":{"line":6475,"column":12},"end":{"line":6475,"column":14}},"998":{"start":{"line":6477,"column":11},"end":{"line":6480,"column":3}},"999":{"start":{"line":6482,"column":18},"end":{"line":6958,"column":3}},"1000":{"start":{"line":6495,"column":6},"end":{"line":6495,"column":48}},"1001":{"start":{"line":6496,"column":6},"end":{"line":6496,"column":30}},"1002":{"start":{"line":6497,"column":6},"end":{"line":6505,"column":8}},"1003":{"start":{"line":6507,"column":17},"end":{"line":6507,"column":28}},"1004":{"start":{"line":6508,"column":19},"end":{"line":6508,"column":33}},"1005":{"start":{"line":6511,"column":6},"end":{"line":6524,"column":7}},"1006":{"start":{"line":6512,"column":8},"end":{"line":6521,"column":11}},"1007":{"start":{"line":6522,"column":8},"end":{"line":6522,"column":47}},"1008":{"start":{"line":6522,"column":27},"end":{"line":6522,"column":47}},"1009":{"start":{"line":6523,"column":8},"end":{"line":6523,"column":20}},"1010":{"start":{"line":6526,"column":6},"end":{"line":6526,"column":22}},"1011":{"start":{"line":6529,"column":19},"end":{"line":6529,"column":21}},"1012":{"start":{"line":6535,"column":6},"end":{"line":6535,"column":55}},"1013":{"start":{"line":6535,"column":41},"end":{"line":6535,"column":55}},"1014":{"start":{"line":6537,"column":6},"end":{"line":6606,"column":7}},"1015":{"start":{"line":6538,"column":8},"end":{"line":6551,"column":9}},"1016":{"start":{"line":6539,"column":10},"end":{"line":6539,"column":39}},"1017":{"start":{"line":6540,"column":10},"end":{"line":6540,"column":47}},"1018":{"start":{"line":6541,"column":10},"end":{"line":6548,"column":14}},"1019":{"start":{"line":6549,"column":10},"end":{"line":6549,"column":37}},"1020":{"start":{"line":6550,"column":10},"end":{"line":6550,"column":45}},"1021":{"start":{"line":6554,"column":8},"end":{"line":6605,"column":9}},"1022":{"start":{"line":6556,"column":10},"end":{"line":6556,"column":50}},"1023":{"start":{"line":6557,"column":10},"end":{"line":6557,"column":58}},"1024":{"start":{"line":6558,"column":10},"end":{"line":6565,"column":14}},"1025":{"start":{"line":6566,"column":10},"end":{"line":6566,"column":37}},"1026":{"start":{"line":6567,"column":10},"end":{"line":6567,"column":45}},"1027":{"start":{"line":6570,"column":10},"end":{"line":6604,"column":11}},"1028":{"start":{"line":6571,"column":12},"end":{"line":6571,"column":81}},"1029":{"start":{"line":6572,"column":12},"end":{"line":6572,"column":52}},"1030":{"start":{"line":6573,"column":12},"end":{"line":6573,"column":60}},"1031":{"start":{"line":6574,"column":12},"end":{"line":6581,"column":73}},"1032":{"start":{"line":6582,"column":12},"end":{"line":6582,"column":74}},"1033":{"start":{"line":6583,"column":12},"end":{"line":6583,"column":39}},"1034":{"start":{"line":6584,"column":12},"end":{"line":6584,"column":47}},"1035":{"start":{"line":6587,"column":12},"end":{"line":6603,"column":13}},"1036":{"start":{"line":6589,"column":14},"end":{"line":6602,"column":15}},"1037":{"start":{"line":6590,"column":16},"end":{"line":6590,"column":57}},"1038":{"start":{"line":6591,"column":16},"end":{"line":6591,"column":54}},"1039":{"start":{"line":6592,"column":16},"end":{"line":6599,"column":20}},"1040":{"start":{"line":6600,"column":16},"end":{"line":6600,"column":43}},"1041":{"start":{"line":6601,"column":16},"end":{"line":6601,"column":51}},"1042":{"start":{"line":6608,"column":6},"end":{"line":6608,"column":20}},"1043":{"start":{"line":6611,"column":19},"end":{"line":6611,"column":21}},"1044":{"start":{"line":6619,"column":6},"end":{"line":6682,"column":7}},"1045":{"start":{"line":6620,"column":8},"end":{"line":6620,"column":40}},"1046":{"start":{"line":6621,"column":8},"end":{"line":6621,"column":40}},"1047":{"start":{"line":6622,"column":8},"end":{"line":6622,"column":53}},"1048":{"start":{"line":6624,"column":8},"end":{"line":6639,"column":9}},"1049":{"start":{"line":6625,"column":10},"end":{"line":6625,"column":26}},"1050":{"start":{"line":6626,"column":10},"end":{"line":6626,"column":57}},"1051":{"start":{"line":6627,"column":10},"end":{"line":6627,"column":47}},"1052":{"start":{"line":6628,"column":10},"end":{"line":6628,"column":49}},"1053":{"start":{"line":6629,"column":10},"end":{"line":6636,"column":13}},"1054":{"start":{"line":6637,"column":10},"end":{"line":6637,"column":37}},"1055":{"start":{"line":6638,"column":10},"end":{"line":6638,"column":45}},"1056":{"start":{"line":6642,"column":8},"end":{"line":6642,"column":20}},"1057":{"start":{"line":6643,"column":8},"end":{"line":6643,"column":20}},"1058":{"start":{"line":6645,"column":8},"end":{"line":6648,"column":9}},"1059":{"start":{"line":6646,"column":23},"end":{"line":6646,"column":84}},"1060":{"start":{"line":6647,"column":10},"end":{"line":6647,"column":27}},"1061":{"start":{"line":6650,"column":8},"end":{"line":6650,"column":39}},"1062":{"start":{"line":6660,"column":8},"end":{"line":6681,"column":9}},"1063":{"start":{"line":6661,"column":10},"end":{"line":6661,"column":26}},"1064":{"start":{"line":6662,"column":10},"end":{"line":6662,"column":57}},"1065":{"start":{"line":6663,"column":10},"end":{"line":6663,"column":47}},"1066":{"start":{"line":6664,"column":10},"end":{"line":6664,"column":49}},"1067":{"start":{"line":6665,"column":10},"end":{"line":6672,"column":13}},"1068":{"start":{"line":6673,"column":10},"end":{"line":6673,"column":37}},"1069":{"start":{"line":6674,"column":10},"end":{"line":6674,"column":45}},"1070":{"start":{"line":6676,"column":10},"end":{"line":6676,"column":43}},"1071":{"start":{"line":6678,"column":10},"end":{"line":6680,"column":11}},"1072":{"start":{"line":6679,"column":12},"end":{"line":6679,"column":58}},"1073":{"start":{"line":6684,"column":6},"end":{"line":6684,"column":20}},"1074":{"start":{"line":6689,"column":6},"end":{"line":6710,"column":7}},"1075":{"start":{"line":6691,"column":8},"end":{"line":6691,"column":31}},"1076":{"start":{"line":6692,"column":8},"end":{"line":6692,"column":44}},"1077":{"start":{"line":6697,"column":8},"end":{"line":6697,"column":70}},"1078":{"start":{"line":6698,"column":8},"end":{"line":6698,"column":66}},"1079":{"start":{"line":6700,"column":8},"end":{"line":6703,"column":9}},"1080":{"start":{"line":6701,"column":10},"end":{"line":6702,"column":113}},"1081":{"start":{"line":6705,"column":8},"end":{"line":6705,"column":45}},"1082":{"start":{"line":6709,"column":8},"end":{"line":6709,"column":107}},"1083":{"start":{"line":6712,"column":6},"end":{"line":6712,"column":20}},"1084":{"start":{"line":6718,"column":6},"end":{"line":6718,"column":126}},"1085":{"start":{"line":6719,"column":6},"end":{"line":6719,"column":20}},"1086":{"start":{"line":6722,"column":19},"end":{"line":6722,"column":21}},"1087":{"start":{"line":6728,"column":6},"end":{"line":6777,"column":7}},"1088":{"start":{"line":6732,"column":8},"end":{"line":6734,"column":9}},"1089":{"start":{"line":6733,"column":10},"end":{"line":6733,"column":37}},"1090":{"start":{"line":6737,"column":8},"end":{"line":6739,"column":9}},"1091":{"start":{"line":6738,"column":10},"end":{"line":6738,"column":37}},"1092":{"start":{"line":6742,"column":8},"end":{"line":6742,"column":67}},"1093":{"start":{"line":6744,"column":8},"end":{"line":6772,"column":9}},"1094":{"start":{"line":6745,"column":10},"end":{"line":6745,"column":31}},"1095":{"start":{"line":6747,"column":10},"end":{"line":6750,"column":11}},"1096":{"start":{"line":6748,"column":12},"end":{"line":6748,"column":40}},"1097":{"start":{"line":6749,"column":12},"end":{"line":6749,"column":21}},"1098":{"start":{"line":6752,"column":10},"end":{"line":6752,"column":124}},"1099":{"start":{"line"
[...]
87":0,"688":0,"689":0,"690":0,"691":0,"692":0,"693":0,"694":0,"695":0,"696":0,"697":0,"698":0,"699":0,"700":0,"701":597,"702":597,"703":0,"704":0,"705":0,"706":8959,"707":0,"708":0,"709":0,"710":102,"711":102,"712":102,"713":102,"714":161,"715":102,"716":0,"717":0,"718":102,"719":500,"720":102,"721":102,"722":263,"723":263,"724":263,"725":263,"726":249,"727":247,"728":245,"729":242,"730":240,"731":26,"732":40,"733":38,"734":50,"735":2,"736":40,"737":500,"738":22,"739":28,"740":32,"741":30,"742":468,"743":52,"744":52,"745":57,"746":52,"747":0,"748":416,"749":468,"750":109,"751":218,"752":168,"753":218,"754":416,"755":416,"756":298,"757":406,"758":218,"759":406,"760":404,"761":618,"762":586,"763":570,"764":570,"765":570,"766":570,"767":554,"768":538,"769":538,"770":538,"771":520,"772":620,"773":334,"774":474,"775":2,"776":2,"777":4,"778":0,"779":2,"780":472,"781":474,"782":472,"783":2,"784":2,"785":4,"786":0,"787":2,"788":470,"789":472,"790":470,"791":4,"792":4,"793":16,"794":0,"795":4,"796":466,"797":470,"798":466,"799":466,"800":66,"801":66,"802":66,"803":66,"804":66,"805":66,"806":66,"807":66,"808":102,"809":66,"810":102,"811":66,"812":66,"813":66,"814":2,"815":66,"816":66,"817":66,"818":2,"819":66,"820":26,"821":66,"822":66,"823":26,"824":66,"825":66,"826":66,"827":66,"828":66,"829":66,"830":66,"831":14,"832":66,"833":66,"834":66,"835":2,"836":66,"837":2,"838":66,"839":66,"840":66,"841":3,"842":66,"843":66,"844":66,"845":2,"846":66,"847":66,"848":66,"849":3,"850":66,"851":66,"852":66,"853":38,"854":66,"855":66,"856":66,"857":66,"858":66,"859":32,"860":66,"861":22,"862":66,"863":66,"864":66,"865":6,"866":66,"867":66,"868":66,"869":2,"870":66,"871":66,"872":66,"873":2,"874":66,"875":66,"876":66,"877":66,"878":66,"879":66,"880":52,"881":66,"882":66,"883":66,"884":66,"885":25,"886":66,"887":66,"888":66,"889":66,"890":158,"891":66,"892":66,"893":66,"894":10,"895":66,"896":66,"897":66,"898":66,"899":66,"900":66,"901":0,"902":66,"903":2,"904":66,"905":66,"906":66,"907":2,"908":66,"909":66,"910":66,"911":32,"912":66,"913":66,"914":66,"915":16,"916":66,"917":66,"918":66,"919":0,"920":66,"921":66,"922":66,"923":0,"924":66,"925":66,"926":66,"927":0,"928":66,"929":66,"930":66,"931":16,"932":66,"933":66,"934":66,"935":16,"936":66,"937":66,"938":66,"939":0,"940":66,"941":66,"942":66,"943":0,"944":66,"945":66,"946":66,"947":18,"948":66,"949":66,"950":66,"951":16,"952":66,"953":66,"954":66,"955":66,"956":2,"957":66,"958":66,"959":66,"960":66,"961":66,"962":30,"963":66,"964":66,"965":66,"966":66,"967":66,"968":2,"969":66,"970":66,"971":66,"972":66,"973":66,"974":2,"975":66,"976":66,"977":66,"978":4,"979":66,"980":0,"981":66,"982":66,"983":66,"984":66,"985":66,"986":66,"987":66,"988":66,"989":0,"990":0,"991":0,"992":66,"993":66,"994":0,"995":1,"996":1,"997":1,"998":1,"999":1,"1000":778,"1001":778,"1002":778,"1003":778,"1004":778,"1005":778,"1006":778,"1007":778,"1008":141,"1009":778,"1010":0,"1011":79,"1012":79,"1013":1,"1014":78,"1015":29,"1016":85,"1017":85,"1018":85,"1019":85,"1020":85,"1021":49,"1022":6,"1023":6,"1024":6,"1025":6,"1026":6,"1027":43,"1028":20,"1029":20,"1030":20,"1031":20,"1032":20,"1033":20,"1034":20,"1035":23,"1036":123,"1037":140,"1038":140,"1039":140,"1040":140,"1041":140,"1042":78,"1043":233,"1044":233,"1045":16,"1046":16,"1047":16,"1048":16,"1049":43,"1050":43,"1051":43,"1052":43,"1053":43,"1054":43,"1055":43,"1056":217,"1057":217,"1058":217,"1059":343,"1060":343,"1061":217,"1062":217,"1063":343,"1064":343,"1065":343,"1066":343,"1067":343,"1068":343,"1069":343,"1070":343,"1071":343,"1072":54,"1073":233,"1074":77,"1075":10,"1076":10,"1077":10,"1078":10,"1079":10,"1080":53,"1081":10,"1082":67,"1083":77,"1084":6,"1085":6,"1086":309,"1087":309,"1088":305,"1089":301,"1090":305,"1091":26,"1092":305,"1093":305,"1094":218,"1095":218,"1096":3,"1097":3,"1098":215,"1099":215,"1100":39,"1101":39,"1102":0,"1103":0,"1104":0,"1105":0,"1106":0,"1107":0,"1108":176,"1109":4,"1110":309,"1111":8,"1112":66,"1113":66,"1114":66,"1115":66,"1116":66,"1117":0,"1118":66,"1119":215,"1120":215,"1121":13760,"1122":215,"1123":215,"1124":215,"1125":215,"1126":215,"1127":215,"1128":215,"1129":215,"1130":215,"1131":215,"1132":0,"1133":215,"1134":1,"1135":214,"1136":7,"1137":207,"1138":0,"1139":0,"1140":207,"1141":2,"1142":205,"1143":205,"1144":93,"1145":93,"1146":0,"1147":205,"1148":205,"1149":0,"1150":205,"1151":205,"1152":205,"1153":1,"1154":205,"1155":205,"1156":7,"1157":7,"1158":7,"1159":7,"1160":4,"1161":3,"1162":3,"1163":3,"1164":3,"1165":7,"1166":7,"1167":7,"1168":7,"1169":7,"1170":6,"1171":6,"1172":7,"1173":7,"1174":0,"1175":0,"1176":0,"1177":7,"1178":7,"1179":7,"1180":28,"1181":6,"1182":6,"1183":0,"1184":22,"1185":7,"1186":222,"1187":222,"1188":0,"1189":222,"1190":8,"1191":222,"1192":152,"1193":152,"1194":152,"1195":152,"1196":152,"1197":20,"1198":20,"1199":44,"1200":20,"1201":53,"1202":53,"1203":53,"1204":53,"1205":152,"1206":1,"1207":98,"1208":98,"1209":94,"1210":94,"1211":94,"1212":98,"1213":98,"1214":98,"1215":98,"1216":96,"1217":96,"1218":9,"1219":2,"1220":7,"1221":16,"1222":14,"1223":4,"1224":4,"1225":10,"1226":4,"1227":8,"1228":0,"1229":86,"1230":86,"1231":94,"1232":94,"1233":94,"1234":94,"1235":61,"1236":33,"1237":22,"1238":3,"1239":3,"1240":4,"1241":2,"1242":2,"1243":17,"1244":17,"1245":11,"1246":3,"1247":3,"1248":3,"1249":3,"1250":3,"1251":3,"1252":0,"1253":3,"1254":0,"1255":0,"1256":0,"1257":0,"1258":0,"1259":3,"1260":0,"1261":5,"1262":5,"1263":5,"1264":2,"1265":2,"1266":5,"1267":3,"1268":5,"1269":3,"1270":3,"1271":3,"1272":3,"1273":3,"1274":3,"1275":0,"1276":3,"1277":11,"1278":94,"1279":94,"1280":94,"1281":94,"1282":49,"1283":45,"1284":45,"1285":0,"1286":0,"1287":0,"1288":0,"1289":0,"1290":0,"1291":45,"1292":1,"1293":44,"1294":45,"1295":47,"1296":43,"1297":45,"1298":45,"1299":44,"1300":44,"1301":44,"1302":45,"1303":44,"1304":94,"1305":94,"1306":78,"1307":16,"1308":16,"1309":2,"1310":14,"1311":6,"1312":6,"1313":14,"1314":4,"1315":4,"1316":0,"1317":10,"1318":4,"1319":8,"1320":5,"1321":3,"1322":3,"1323":9,"1324":3,"1325":1,"1326":23,"1327":251,"1328":232,"1329":19,"1330":8,"1331":6,"1332":2,"1333":13,"1334":13,"1335":13,"1336":13,"1337":3,"1338":2,"1339":1,"1340":1,"1341":1,"1342":1,"1343":0,"1344":0,"1345":0,"1346":0,"1347":0,"1348":0,"1349":0,"1350":0,"1351":0,"1352":0,"1353":0,"1354":0,"1355":0,"1356":0,"1357":0,"1358":0,"1359":0,"1360":0,"1361":14,"1362":9,"1363":5,"1364":5,"1365":5,"1366":5,"1367":14,"1368":10,"1369":4,"1370":4,"1371":4,"1372":4,"1373":1,"1374":44,"1375":44,"1376":1,"1377":1,"1378":1,"1379":1,"1380":1,"1381":1,"1382":0,"1383":0,"1384":0,"1385":0,"1386":1,"1387":1,"1388":1,"1389":1,"1390":1,"1391":1,"1392":13,"1393":13,"1394":13,"1395":13,"1396":13,"1397":13,"1398":13,"1399":13,"1400":13,"1401":13,"1402":13,"1403":13,"1404":13,"1405":13,"1406":13,"1407":13,"1408":13,"1409":13,"1410":13,"1411":1,"1412":12,"1413":12,"1414":12,"1415":12,"1416":0,"1417":12,"1418":0,"1419":12,"1420":12,"1421":12,"1422":12,"1423":12,"1424":12,"1425":0,"1426":0,"1427":0,"1428":0,"1429":0,"1430":12,"1431":0,"1432":0,"1433":0,"1434":0,"1435":0,"1436":0,"1437":0,"1438":0,"1439":0,"1440":0,"1441":0,"1442":0,"1443":0,"1444":12,"1445":12,"1446":12,"1447":12,"1448":1,"1449":39,"1450":0,"1451":0,"1452":39,"1453":39,"1454":12,"1455":27,"1456":1,"1457":12,"1458":12,"1459":12,"1460":0,"1461":0,"1462":12,"1463":12,"1464":12,"1465":12,"1466":0,"1467":12,"1468":12,"1469":12,"1470":12,"1471":12,"1472":12,"1473":12,"1474":12,"1475":12,"1476":12,"1477":12,"1478":1,"1479":0,"1480":0,"1481":0,"1482":0,"1483":0,"1484":0,"1485":1,"1486":0,"1487":0,"1488":0,"1489":1,"1490":12,"1491":0,"1492":12,"1493":12,"1494":12,"1495":0,"1496":0,"1497":0,"1498":12,"1499":1,"1500":1,"1501":0,"1502":0,"1503":0,"1504":0,"1505":1,"1506":0,"1507":0,"1508":0,"1509":0,"1510":0,"1511":1,"1512":84,"1513":84,"1514":84,"1515":0,"1516":84,"1517":84,"1518":48,"1519":1,"1520":1,"1521":1,"1522":1,"1523":1,"1524":1,"1525":1,"1526":1,"1527":1,"1528":1,"1529":1,"1530":0,"1531":0,"1532":0,"1533":0,"1534":0,"1535":0,"1536":0,"1537":0,"1538":0,"1539":0,"1540":0,"1541":12,"1542":48,"1543":48,"1544":12,"1545":61,"1546":3,"1547":58,"1548":58,"1549":12,"1550":1,"1551":1,"1552":1,"1553":1,"1554":1,"1555":151,"1556":141,"1557":10,"1558":4,"1559":4,"1560":10,"1561":10,"1562":10,"1563":10,"1564":1},"f":{"0":1,"1":1,"2":1,"3":629,"4":0,"5":13,"6":118,"7":1883,"8":0,"9":0,"10":339,"11":0,"12":12,"13":0,"14":0,"15":110,"16":0,"17":0,"18":0,"19":18,"20":4,"21":5270,"22":147,"23":0,"24":10,"25":4202,"26":0,"27":32,"28":0,"29":8,"30":8,"31":33,"32":3,"33":33,"34":31,"35":1,"36":1,"37":31,"38":31,"39":3,"40":3,"41":3,"42":1,"43":37,"44":229,"45":19,"46":4,"47":2,"48":13,"49":18,"50":58,"51":4,"52":4,"53":316,"54":24,"55":6,"56":6,"57":5,"58":1,"59":3,"60":2,"61":3,"62":1,"63":1,"64":1,"65":6,"66":616,"67":6,"68":0,"69":26,"70":0,"71":578,"72":0,"73":6,"74":0,"75":8,"76":6,"77":4,"78":2,"79":2,"80":1,"81":39,"82":39,"83":42,"84":99,"85":57,"86":2,"87":1,"88":2,"89":2,"90":3,"91":3,"92":1,"93":0,"94":0,"95":0,"96":0,"97":0,"98":0,"99":4,"100":2,"101":6,"102":1,"103":0,"104":930,"105":1,"106":8,"107":403,"108":83,"109":4,"110":79,"111":10,"112":2,"113":1,"114":1,"115":19,"116":19,"117":51,"118":8,"119":35,"120":95,"121":5,"122":1,"123":1,"124":15,"125":1,"126":1,"127":597,"128":4,"129":102,"130":32,"131":22,"132":26,"133":26,"134":52,"135":25,"136":158,"137":4,"138":2,"139":2,"140":30,"141":2,"142":1,"143":1,"144":1,"145":0,"146":0,"147":0,"148":0,"149":0,"150":0,"151":0,"152":0,"153":66,"154":597,"155":597,"156":0,"157":0,"158":8959,"159":0,"160":102,"161":102,"162":500,"163":102,"164":102,"165":263,"166":263,"167":263,"168":263,"169":249,"170":247,"171":245,"172":242,"173":240,"174":26,"175":40,"176":500,"177":22,"178":28,"179":32,"180":30,"181":468,"182":109,"183":218,"184":168,"185":218,"186":416,"187":416,"188":298,"189":406,"190":218,"191":406,"192":404,"193":618,"194":586,"195":570,"196":570,"197":570,"198":570,"199":554,"200":538,"201":538,"202":538,"203":520,"204":620,"205":334,"206":474,"207":472,"208":470,"209":466,"210":466,"211":102,"212":102,"213":2,"214":2,"215":26,"216":26,"217":14,"218":2,"219":2,"220":3,"221":2,"222":3,"223":38,"224":32,"225":22,"226":6,"227":2,"228":2,"229":52,"230":25,"231":158,"232":10,"233":0,"234":2,"235":2,"236":32,"237":16,"238":0,"239":0,"240":0,"241":16,"242":16,"243":0,"244":0,"245":18,"246":16,"247":2,"248":30,"249":2,"250":2,"251":4,"252":0,"253":778,"254":79,"255":233,"256":77,"257":6,"258":309,"259":8,"260":66,"261":215,"262":215,"263":7,"264":7,"265":222,"266":152,"267":44,"268":53,"269":98,"270":98,"271":96,"272":94,"273":94,"274":45,"275":47,"276":94,"277":23,"278":251,"279":3,"280":0,"281":0,"282":0,"283":14,"284":14,"285":44,"286":0,"287":1,"288":13,"289":12,"290":12,"291":0,"292":39,"293":12,"294":12,"295":0,"296":0,"297":12,"298":0,"299":0,"300":0,"301":84,"302":1,"303":0,"304":0,"305":0,"306":0,"307":12,"308":61,"309":12,"310":1,"311":151},"b":{"0":[1,0],"1":[1,1],"2":[0,0],"3":[0,0],"4":[0,0],"5":[1,0],"6":[1,1],"7":[0,0],"8":[0,0,0,0],"9":[0,13],"10":[13,0],"11":[73,0],"12":[0,118],"13":[65,53],"14":[0,91],"15":[0,53],"16":[2,1881],"17":[1883,1883],"18":[0,0],"19":[0,0],"20":[318,0],"21":[0,0],"22":[5,13],"23":[5,0],"24":[5,5],"25":[3,2],"26":[5,3],"27":[3,2],"28":[5268,2],"29":[5266,4],"30":[136,11],"31":[133,14],"32":[6,4],"33":[8,2],"34":[71,9],"35":[4202,154],"36":[2,2,26,2],"37":[24,2],"38":[2,6],"39":[2,0],"40":[8,4],"41":[29,4],"42":[6,27],"43":[5,26],"44":[1,0],"45":[4,27],"46":[5,26],"47":[3,0,3,0,3],"48":[1,2],"49":[0,3],"50":[181,48],"51":[5,43],"52":[19,0],"53":[19,0],"54":[4,2],"55":[2,2],"56":[13,2],"57":[16,2],"58":[2,14],"59":[18,4],"60":[18,16],"61":[2,2,2,2,2,2,2],"62":[4,312],"63":[310,2],"64":[311,1],"65":[314,2],"66":[316,315],"67":[24,2],"68":[2,20,1,4],"69":[1,5],"70":[1,5],"71":[2,4],"72":[4,2],"73":[6,4],"74":[2,4],"75":[6,2],"76":[4,2],"77":[2,4],"78":[1,5],"79":[3,3],"80":[6,0],"81":[6,6,6],"82":[0,6],"83":[6,6],"84":[2,4],"85":[2,4],"86":[2,1,1,0,1,0],"87":[0,1],"88":[0,2],"89":[2,2],"90":[6,1],"91":[6,0],"92":[6,0],"93":[600,16],"94":[8,8],"95":[0,0,0,0],"96":[0,0],"97":[0,0],"98":[2,2],"99":[39,39],"100":[39,39],"101":[42,41],"102":[57,56],"103":[0,3996],"104":[3996,3996],"105":[0,3996],"106":[35,3961],"107":[3996,35],"108":[3961,61],"109":[61,3900],"110":[394,3506],"111":[35,3961],"112":[366,3595],"113":[1,2],"114":[3,0],"115":[1,2],"116":[7,7],"117":[6,3],"118":[1,0,1],"119":[1,0],"120":[0,0],"121":[55,875],"122":[930,222],"123":[930,171,91],"124":[930,91,91],"125":[930,91,52],"126":[91,839],"127":[39,52],"128":[930,171,10],"129":[930,10,10],"130":[930,10,5],"131":[10,920],"132":[10,5,5],"133":[171,6831],"134":[403,66],"135":[320,83],"136":[2,4,13,0,1,1,43,4,0,0,0,4,4,0,0,5,4,0],"137":[0,0],"138":[1,1],"139":[1,3],"140":[12,7],"141":[8,43],"142":[2,0,6],"143":[6,0],"144":[0,95],"145":[15,0],"146":[22,7],"147":[0,0,0],"148":[0,0],"149":[0,0],"150":[0,0],"151":[0,0],"152":[0,0,0],"153":[0,0],"154":[0,0],"155":[8959,5933],"156":[5933,166],"157":[0,0],"158":[102,0],"159":[4,98],"160":[98,98],"161":[4,98],"162":[4,0],"163":[102,98],"164":[102,0],"165":[0,102],"166":[102,0],"167":[102,100],"168":[102,0],"169":[102,0],"170":[102,76],"171":[161,161],"172":[102,0],"173":[102,100],"174":[102,0],"175":[0,102],"176":[500,468],"177":[468,416],"178":[2,100],"179":[100,100],"180":[102,2],"181":[100,2],"182":[2,100],"183":[100,100],"184":[102,2],"185":[100,2],"186":[161,102],"187":[26,135],"188":[0,26],"189":[26,237],"190":[26,26],"191":[26,0],"192":[0,26],"193":[263,237],"194":[237,135],"195":[263,249],"196":[249,247],"197":[247,245],"198":[245,242],"199":[242,240],"200":[18,245],"201":[245,0],"202":[18,245],"203":[18,0],"204":[16,2],"205":[2,0],"206":[16,2],"207":[14,2],"208":[14,0],"209":[0,0],"210":[14,0],"211":[0,14],"212":[4,245],"213":[245,0],"214":[4,245],"215":[4,0],"216":[2,2],"217":[2,0],"218":[2,2],"219":[0,2],"220":[2,245],"221":[245,0],"222":[2,245],"223":[2,0],"224":[2,0],"225":[0,0],"226":[2,0],"227":[0,2],"228":[3,242],"229":[242,0],"230":[245,3],"231":[242,3],"232":[2,240],"233":[240,0],"234":[242,2],"235":[240,2],"236":[3,237],"237":[237,0],"238":[240,3],"239":[237,3],"240":[0,26],"241":[26,0],"242":[38,2],"243":[38,2],"244":[2,0],"245":[12,38],"246":[38,0],"247":[40,38],"248":[2,38],"249":[32,468],"250":[468,468],"251":[32,468],"252":[32,30],"253":[30,28],"254":[28,22],"255":[32,0],"256":[32,0],"257":[0,0],"258":[32,0],"259":[0,32],"260":[22,22],"261":[0,22],"262":[6,22],"263":[22,22],"264":[6,22],"265":[6,0],"266":[0,6],"267":[2,30],"268":[30,30],"269":[2,30],"270":[2,0],"271":[0,2],"272":[2,28],"273":[28,28],"274":[2,28],"275":[2,0],"276":[0,2],"277":[52,416],"278":[52,416],"279":[416,0],"280":[52,0],"281":[16,36],"282":[36,0],"283":[52,36],"284":[52,32],"285":[57,52],"286":[52,0],"287":[52,0],"288":[0,0],"289":[52,0],"290":[0,52],"291":[468,416],"292":[416,416],"293":[57,52],"294":[25,32],"295":[32,0],"296":[25,32],"297":[25,0],"298":[0,25],"299":[109,84],"300":[84,0],"301":[218,168],"302":[218,104,0],"303":[64,104],"304":[104,0],"305":[168,64],"306":[104,64],"307":[218,218],"308":[218,218],"309":[218,210],"310":[210,202],"311":[202,202],"312":[202,202],"313":[202,202],"314":[202,194],"315":[194,186],"316":[186,186],"317":[186,186],"318":[186,178],"319":[178,170],"320":[170,170],"321":[170,170],"322":[170,168],"323":[168,168],"324":[416,406],"325":[406,298],"326":[10,406],"327":[406,406],"328":[416,10],"329":[406,10],"330":[94,204],"331":[204,0],"332":[298,94],"333":[204,94],"334":[298,204],"335":[204,204],"336":[406,404],"337":[404,402],"338":[402,400],"339":[400,376],"340":[376,368],"341":[368,368],"342":[368,368],"343":[368,368],"344":[368,360],"345":[360,352],"346":[352,352],"347":[352,352],"348":[352,342],"349":[342,334],"350":[334,304],"351":[304,302],"352":[302,300],"353":[300,298],"354":[298,298],"355":[0,218],"356":[218,0],"357":[218,0],"358":[218,0],"359":[2,404],"360":[404,404],"361":[406,2],"362":[404,2],"363":[2,402],"364":[402,402],"365":[404,2],"366":[402,2],"367":[32,586],"368":[586,376],"369":[618,32],"370":[586,32],"371":[16,570],"372":[570,368],"373":[586,16],"374":[570,16],"375":[0,570],"376":[570,368],"377":[570,0],"378":[570,0],"379":[0,570],"380":[570,368],"381":[570,0],"382":[570,0],"383":[0,570],"384":[570,368],"385":[570,0],"386":[570,0],"387":[16,554],"388":[554,360],"389":[570,16],"390":[554,16],"391":[16,538],"392":[538,352],"393":[554,16],"394":[538,16],"395":[0,538],"396":[538,352],"397":[538,0],"398":[538,0],"399":[0,538],"400":[538,352],"401":[538,0],"402":[538,0],"403":[18,520],"404":[520,342],"405":[538,18],"406":[520,18],"407":[16,504],"408":[504,334],"409":[520,16],"410":[504,16],"411":[2,618],"412":[618,400],"413":[2,618],"414":[2,0],"415":[0,0],"416":[2,0],"417":[0,2],"418":[36,298],"419":[298,298],"420":[36,298],"421":[30,6],"422":[6,6],"423":[30,6],"424":[0,30],"425":[2,472],"426":[2,472],"427":[472,302],"428":[2,0],"429":[2,0],"430":[0,0],"431":[2,2],"432":[2,2],"433":[2,0],"434":[0,2],"435":[2,470],"436":[2,470],"437":[470,300],"438":[2,0],"439":[2,0],"440":[0,0],"441":[2,2],"442":[2,2],"443":[2,0],"444":[0,2],"445":[4,466],"446":[4,466],"447":[466,298],"448":[4,0],"449":[4,0],"450":[0,0],"451":[12,4],"452":[4,2],"453":[4,0],"454":[0,4],"455":[0,466],"456":[466,298],"457":[466,0],"458":[466,0],"459":[0,466],"460":[466,298],"461":[0,466],"462":[0,0],"463":[0,0],"464":[0,0],"465":[0,0],"466":[0,66],"467":[4,98],"468":[26,0],"469":[0,66],"470":[0,0],"471":[66,0],"472":[66,66],"473":[0,0],"474":[167,611],"475":[778,141],"476":[778,141],"477":[778,141],"478":[778,141],"479":[778,141],"480":[778,141,141],"481":[778,0],"482":[611,167],"483":[141,637],"484":[1,78],"485":[29,49],"486":[85,0],"487":[85,0],"488":[6,43],"489":[49,19],"490":[6,0],"491":[6,0],"492":[20,23],"493":[20,3],"494":[20,0],"495":[20,0],"496":[140,0],"497":[140,0],"498":[16,217],"499":[43,0],"500":[43,0],"501":[6,337],"502":[343,106],"503":[343,0],"504":[54,289],"505":[343,144,74],"506":[10,67],"507":[8,2],"508":[10,3],"509":[43,10],"510":[7,60],"511":[67,7],"512":[4,2],"513":[305,4],"514":[301,4],"515":[305,88],"516":[3,215],"517":[39,176],"518":[215,213,211],"519":[0,0],"520":[0,0],"521":[0,0],"522":[0,0],"523":[0,4],"524":[66,0],"525":[215,215],"526":[215,215],"527":[215,215,156],"528":[1,214],"529":[215,212],"530":[7,207],"531":[214,210],"532":[0,207],"533":[207,207,204,0],"534":[2,205],"535":[207,186,5],"536":[0,93],"537":[205,184,3],"538":[0,205],"539":[1,204],"540":[4,3],"541":[3,0],"542":[7,0],"543":[7,7],"544":[0,0],"545":[0,0,0,0],"546":[6,0,22],"547":[0,222],"548":[8,214],"549":[152,55],"550":[53,99],"551":[55,97],"552":[20,53],"553":[94,4],"554":[98,96],"555":[9,16,0],"556":[2,7],"557":[14,2],"558":[4,10],"559":[14,10],"560":[4,0],"561":[4,6],"562":[61,33],"563":[94,49,33],"564":[22,11],"565":[3,4],"566":[2,2],"567":[3,0,5,3],"568":[3,0],"569":[3,3],"570":[0,3],"571":[3,3],"572":[0,3],"573":[0,0],"574":[0,0],"575":[0,0],"576":[0,0],"577":[5,0],"578":[2,3],"579":[5,5],"580":[3,2],"581":[5,5],"582":[2,1],"583":[3,0],"584":[3,3],"585":[0,3],"586":[3,3],"587":[49,45],"588":[45,0],"589":[0,0],"590":[0,0],"591":[0,0],"592":[0,0],"593":[0,0],"594":[1,44],"595":[43,4],"596":[45,2],"597":[78,16],"598":[2,14],"599":[6,8],"600":[14,10],"601":[4,10],"602":[14,10],"603":[4,0],"604":[4,6],"605":[5,3],"606":[23,19],"607":[23,23,0],"608":[232,19],"609":[8],"610":[6,2],"611":[8,6],"612":[2,1],"613":[0,0],"614":[0,0],"615":[0,0],"616":[9,5],"617":[10,4],"618":[12,0],"619":[0,12],"620":[0,12],"621":[12,12],"622":[12,0],"623":[12,12],"624":[0,12],"625":[0,0],"626":[0,39],"627":[12,27],"628":[0,12],"629":[12,0],"630":[0,0],"631":[0,0],"632":[0,12],"633":[0,0],"634":[0,0],"635":[0,0],"636":[0,0],"637":[84,84],"638":[48,36],"639":[0,0],"640":[0,0],"641":[0,0,0],"642":[12,36],"643":[48,48,17,13],"644":[3,58],"645":[58,0],"646":[9,3],"647":[1,0],"648":[141,10],"649":[4,6],"650":[10,0],"651":[10,4]},"_coverageSchema":"43e27e138ebf9cfc5966b082cf9a028302ed4184","hash":"415cd99b3a938dcae518ffd6511961df376c0dcd"}}