TN:
SF:/Users/lavyun/Code/FE/github/better-mock/dist/mock.js
FN:5,(anonymous_0)
FN:9,(anonymous_1)
FN:11,_typeof
FN:13,(anonymous_3)
FN:17,(anonymous_4)
FN:49,objectAssign
FN:73,each
FN:90,type
FN:93,isString
FN:96,isObject
FN:99,isArray
FN:102,isRegExp
FN:105,isFunction
FN:108,isObjectOrArray
FN:111,isNumeric
FN:114,keys
FN:125,values
FN:152,heredoc
FN:158,noop
FN:179,boolean
FN:188,bool
FN:192,natural
FN:199,integer
FN:205,int
FN:209,float
FN:224,character
FN:240,char
FN:244,string
FN:284,str
FN:288,range
FN:329,yy
FN:333,MM
FN:337,M
FN:340,dd
FN:345,HH
FN:350,hh
FN:354,h
FN:357,mm
FN:362,ss
FN:367,SS
FN:372,A
FN:375,a
FN:381,_createFormatRE
FN:388,_formatDate
FN:389,createNewSubString
FN:395,_randomDate
FN:402,date
FN:407,time
FN:412,datetime
FN:417,now
FN:470,capitalize
FN:474,upper
FN:478,lower
FN:482,pick
FN:507,shuffle
FN:716,image
FN:739,dataImage
FN:798,hsv2rgb
FN:829,hsv2hsl
FN:842,rgb2hex
FN:925,color
FN:930,hex
FN:937,rgb
FN:944,rgba
FN:951,hsl
FN:962,_goldenRatioColor
FN:980,_range
FN:985,paragraph
FN:996,cparagraph
FN:1008,sentence
FN:1020,csentence
FN:1032,word
FN:1044,cword
FN:1094,title
FN:1106,ctitle
FN:1129,first
FN:1135,last
FN:1140,name
FN:1146,cfirst
FN:1152,clast
FN:1157,cname
FN:1172,url
FN:1178,protocol
FN:1184,domain
FN:1191,tld
FN:1200,email
FN:1205,ip
FN:5217,tree
FN:5285,region
FN:5289,province
FN:5293,city
FN:5299,county
FN:5308,zip
FN:5327,d4
FN:5330,d6
FN:5333,d8
FN:5336,d12
FN:5339,d20
FN:5342,d100
FN:5347,guid
FN:5357,id
FN:5374,increment
FN:5393,(anonymous_102)
FN:5394,(anonymous_103)
FN:5411,parse
FN:5501,(anonymous_105)
FN:5514,ascii
FN:5526,gen
FN:5532,token
FN:5604,alternate
FN:5614,match
FN:5624,captureGroup
FN:5631,nonCaptureGroup
FN:5636,positiveLookahead
FN:5641,negativeLookahead
FN:5665,quantified
FN:5684,quantifier
FN:5689,charset
FN:5699,invertCharset
FN:5734,range
FN:5740,literal
FN:5744,unicode
FN:5748,hex
FN:5751,octal
FN:5755,backReference
FN:5759,(anonymous_125)
FN:5770,controlCharacter
FN:5777,Token
FN:5781,Alternate
FN:5785,Match
FN:5789,Group
FN:5793,CaptureGroup
FN:5797,Quantified
FN:5801,Quantifier
FN:5805,CharSet
FN:5809,CharacterRange
FN:5813,Literal
FN:5817,Unicode
FN:5821,Hex
FN:5825,Octal
FN:5829,BackReference
FN:5833,ControlCharacter
FN:5837,(anonymous_142)
FN:5838,n
FN:5839,u
FN:5846,l
FN:5847,e
FN:5848,u
FN:5849,l
FN:5853,(anonymous_149)
FN:5855,(anonymous_150)
FN:5857,(anonymous_151)
FN:5859,(anonymous_152)
FN:5885,u
FN:5886,u
FN:5890,t
FN:5894,r
FN:5895,u
FN:5910,e
FN:5914,o
FN:5922,c
FN:5927,i
FN:5941,a
FN:5946,f
FN:5951,s
FN:5956,h
FN:5961,d
FN:5966,p
FN:5971,v
FN:5976,w
FN:5981,A
FN:5986,C
FN:5991,g
FN:5996,b
FN:6001,k
FN:6006,T
FN:6014,x
FN:6019,y
FN:6024,m
FN:6029,R
FN:6034,F
FN:6039,Q
FN:6053,S
FN:6058,U
FN:6063,E
FN:6068,G
FN:6073,B
FN:6078,j
FN:6083,$
FN:6088,q
FN:6093,L
FN:6098,M
FN:6103,D
FN:6108,H
FN:6113,O
FN:6118,W
FN:6123,z
FN:6128,I
FN:6133,J
FN:6138,K
FN:6143,N
FN:6148,P
FN:6153,V
FN:6158,X
FN:6163,Y
FN:6168,Z
FN:6173,_
FN:6186,nl
FN:6199,ll
FN:6212,ul
FN:6217,tl
FN:6232,hl
FN:6235,dl
FN:6240,wl
FN:6245,gl
FN:6248,bl
FN:6252,Tl
FN:6261,Sl
FN:6266,Gl
FN:6269,Bl
FN:6274,ql
FN:6279,Dl
FN:6284,Wl
FN:6289,Jl
FN:6296,Xl
FN:6299,Yl
FN:6304,nu
FN:6309,tu
FN:6314,ou
FN:6322,hu
FN:6328,wu
FN:6334,bu
FN:6339,xu
FN:6347,Su
FN:6350,Uu
FN:6355,Bu
FN:6360,qu
FN:6365,Du
FN:6370,Wu
FN:6375,Ju
FN:6380,Pu
FN:6385,Yu
FN:6390,nt
FN:6395,tt
FN:6400,ot
FN:6405,at
FN:6410,ht
FN:6416,wt
FN:6423,kt
FN:6430,Rt
FN:6437,Et
FN:6442,jt
FN:6445,$t
FN:6493,gen
FN:6528,array
FN:6610,object
FN:6686,number
FN:6714,boolean
FN:6721,string
FN:6781,_function
FN:6785,regexp
FN:6801,_all
FN:6811,placeholder
FN:6887,getValueByKeyPath
FN:6926,normalizePath
FN:6945,splitPathToArray
FN:6962,toJSONSchema
FN:6979,(anonymous_267)
FN:6986,(anonymous_268)
FN:7031,diff
FN:7046,name
FN:7051,type$1
FN:7086,value
FN:7190,properties
FN:7223,_loop_1
FN:7225,(anonymous_275)
FN:7244,items
FN:7300,message
FN:7303,equal
FN:7331,match
FN:7348,notEqual
FN:7365,greaterThan
FN:7382,lessThan
FN:7399,greaterThanOrEqualTo
FN:7416,lessThanOrEqualTo
FN:7435,valid
FN:7454,(anonymous_286)
FN:7520,(anonymous_287)
FN:7521,MockXMLHttpRequest
FN:7552,(anonymous_289)
FN:7566,(anonymous_290)
FN:7586,handle
FN:7637,(anonymous_292)
FN:7655,(anonymous_293)
FN:7680,done
FN:7708,(anonymous_295)
FN:7722,(anonymous_296)
FN:7734,(anonymous_297)
FN:7752,(anonymous_298)
FN:7756,(anonymous_299)
FN:7762,(anonymous_300)
FN:7772,(anonymous_301)
FN:7787,(anonymous_302)
FN:7802,createNativeXMLHttpRequest
FN:7803,(anonymous_304)
FN:7813,createStandardXHR
FN:7819,createActiveXHR
FN:7827,find
FN:7837,match
FN:7849,convert
FN:7863,setup
FN:7881,(anonymous_311)
FNF:312
FNH:257
FNDA:1,(anonymous_0)
FNDA:1,(anonymous_1)
FNDA:1,_typeof
FNDA:629,(anonymous_3)
FNDA:0,(anonymous_4)
FNDA:13,objectAssign
FNDA:118,each
FNDA:1883,type
FNDA:0,isString
FNDA:0,isObject
FNDA:339,isArray
FNDA:0,isRegExp
FNDA:12,isFunction
FNDA:0,isObjectOrArray
FNDA:0,isNumeric
FNDA:110,keys
FNDA:0,values
FNDA:0,heredoc
FNDA:0,noop
FNDA:18,boolean
FNDA:4,bool
FNDA:5270,natural
FNDA:147,integer
FNDA:0,int
FNDA:10,float
FNDA:4202,character
FNDA:0,char
FNDA:32,string
FNDA:0,str
FNDA:8,range
FNDA:8,yy
FNDA:33,MM
FNDA:3,M
FNDA:33,dd
FNDA:31,HH
FNDA:1,hh
FNDA:1,h
FNDA:31,mm
FNDA:31,ss
FNDA:3,SS
FNDA:3,A
FNDA:3,a
FNDA:1,_createFormatRE
FNDA:37,_formatDate
FNDA:229,createNewSubString
FNDA:19,_randomDate
FNDA:4,date
FNDA:2,time
FNDA:13,datetime
FNDA:18,now
FNDA:58,capitalize
FNDA:4,upper
FNDA:4,lower
FNDA:316,pick
FNDA:24,shuffle
FNDA:6,image
FNDA:6,dataImage
FNDA:5,hsv2rgb
FNDA:1,hsv2hsl
FNDA:3,rgb2hex
FNDA:2,color
FNDA:3,hex
FNDA:1,rgb
FNDA:1,rgba
FNDA:1,hsl
FNDA:6,_goldenRatioColor
FNDA:616,_range
FNDA:6,paragraph
FNDA:0,cparagraph
FNDA:26,sentence
FNDA:0,csentence
FNDA:578,word
FNDA:0,cword
FNDA:6,title
FNDA:0,ctitle
FNDA:8,first
FNDA:6,last
FNDA:4,name
FNDA:2,cfirst
FNDA:2,clast
FNDA:1,cname
FNDA:39,url
FNDA:39,protocol
FNDA:42,domain
FNDA:99,tld
FNDA:57,email
FNDA:2,ip
FNDA:1,tree
FNDA:2,region
FNDA:2,province
FNDA:3,city
FNDA:3,county
FNDA:1,zip
FNDA:0,d4
FNDA:0,d6
FNDA:0,d8
FNDA:0,d12
FNDA:0,d20
FNDA:0,d100
FNDA:4,guid
FNDA:2,id
FNDA:6,increment
FNDA:1,(anonymous_102)
FNDA:0,(anonymous_103)
FNDA:930,parse
FNDA:1,(anonymous_105)
FNDA:8,ascii
FNDA:403,gen
FNDA:83,token
FNDA:4,alternate
FNDA:79,match
FNDA:10,captureGroup
FNDA:2,nonCaptureGroup
FNDA:1,positiveLookahead
FNDA:1,negativeLookahead
FNDA:19,quantified
FNDA:19,quantifier
FNDA:51,charset
FNDA:8,invertCharset
FNDA:35,range
FNDA:95,literal
FNDA:5,unicode
FNDA:1,hex
FNDA:1,octal
FNDA:15,backReference
FNDA:1,(anonymous_125)
FNDA:1,controlCharacter
FNDA:597,Token
FNDA:4,Alternate
FNDA:102,Match
FNDA:32,Group
FNDA:22,CaptureGroup
FNDA:26,Quantified
FNDA:26,Quantifier
FNDA:52,CharSet
FNDA:25,CharacterRange
FNDA:158,Literal
FNDA:4,Unicode
FNDA:2,Hex
FNDA:2,Octal
FNDA:30,BackReference
FNDA:2,ControlCharacter
FNDA:1,(anonymous_142)
FNDA:1,n
FNDA:1,u
FNDA:0,l
FNDA:0,e
FNDA:0,u
FNDA:0,l
FNDA:0,(anonymous_149)
FNDA:0,(anonymous_150)
FNDA:0,(anonymous_151)
FNDA:0,(anonymous_152)
FNDA:66,u
FNDA:597,u
FNDA:597,t
FNDA:0,r
FNDA:0,u
FNDA:8959,e
FNDA:0,o
FNDA:102,c
FNDA:102,i
FNDA:500,a
FNDA:102,f
FNDA:102,s
FNDA:263,h
FNDA:263,d
FNDA:263,p
FNDA:263,v
FNDA:249,w
FNDA:247,A
FNDA:245,C
FNDA:242,g
FNDA:240,b
FNDA:26,k
FNDA:40,T
FNDA:500,x
FNDA:22,y
FNDA:28,m
FNDA:32,R
FNDA:30,F
FNDA:468,Q
FNDA:109,S
FNDA:218,U
FNDA:168,E
FNDA:218,G
FNDA:416,B
FNDA:416,j
FNDA:298,$
FNDA:406,q
FNDA:218,L
FNDA:406,M
FNDA:404,D
FNDA:618,H
FNDA:586,O
FNDA:570,W
FNDA:570,z
FNDA:570,I
FNDA:570,J
FNDA:554,K
FNDA:538,N
FNDA:538,P
FNDA:538,V
FNDA:520,X
FNDA:620,Y
FNDA:334,Z
FNDA:474,_
FNDA:472,nl
FNDA:470,ll
FNDA:466,ul
FNDA:466,tl
FNDA:102,hl
FNDA:102,dl
FNDA:2,wl
FNDA:2,gl
FNDA:26,bl
FNDA:26,Tl
FNDA:14,Sl
FNDA:2,Gl
FNDA:2,Bl
FNDA:3,ql
FNDA:2,Dl
FNDA:3,Wl
FNDA:38,Jl
FNDA:32,Xl
FNDA:22,Yl
FNDA:6,nu
FNDA:2,tu
FNDA:2,ou
FNDA:52,hu
FNDA:25,wu
FNDA:158,bu
FNDA:10,xu
FNDA:0,Su
FNDA:2,Uu
FNDA:2,Bu
FNDA:32,qu
FNDA:16,Du
FNDA:0,Wu
FNDA:0,Ju
FNDA:0,Pu
FNDA:16,Yu
FNDA:16,nt
FNDA:0,tt
FNDA:0,ot
FNDA:18,at
FNDA:16,ht
FNDA:2,wt
FNDA:30,kt
FNDA:2,Rt
FNDA:2,Et
FNDA:4,jt
FNDA:0,$t
FNDA:778,gen
FNDA:79,array
FNDA:233,object
FNDA:77,number
FNDA:6,boolean
FNDA:309,string
FNDA:8,_function
FNDA:66,regexp
FNDA:215,_all
FNDA:215,placeholder
FNDA:7,getValueByKeyPath
FNDA:7,normalizePath
FNDA:222,splitPathToArray
FNDA:152,toJSONSchema
FNDA:44,(anonymous_267)
FNDA:53,(anonymous_268)
FNDA:98,diff
FNDA:98,name
FNDA:96,type$1
FNDA:94,value
FNDA:94,properties
FNDA:45,_loop_1
FNDA:47,(anonymous_275)
FNDA:94,items
FNDA:23,message
FNDA:251,equal
FNDA:3,match
FNDA:0,notEqual
FNDA:0,greaterThan
FNDA:0,lessThan
FNDA:14,greaterThanOrEqualTo
FNDA:14,lessThanOrEqualTo
FNDA:44,valid
FNDA:0,(anonymous_286)
FNDA:1,(anonymous_287)
FNDA:13,MockXMLHttpRequest
FNDA:12,(anonymous_289)
FNDA:12,(anonymous_290)
FNDA:0,handle
FNDA:39,(anonymous_292)
FNDA:12,(anonymous_293)
FNDA:12,done
FNDA:0,(anonymous_295)
FNDA:0,(anonymous_296)
FNDA:12,(anonymous_297)
FNDA:0,(anonymous_298)
FNDA:0,(anonymous_299)
FNDA:0,(anonymous_300)
FNDA:84,(anonymous_301)
FNDA:1,(anonymous_302)
FNDA:0,createNativeXMLHttpRequest
FNDA:0,(anonymous_304)
FNDA:0,createStandardXHR
FNDA:0,createActiveXHR
FNDA:12,find
FNDA:61,match
FNDA:12,convert
FNDA:1,setup
FNDA:151,(anonymous_311)
DA:5,1
DA:6,1
DA:12,1
DA:13,1
DA:14,629
DA:17,0
DA:18,0
DA:22,1
DA:42,1
DA:49,1
DA:51,13
DA:52,0
DA:55,13
DA:57,13
DA:58,13
DA:60,13
DA:62,13
DA:64,73
DA:65,73
DA:71,13
DA:73,1
DA:76,118
DA:77,0
DA:78,0
DA:80,118
DA:81,65
DA:82,91
DA:85,53
DA:86,53
DA:90,1
DA:91,1883
DA:93,1
DA:94,0
DA:96,1
DA:97,0
DA:99,1
DA:100,339
DA:102,1
DA:103,0
DA:105,1
DA:106,12
DA:108,1
DA:109,0
DA:111,1
DA:112,0
DA:114,1
DA:115,110
DA:117,110
DA:118,318
DA:119,318
DA:123,110
DA:125,1
DA:126,0
DA:128,0
DA:129,0
DA:130,0
DA:134,0
DA:152,1
DA:156,0
DA:158,1
DA:160,1
DA:179,1
DA:180,18
DA:181,5
DA:182,5
DA:183,5
DA:186,13
DA:188,1
DA:189,4
DA:192,1
DA:193,5270
DA:194,5270
DA:196,5270
DA:199,1
DA:200,147
DA:201,147
DA:203,147
DA:205,1
DA:206,0
DA:209,1
DA:210,10
DA:211,10
DA:212,10
DA:213,10
DA:214,10
DA:216,10
DA:217,80
DA:221,10
DA:224,1
DA:225,4202
DA:226,4202
DA:227,4202
DA:228,4202
DA:229,4202
DA:237,4202
DA:238,4202
DA:240,1
DA:241,0
DA:244,1
DA:247,32
DA:250,2
DA:251,2
DA:255,2
DA:256,2
DA:257,2
DA:261,26
DA:262,24
DA:265,2
DA:266,2
DA:269,26
DA:272,2
DA:273,2
DA:276,32
DA:278,32
DA:279,182
DA:282,32
DA:284,1
DA:285,0
DA:288,1
DA:290,8
DA:291,2
DA:292,2
DA:296,8
DA:297,8
DA:298,8
DA:299,8
DA:300,8
DA:301,8
DA:302,8
DA:304,8
DA:305,44
DA:306,44
DA:309,8
DA:312,1
DA:327,1
DA:330,8
DA:334,33
DA:335,33
DA:338,3
DA:341,33
DA:342,33
DA:346,31
DA:347,31
DA:351,1
DA:352,1
DA:355,1
DA:358,31
DA:359,31
DA:363,31
DA:364,31
DA:368,3
DA:369,3
DA:373,3
DA:376,3
DA:381,1
DA:382,1
DA:383,1
DA:386,1
DA:388,1
DA:389,37
DA:390,229
DA:395,1
DA:396,19
DA:397,19
DA:398,19
DA:402,1
DA:403,4
DA:404,4
DA:407,1
DA:408,2
DA:409,2
DA:412,1
DA:413,13
DA:414,13
DA:417,1
DA:419,18
DA:421,16
DA:422,2
DA:423,2
DA:427,18
DA:428,18
DA:429,18
DA:431,18
DA:433,2
DA:434,2
DA:437,2
DA:438,2
DA:441,2
DA:442,2
DA:445,2
DA:446,2
DA:449,2
DA:450,2
DA:453,2
DA:454,2
DA:457,2
DA:460,18
DA:463,1
DA:470,1
DA:471,58
DA:474,1
DA:475,4
DA:478,1
DA:479,4
DA:482,1
DA:484,316
DA:485,4
DA:486,4
DA:487,4
DA:490,312
DA:492,312
DA:495,316
DA:497,2
DA:507,1
DA:508,24
DA:509,24
DA:510,24
DA:511,24
DA:512,24
DA:514,24
DA:515,106
DA:516,106
DA:517,106
DA:520,24
DA:523,20
DA:526,1
DA:530,4
DA:531,4
DA:532,4
DA:536,1
DA:546,1
DA:556,1
DA:716,1
DA:718,6
DA:719,1
DA:720,1
DA:724,6
DA:725,1
DA:726,1
DA:730,6
DA:731,6
DA:732,6
DA:734,6
DA:736,1
DA:739,1
DA:742,6
DA:743,6
DA:754,0
DA:756,0
DA:759,6
DA:761,6
DA:762,0
DA:765,6
DA:766,2
DA:769,6
DA:770,6
DA:771,6
DA:772,6
DA:774,6
DA:776,6
DA:777,6
DA:778,6
DA:779,6
DA:780,6
DA:781,6
DA:782,6
DA:783,6
DA:784,6
DA:785,6
DA:786,6
DA:787,6
DA:788,6
DA:791,1
DA:798,1
DA:799,5
DA:800,5
DA:801,5
DA:802,5
DA:803,5
DA:804,5
DA:805,5
DA:806,5
DA:807,5
DA:809,5
DA:811,2
DA:814,1
DA:817,1
DA:820,0
DA:823,1
DA:826,0
DA:829,1
DA:830,1
DA:831,1
DA:832,1
DA:835,1
DA:836,1
DA:837,1
DA:838,1
DA:839,1
DA:842,1
DA:846,3
DA:851,1
DA:925,1
DA:926,2
DA:927,2
DA:930,1
DA:931,3
DA:933,3
DA:934,3
DA:937,1
DA:938,1
DA:940,1
DA:941,1
DA:944,1
DA:945,1
DA:947,1
DA:948,1
DA:951,1
DA:952,1
DA:954,1
DA:955,1
DA:960,1
DA:962,1
DA:963,6
DA:964,6
DA:965,6
DA:966,6
DA:967,6
DA:968,6
DA:969,6
DA:972,1
DA:980,1
DA:981,616
DA:985,1
DA:986,6
DA:988,6
DA:990,6
DA:991,20
DA:994,6
DA:996,1
DA:997,0
DA:999,0
DA:1001,0
DA:1002,0
DA:1005,0
DA:1008,1
DA:1009,26
DA:1011,26
DA:1013,26
DA:1014,350
DA:1017,26
DA:1020,1
DA:1021,0
DA:1023,0
DA:1025,0
DA:1026,0
DA:1029,0
DA:1032,1
DA:1033,578
DA:1035,578
DA:1037,578
DA:1038,3805
DA:1041,578
DA:1044,1
DA:1046,0
DA:1049,0
DA:1052,0
DA:1053,0
DA:1054,0
DA:1058,0
DA:1059,0
DA:1062,0
DA:1063,0
DA:1066,0
DA:1070,0
DA:1071,0
DA:1074,0
DA:1075,0
DA:1078,0
DA:1081,0
DA:1082,0
DA:1085,0
DA:1087,0
DA:1088,0
DA:1091,0
DA:1094,1
DA:1095,6
DA:1097,6
DA:1099,6
DA:1100,28
DA:1103,6
DA:1106,1
DA:1107,0
DA:1109,0
DA:1111,0
DA:1112,0
DA:1115,0
DA:1118,1
DA:1129,1
DA:1130,8
DA:1131,8
DA:1132,8
DA:1135,1
DA:1136,6
DA:1137,6
DA:1140,1
DA:1141,4
DA:1146,1
DA:1147,2
DA:1148,2
DA:1152,1
DA:1153,2
DA:1154,2
DA:1157,1
DA:1158,1
DA:1161,1
DA:1172,1
DA:1173,39
DA:1178,1
DA:1180,39
DA:1181,39
DA:1184,1
DA:1185,42
DA:1191,1
DA:1192,99
DA:1200,1
DA:1201,57
DA:1202,57
DA:1205,1
DA:1206,2
DA:1209,1
DA:1218,1
DA:5217,1
DA:5218,1
DA:5221,1
DA:5222,3996
DA:5224,3996
DA:5225,0
DA:5228,3996
DA:5231,1
DA:5233,1
DA:5234,3996
DA:5235,3996
DA:5238,3996
DA:5239,35
DA:5240,35
DA:5243,3961
DA:5245,3961
DA:5246,61
DA:5249,3900
DA:5250,394
DA:5253,3900
DA:5256,1
DA:5259,1
DA:5261,1
DA:5262,3996
DA:5264,3996
DA:5265,35
DA:5267,3961
DA:5268,366
DA:5270,3595
DA:5274,3996
DA:5281,1
DA:5283,1
DA:5285,1
DA:5286,2
DA:5289,1
DA:5290,2
DA:5293,1
DA:5294,3
DA:5295,3
DA:5296,3
DA:5299,1
DA:5300,3
DA:5301,3
DA:5302,3
DA:5305,3
DA:5308,1
DA:5309,1
DA:5311,1
DA:5312,6
DA:5315,1
DA:5318,1
DA:5327,1
DA:5328,0
DA:5330,1
DA:5331,0
DA:5333,1
DA:5334,0
DA:5336,1
DA:5337,0
DA:5339,1
DA:5340,0
DA:5342,1
DA:5343,0
DA:5347,1
DA:5348,4
DA:5349,4
DA:5351,1
DA:5357,1
DA:5359,2
DA:5360,2
DA:5361,2
DA:5362,2
DA:5364,2
DA:5365,34
DA:5368,2
DA:5369,2
DA:5373,1
DA:5374,1
DA:5375,6
DA:5377,1
DA:5379,1
DA:5393,1
DA:5394,1
DA:5395,0
DA:5396,0
DA:5398,0
DA:5399,0
DA:5403,0
DA:5406,1
DA:5408,1
DA:5411,1
DA:5412,930
DA:5413,930
DA:5414,930
DA:5415,930
DA:5417,930
DA:5420,930
DA:5421,930
DA:5422,930
DA:5424,930
DA:5427,930
DA:5428,930
DA:5445,930
DA:5446,7002
DA:5449,759
DA:5490,1
DA:5491,1
DA:5492,1
DA:5493,1
DA:5495,1
DA:5496,1
DA:5497,1
DA:5502,1
DA:5504,1
DA:5505,9
DA:5508,1
DA:5515,8
DA:5517,8
DA:5518,190
DA:5521,8
DA:5524,1
DA:5527,403
DA:5530,403
DA:5533,83
DA:5536,4
DA:5539,13
DA:5542,0
DA:5546,1
DA:5550,1
DA:5553,43
DA:5556,4
DA:5559,0
DA:5562,0
DA:5565,0
DA:5568,4
DA:5571,4
DA:5574,0
DA:5577,0
DA:5581,5
DA:5585,4
DA:5588,0
DA:5591,1
DA:5606,4
DA:5615,79
DA:5617,79
DA:5618,129
DA:5621,79
DA:5626,10
DA:5627,10
DA:5628,10
DA:5633,2
DA:5638,1
DA:5643,1
DA:5666,19
DA:5668,19
DA:5670,19
DA:5671,78
DA:5674,19
DA:5685,19
DA:5686,19
DA:5687,19
DA:5691,51
DA:5692,8
DA:5696,43
DA:5697,43
DA:5700,8
DA:5702,8
DA:5703,8
DA:5705,8
DA:5707,2
DA:5708,2
DA:5711,0
DA:5712,0
DA:5714,0
DA:5715,0
DA:5721,6
DA:5723,6
DA:5724,6
DA:5725,299
DA:5732,8
DA:5736,35
DA:5737,35
DA:5738,35
DA:5741,95
DA:5745,5
DA:5749,1
DA:5752,1
DA:5756,15
DA:5760,1
DA:5761,1
DA:5762,1
DA:5764,1
DA:5765,32
DA:5768,1
DA:5771,1
DA:5778,597
DA:5782,4
DA:5786,102
DA:5790,32
DA:5794,22
DA:5798,26
DA:5802,26
DA:5806,52
DA:5810,25
DA:5814,158
DA:5818,4
DA:5822,2
DA:5826,2
DA:5830,30
DA:5834,2
DA:5837,1
DA:5840,1
DA:5843,1
DA:5850,0
DA:5853,0
DA:5854,0
DA:5856,0
DA:5858,0
DA:5860,0
DA:5866,0
DA:5868,0
DA:5869,0
DA:5872,0
DA:5873,0
DA:5876,0
DA:5879,0
DA:5882,0
DA:5887,597
DA:5891,597
DA:5898,0
DA:5899,0
DA:5903,0
DA:5911,8959
DA:5915,0
DA:5917,0
DA:5918,0
DA:5924,102
DA:5929,102
DA:5930,102
DA:5931,102
DA:5932,161
DA:5935,102
DA:5936,0
DA:5937,0
DA:5938,102
DA:5943,500
DA:5948,102
DA:5953,102
DA:5958,263
DA:5963,263
DA:5968,263
DA:5973,263
DA:5978,249
DA:5983,247
DA:5988,245
DA:5993,242
DA:5998,240
DA:6003,26
DA:6008,40
DA:6009,50
DA:6010,2
DA:6011,40
DA:6016,500
DA:6021,22
DA:6026,28
DA:6031,32
DA:6036,30
DA:6041,468
DA:6042,52
DA:6043,52
DA:6044,57
DA:6047,52
DA:6048,0
DA:6049,416
DA:6050,468
DA:6055,109
DA:6060,218
DA:6065,168
DA:6070,218
DA:6075,416
DA:6080,416
DA:6085,298
DA:6090,406
DA:6095,218
DA:6100,406
DA:6105,404
DA:6110,618
DA:6115,586
DA:6120,570
DA:6125,570
DA:6130,570
DA:6135,570
DA:6140,554
DA:6145,538
DA:6150,538
DA:6155,538
DA:6160,520
DA:6165,620
DA:6170,334
DA:6176,474
DA:6177,2
DA:6178,4
DA:6179,0
DA:6180,2
DA:6181,472
DA:6183,474
DA:6189,472
DA:6190,2
DA:6191,4
DA:6192,0
DA:6193,2
DA:6194,470
DA:6196,472
DA:6202,470
DA:6203,4
DA:6204,16
DA:6205,0
DA:6206,4
DA:6207,466
DA:6209,470
DA:6214,466
DA:6219,466
DA:6223,66
DA:6224,66
DA:6227,66
DA:6228,66
DA:6229,66
DA:6230,66
DA:6231,66
DA:6232,66
DA:6233,102
DA:6235,66
DA:6236,102
DA:6238,66
DA:6239,66
DA:6240,66
DA:6241,2
DA:6243,66
DA:6244,66
DA:6245,66
DA:6246,2
DA:6248,66
DA:6249,26
DA:6251,66
DA:6252,66
DA:6253,26
DA:6255,66
DA:6256,66
DA:6257,66
DA:6258,66
DA:6259,66
DA:6260,66
DA:6261,66
DA:6262,14
DA:6264,66
DA:6265,66
DA:6266,66
DA:6267,2
DA:6269,66
DA:6270,2
DA:6272,66
DA:6273,66
DA:6274,66
DA:6275,3
DA:6277,66
DA:6278,66
DA:6279,66
DA:6280,2
DA:6282,66
DA:6283,66
DA:6284,66
DA:6285,3
DA:6287,66
DA:6288,66
DA:6289,66
DA:6290,38
DA:6292,66
DA:6293,66
DA:6294,66
DA:6295,66
DA:6296,66
DA:6297,32
DA:6299,66
DA:6300,22
DA:6302,66
DA:6303,66
DA:6304,66
DA:6305,6
DA:6307,66
DA:6308,66
DA:6309,66
DA:6310,2
DA:6312,66
DA:6313,66
DA:6314,66
DA:6315,2
DA:6317,66
DA:6318,66
DA:6319,66
DA:6320,66
DA:6321,66
DA:6322,66
DA:6323,52
DA:6325,66
DA:6326,66
DA:6327,66
DA:6328,66
DA:6329,25
DA:6331,66
DA:6332,66
DA:6333,66
DA:6334,66
DA:6335,158
DA:6337,66
DA:6338,66
DA:6339,66
DA:6340,10
DA:6342,66
DA:6343,66
DA:6344,66
DA:6345,66
DA:6346,66
DA:6347,66
DA:6348,0
DA:6350,66
DA:6351,2
DA:6353,66
DA:6354,66
DA:6355,66
DA:6356,2
DA:6358,66
DA:6359,66
DA:6360,66
DA:6361,32
DA:6363,66
DA:6364,66
DA:6365,66
DA:6366,16
DA:6368,66
DA:6369,66
DA:6370,66
DA:6371,0
DA:6373,66
DA:6374,66
DA:6375,66
DA:6376,0
DA:6378,66
DA:6379,66
DA:6380,66
DA:6381,0
DA:6383,66
DA:6384,66
DA:6385,66
DA:6386,16
DA:6388,66
DA:6389,66
DA:6390,66
DA:6391,16
DA:6393,66
DA:6394,66
DA:6395,66
DA:6396,0
DA:6398,66
DA:6399,66
DA:6400,66
DA:6401,0
DA:6403,66
DA:6404,66
DA:6405,66
DA:6406,18
DA:6408,66
DA:6409,66
DA:6410,66
DA:6411,16
DA:6413,66
DA:6414,66
DA:6415,66
DA:6416,66
DA:6417,2
DA:6419,66
DA:6420,66
DA:6421,66
DA:6422,66
DA:6423,66
DA:6424,30
DA:6426,66
DA:6427,66
DA:6428,66
DA:6429,66
DA:6430,66
DA:6431,2
DA:6433,66
DA:6434,66
DA:6435,66
DA:6436,66
DA:6437,66
DA:6438,2
DA:6440,66
DA:6441,66
DA:6442,66
DA:6443,4
DA:6445,66
DA:6446,0
DA:6448,66
DA:6449,66
DA:6450,66
DA:6451,66
DA:6456,66
DA:6457,66
DA:6458,66
DA:6460,66
DA:6461,0
DA:6462,0
DA:6465,66
DA:6466,0
DA:6469,1
DA:6474,1
DA:6475,1
DA:6477,1
DA:6482,1
DA:6495,778
DA:6496,778
DA:6497,778
DA:6507,778
DA:6508,778
DA:6511,778
DA:6512,778
DA:6522,778
DA:6523,778
DA:6526,0
DA:6529,79
DA:6535,79
DA:6537,78
DA:6538,29
DA:6539,85
DA:6540,85
DA:6541,85
DA:6549,85
DA:6550,85
DA:6554,49
DA:6556,6
DA:6557,6
DA:6558,6
DA:6566,6
DA:6567,6
DA:6570,43
DA:6571,20
DA:6572,20
DA:6573,20
DA:6574,20
DA:6582,20
DA:6583,20
DA:6584,20
DA:6587,23
DA:6589,123
DA:6590,140
DA:6591,140
DA:6592,140
DA:6600,140
DA:6601,140
DA:6608,78
DA:6611,233
DA:6619,233
DA:6620,16
DA:6621,16
DA:6622,16
DA:6624,16
DA:6625,43
DA:6626,43
DA:6627,43
DA:6628,43
DA:6629,43
DA:6637,43
DA:6638,43
DA:6642,217
DA:6643,217
DA:6645,217
DA:6646,343
DA:6647,343
DA:6650,217
DA:6660,217
DA:6661,343
DA:6662,343
DA:6663,343
DA:6664,343
DA:6665,343
DA:6673,343
DA:6674,343
DA:6676,343
DA:6678,343
DA:6679,54
DA:6684,233
DA:6689,77
DA:6691,10
DA:6692,10
DA:6697,10
DA:6698,10
DA:6700,10
DA:6701,53
DA:6705,10
DA:6709,67
DA:6712,77
DA:6718,6
DA:6719,6
DA:6722,309
DA:6728,309
DA:6732,305
DA:6733,301
DA:6737,305
DA:6738,26
DA:6742,305
DA:6744,305
DA:6745,218
DA:6747,218
DA:6748,3
DA:6749,3
DA:6752,215
DA:6754,215
DA:6756,39
DA:6757,39
DA:6759,0
DA:6760,0
DA:6761,0
DA:6764,0
DA:6765,0
DA:6767,0
DA:6771,176
DA:6776,4
DA:6779,309
DA:6783,8
DA:6786,66
DA:6790,66
DA:6791,66
DA:6795,66
DA:6796,0
DA:6799,66
DA:6802,215
DA:6804,215
DA:6805,13760
DA:6808,215
DA:6814,215
DA:6816,215
DA:6817,215
DA:6818,215
DA:6819,215
DA:6820,215
DA:6822,215
DA:6824,215
DA:6829,215
DA:6832,0
DA:6836,215
DA:6837,1
DA:6841,214
DA:6842,7
DA:6847,207
DA:6849,0
DA:6853,0
DA:6857,207
DA:6858,2
DA:6862,205
DA:6863,93
DA:6865,93
DA:6866,0
DA:6870,205
DA:6872,205
DA:6875,0
DA:6879,205
DA:6880,205
DA:6881,205
DA:6883,205
DA:6884,205
DA:6888,7
DA:6889,7
DA:6890,7
DA:6892,7
DA:6893,4
DA:6896,3
DA:6897,3
DA:6898,3
DA:6899,3
DA:6903,7
DA:6904,7
DA:6905,7
DA:6907,7
DA:6908,6
DA:6909,6
DA:6913,7
DA:6915,0
DA:6918,0
DA:6922,0
DA:6927,7
DA:6929,7
DA:6930,28
DA:6932,6
DA:6933,6
DA:6936,0
DA:6939,22
DA:6943,7
DA:6946,222
DA:6948,222
DA:6949,0
DA:6952,222
DA:6953,8
DA:6956,222
DA:6966,152
DA:6967,152
DA:6973,152
DA:6974,152
DA:6976,152
DA:6978,20
DA:6979,20
DA:6980,44
DA:6982,20
DA:6985,53
DA:6986,53
DA:6987,53
DA:6989,53
DA:6992,152
DA:7030,1
DA:7034,98
DA:7036,98
DA:7037,94
DA:7038,94
DA:7039,94
DA:7042,98
DA:7047,98
DA:7048,98
DA:7049,98
DA:7052,96
DA:7054,96
DA:7057,9
DA:7058,7
DA:7061,16
DA:7063,14
DA:7065,4
DA:7066,4
DA:7071,10
DA:7072,4
DA:7076,8
DA:7080,0
DA:7083,86
DA:7084,86
DA:7087,94
DA:7088,94
DA:7089,94
DA:7091,94
DA:7092,61
DA:7096,33
DA:7097,22
DA:7099,3
DA:7100,3
DA:7104,4
DA:7105,2
DA:7108,2
DA:7111,17
DA:7112,17
DA:7118,11
DA:7120,3
DA:7121,3
DA:7124,3
DA:7125,3
DA:7127,3
DA:7131,3
DA:7132,0
DA:7136,3
DA:7138,0
DA:7139,0
DA:7140,0
DA:7144,0
DA:7145,0
DA:7149,3
DA:7152,0
DA:7156,5
DA:7157,5
DA:7159,5
DA:7160,2
DA:7161,2
DA:7165,5
DA:7166,3
DA:7169,5
DA:7172,3
DA:7173,3
DA:7175,3
DA:7176,3
DA:7177,3
DA:7181,3
DA:7182,0
DA:7185,3
DA:7188,11
DA:7191,94
DA:7192,94
DA:7193,94
DA:7195,94
DA:7196,49
DA:7200,45
DA:7201,45
DA:7205,0
DA:7206,0
DA:7207,0
DA:7211,0
DA:7213,0
DA:7214,0
DA:7219,45
DA:7220,1
DA:7223,44
DA:7225,45
DA:7228,47
DA:7229,43
DA:7232,45
DA:7233,45
DA:7236,44
DA:7238,44
DA:7239,45
DA:7242,44
DA:7245,94
DA:7247,94
DA:7248,78
DA:7251,16
DA:7253,16
DA:7254,2
DA:7258,14
DA:7259,6
DA:7260,6
DA:7264,14
DA:7266,4
DA:7267,4
DA:7269,0
DA:7274,10
DA:7275,4
DA:7279,8
DA:7280,5
DA:7283,3
DA:7284,9
DA:7287,3
DA:7299,1
DA:7301,23
DA:7304,251
DA:7305,232
DA:7308,19
DA:7311,8
DA:7312,6
DA:7315,2
DA:7318,13
DA:7326,13
DA:7327,13
DA:7328,13
DA:7332,3
DA:7333,2
DA:7336,1
DA:7344,1
DA:7345,1
DA:7346,1
DA:7349,0
DA:7350,0
DA:7353,0
DA:7361,0
DA:7362,0
DA:7363,0
DA:7366,0
DA:7367,0
DA:7370,0
DA:7378,0
DA:7379,0
DA:7380,0
DA:7383,0
DA:7384,0
DA:7387,0
DA:7395,0
DA:7396,0
DA:7397,0
DA:7400,14
DA:7401,9
DA:7404,5
DA:7412,5
DA:7413,5
DA:7414,5
DA:7417,14
DA:7418,10
DA:7421,4
DA:7429,4
DA:7430,4
DA:7431,4
DA:7435,1
DA:7436,44
DA:7437,44
DA:7440,1
DA:7441,1
DA:7445,1
DA:7446,1
DA:7451,1
DA:7452,1
DA:7454,0
DA:7455,0
DA:7457,0
DA:7458,0
DA:7462,1
DA:7470,1
DA:7471,1
DA:7472,1
DA:7474,1
DA:7520,1
DA:7523,13
DA:7525,13
DA:7526,13
DA:7527,13
DA:7528,13
DA:7530,13
DA:7531,13
DA:7532,13
DA:7533,13
DA:7535,13
DA:7536,13
DA:7537,13
DA:7538,13
DA:7539,13
DA:7540,13
DA:7541,13
DA:7542,13
DA:7543,13
DA:7545,13
DA:7552,1
DA:7553,12
DA:7554,12
DA:7566,12
DA:7567,12
DA:7568,0
DA:7571,12
DA:7572,0
DA:7575,12
DA:7576,12
DA:7577,12
DA:7578,12
DA:7579,12
DA:7584,12
DA:7588,0
DA:7589,0
DA:7590,0
DA:7595,0
DA:7601,12
DA:7603,0
DA:7604,0
DA:7606,0
DA:7607,0
DA:7611,0
DA:7612,0
DA:7614,0
DA:7618,0
DA:7619,0
DA:7620,0
DA:7624,0
DA:7628,12
DA:7629,12
DA:7630,12
DA:7631,12
DA:7637,1
DA:7639,39
DA:7640,0
DA:7641,0
DA:7645,39
DA:7647,39
DA:7648,12
DA:7650,27
DA:7655,1
DA:7656,12
DA:7657,12
DA:7659,12
DA:7660,0
DA:7661,0
DA:7666,12
DA:7668,12
DA:7672,12
DA:7674,12
DA:7677,0
DA:7681,12
DA:7682,12
DA:7685,12
DA:7686,12
DA:7689,12
DA:7690,12
DA:7692,12
DA:7693,12
DA:7694,12
DA:7697,12
DA:7700,12
DA:7708,1
DA:7710,0
DA:7711,0
DA:7712,0
DA:7716,0
DA:7717,0
DA:7718,0
DA:7722,1
DA:7724,0
DA:7725,0
DA:7729,0
DA:7734,1
DA:7736,12
DA:7737,0
DA:7741,12
DA:7742,12
DA:7744,12
DA:7745,0
DA:7746,0
DA:7749,12
DA:7752,1
DA:7756,1
DA:7757,0
DA:7758,0
DA:7759,0
DA:7762,1
DA:7763,0
DA:7765,0
DA:7766,0
DA:7767,0
DA:7772,1
DA:7773,84
DA:7775,84
DA:7776,0
DA:7779,84
DA:7780,84
DA:7783,1
DA:7787,1
DA:7788,1
DA:7789,1
DA:7792,1
DA:7793,1
DA:7794,1
DA:7795,1
DA:7796,1
DA:7797,1
DA:7798,1
DA:7803,0
DA:7804,0
DA:7805,0
DA:7806,0
DA:7807,0
DA:7808,0
DA:7811,0
DA:7814,0
DA:7815,0
DA:7820,0
DA:7821,0
DA:7828,12
DA:7829,48
DA:7831,48
DA:7833,12
DA:7838,61
DA:7839,3
DA:7842,58
DA:7843,58
DA:7850,12
DA:7854,1
DA:7864,1
DA:7870,1
DA:7871,1
DA:7881,1
DA:7883,151
DA:7884,141
DA:7888,10
DA:7889,4
DA:7890,4
DA:7894,10
DA:7895,10
DA:7898,10
DA:7903,10
DA:7906,1
LF:1498
LH:1270
BRDA:6,0,0,1
BRDA:6,0,1,0
BRDA:6,1,0,1
BRDA:6,1,1,1
BRDA:7,2,0,0
BRDA:7,2,1,0
BRDA:7,3,0,0
BRDA:7,3,1,0
BRDA:8,4,0,0
BRDA:8,4,1,0
BRDA:12,5,0,1
BRDA:12,5,1,0
BRDA:12,6,0,1
BRDA:12,6,1,1
BRDA:18,7,0,0
BRDA:18,7,1,0
BRDA:18,8,0,0
BRDA:18,8,1,0
BRDA:18,8,2,0
BRDA:18,8,3,0
BRDA:51,9,0,0
BRDA:51,9,1,13
BRDA:60,10,0,13
BRDA:60,10,1,0
BRDA:64,11,0,73
BRDA:64,11,1,0
BRDA:76,12,0,0
BRDA:76,12,1,118
BRDA:80,13,0,65
BRDA:80,13,1,53
BRDA:82,14,0,0
BRDA:82,14,1,91
BRDA:86,15,0,0
BRDA:86,15,1,53
BRDA:91,16,0,2
BRDA:91,16,1,1881
BRDA:91,17,0,1883
BRDA:91,17,1,1883
BRDA:109,18,0,0
BRDA:109,18,1,0
BRDA:112,19,0,0
BRDA:112,19,1,0
BRDA:118,20,0,318
BRDA:118,20,1,0
BRDA:129,21,0,0
BRDA:129,21,1,0
BRDA:180,22,0,5
BRDA:180,22,1,13
BRDA:181,23,0,5
BRDA:181,23,1,0
BRDA:181,24,0,5
BRDA:181,24,1,5
BRDA:182,25,0,3
BRDA:182,25,1,2
BRDA:182,26,0,5
BRDA:182,26,1,3
BRDA:183,27,0,3
BRDA:183,27,1,2
BRDA:193,28,0,5268
BRDA:193,28,1,2
BRDA:194,29,0,5266
BRDA:194,29,1,4
BRDA:200,30,0,136
BRDA:200,30,1,11
BRDA:201,31,0,133
BRDA:201,31,1,14
BRDA:210,32,0,6
BRDA:210,32,1,4
BRDA:212,33,0,8
BRDA:212,33,1,2
BRDA:218,34,0,71
BRDA:218,34,1,9
BRDA:237,35,0,4202
BRDA:237,35,1,154
BRDA:247,36,0,2
BRDA:247,36,1,2
BRDA:247,36,2,26
BRDA:247,36,3,2
BRDA:261,37,0,24
BRDA:261,37,1,2
BRDA:290,38,0,2
BRDA:290,38,1,6
BRDA:291,39,0,2
BRDA:291,39,1,0
BRDA:296,40,0,8
BRDA:296,40,1,4
BRDA:335,41,0,29
BRDA:335,41,1,4
BRDA:342,42,0,6
BRDA:342,42,1,27
BRDA:347,43,0,5
BRDA:347,43,1,26
BRDA:352,44,0,1
BRDA:352,44,1,0
BRDA:359,45,0,4
BRDA:359,45,1,27
BRDA:364,46,0,5
BRDA:364,46,1,26
BRDA:369,47,0,3
BRDA:369,47,1,0
BRDA:369,47,2,3
BRDA:369,47,3,0
BRDA:369,47,4,3
BRDA:373,48,0,1
BRDA:373,48,1,2
BRDA:376,49,0,0
BRDA:376,49,1,3
BRDA:390,50,0,181
BRDA:390,50,1,48
BRDA:390,51,0,5
BRDA:390,51,1,43
BRDA:396,52,0,19
BRDA:396,52,1,0
BRDA:397,53,0,19
BRDA:397,53,1,0
BRDA:403,54,0,4
BRDA:403,54,1,2
BRDA:408,55,0,2
BRDA:408,55,1,2
BRDA:413,56,0,13
BRDA:413,56,1,2
BRDA:419,57,0,16
BRDA:419,57,1,2
BRDA:421,58,0,2
BRDA:421,58,1,14
BRDA:427,59,0,18
BRDA:427,59,1,4
BRDA:428,60,0,18
BRDA:428,60,1,16
BRDA:431,61,0,2
BRDA:431,61,1,2
BRDA:431,61,2,2
BRDA:431,61,3,2
BRDA:431,61,4,2
BRDA:431,61,5,2
BRDA:431,61,6,2
BRDA:484,62,0,4
BRDA:484,62,1,312
BRDA:490,63,0,310
BRDA:490,63,1,2
BRDA:492,64,0,311
BRDA:492,64,1,1
BRDA:495,65,0,314
BRDA:495,65,1,2
BRDA:495,66,0,316
BRDA:495,66,1,315
BRDA:508,67,0,24
BRDA:508,67,1,2
BRDA:520,68,0,2
BRDA:520,68,1,20
BRDA:520,68,2,1
BRDA:520,68,3,4
BRDA:718,69,0,1
BRDA:718,69,1,5
BRDA:724,70,0,1
BRDA:724,70,1,5
BRDA:730,71,0,2
BRDA:730,71,1,4
BRDA:731,72,0,4
BRDA:731,72,1,2
BRDA:731,73,0,6
BRDA:731,73,1,4
BRDA:732,74,0,2
BRDA:732,74,1,4
BRDA:732,75,0,6
BRDA:732,75,1,2
BRDA:734,76,0,4
BRDA:734,76,1,2
BRDA:734,77,0,2
BRDA:734,77,1,4
BRDA:734,78,0,1
BRDA:734,78,1,5
BRDA:734,79,0,3
BRDA:734,79,1,3
BRDA:742,80,0,6
BRDA:742,80,1,0
BRDA:759,81,0,6
BRDA:759,81,1,6
BRDA:759,81,2,6
BRDA:761,82,0,0
BRDA:761,82,1,6
BRDA:761,83,0,6
BRDA:761,83,1,6
BRDA:765,84,0,2
BRDA:765,84,1,4
BRDA:769,85,0,2
BRDA:769,85,1,4
BRDA:809,86,0,2
BRDA:809,86,1,1
BRDA:809,86,2,1
BRDA:809,86,3,0
BRDA:809,86,4,1
BRDA:809,86,5,0
BRDA:837,87,0,0
BRDA:837,87,1,1
BRDA:926,88,0,0
BRDA:926,88,1,2
BRDA:926,89,0,2
BRDA:926,89,1,2
BRDA:964,90,0,6
BRDA:964,90,1,1
BRDA:967,91,0,6
BRDA:967,91,1,0
BRDA:968,92,0,6
BRDA:968,92,1,0
BRDA:981,93,0,600
BRDA:981,93,1,16
BRDA:981,94,0,8
BRDA:981,94,1,8
BRDA:1049,95,0,0
BRDA:1049,95,1,0
BRDA:1049,95,2,0
BRDA:1049,95,3,0
BRDA:1058,96,0,0
BRDA:1058,96,1,0
BRDA:1070,97,0,0
BRDA:1070,97,1,0
BRDA:1141,98,0,2
BRDA:1141,98,1,2
BRDA:1173,99,0,39
BRDA:1173,99,1,39
BRDA:1174,100,0,39
BRDA:1174,100,1,39
BRDA:1185,101,0,42
BRDA:1185,101,1,41
BRDA:1201,102,0,57
BRDA:1201,102,1,56
BRDA:5224,103,0,0
BRDA:5224,103,1,3996
BRDA:5224,104,0,3996
BRDA:5224,104,1,3996
BRDA:5235,105,0,0
BRDA:5235,105,1,3996
BRDA:5238,106,0,35
BRDA:5238,106,1,3961
BRDA:5238,107,0,3996
BRDA:5238,107,1,35
BRDA:5243,108,0,3961
BRDA:5243,108,1,61
BRDA:5245,109,0,61
BRDA:5245,109,1,3900
BRDA:5249,110,0,394
BRDA:5249,110,1,3506
BRDA:5264,111,0,35
BRDA:5264,111,1,3961
BRDA:5267,112,0,366
BRDA:5267,112,1,3595
BRDA:5296,113,0,1
BRDA:5296,113,1,2
BRDA:5302,114,0,3
BRDA:5302,114,1,0
BRDA:5305,115,0,1
BRDA:5305,115,1,2
BRDA:5311,116,0,7
BRDA:5311,116,1,7
BRDA:5375,117,0,6
BRDA:5375,117,1,3
BRDA:5393,118,0,1
BRDA:5393,118,1,0
BRDA:5393,118,2,1
BRDA:5394,119,0,1
BRDA:5394,119,1,0
BRDA:5399,120,0,0
BRDA:5399,120,1,0
BRDA:5412,121,0,55
BRDA:5412,121,1,875
BRDA:5413,122,0,930
BRDA:5413,122,1,222
BRDA:5414,123,0,930
BRDA:5414,123,1,171
BRDA:5414,123,2,91
BRDA:5415,124,0,930
BRDA:5415,124,1,91
BRDA:5415,124,2,91
BRDA:5417,125,0,930
BRDA:5417,125,1,91
BRDA:5417,125,2,52
BRDA:5420,126,0,91
BRDA:5420,126,1,839
BRDA:5420,127,0,39
BRDA:5420,127,1,52
BRDA:5421,128,0,930
BRDA:5421,128,1,171
BRDA:5421,128,2,10
BRDA:5422,129,0,930
BRDA:5422,129,1,10
BRDA:5422,129,2,10
BRDA:5424,130,0,930
BRDA:5424,130,1,10
BRDA:5424,130,2,5
BRDA:5427,131,0,10
BRDA:5427,131,1,920
BRDA:5427,132,0,10
BRDA:5427,132,1,5
BRDA:5427,132,2,5
BRDA:5446,133,0,171
BRDA:5446,133,1,6831
BRDA:5527,134,0,403
BRDA:5527,134,1,66
BRDA:5530,135,0,320
BRDA:5530,135,1,83
BRDA:5533,136,0,2
BRDA:5533,136,1,4
BRDA:5533,136,2,13
BRDA:5533,136,3,0
BRDA:5533,136,4,1
BRDA:5533,136,5,1
BRDA:5533,136,6,43
BRDA:5533,136,7,4
BRDA:5533,136,8,0
BRDA:5533,136,9,0
BRDA:5533,136,10,0
BRDA:5533,136,11,4
BRDA:5533,136,12,4
BRDA:5533,136,13,0
BRDA:5533,136,14,0
BRDA:5533,136,15,5
BRDA:5533,136,16,4
BRDA:5533,136,17,0
BRDA:5562,137,0,0
BRDA:5562,137,1,0
BRDA:5591,138,0,1
BRDA:5591,138,1,1
BRDA:5606,139,0,1
BRDA:5606,139,1,3
BRDA:5686,140,0,12
BRDA:5686,140,1,7
BRDA:5691,141,0,8
BRDA:5691,141,1,43
BRDA:5705,142,0,2
BRDA:5705,142,1,0
BRDA:5705,142,2,6
BRDA:5723,143,0,6
BRDA:5723,143,1,0
BRDA:5741,144,0,0
BRDA:5741,144,1,95
BRDA:5756,145,0,15
BRDA:5756,145,1,0
BRDA:5794,146,0,22
BRDA:5794,146,1,7
BRDA:5866,147,0,0
BRDA:5866,147,1,0
BRDA:5866,147,2,0
BRDA:5879,148,0,0
BRDA:5879,148,1,0
BRDA:5899,149,0,0
BRDA:5899,149,1,0
BRDA:5899,150,0,0
BRDA:5899,150,1,0
BRDA:5899,151,0,0
BRDA:5899,151,1,0
BRDA:5899,152,0,0
BRDA:5899,152,1,0
BRDA:5899,152,2,0
BRDA:5903,153,0,0
BRDA:5903,153,1,0
BRDA:5903,154,0,0
BRDA:5903,154,1,0
BRDA:5911,155,0,8959
BRDA:5911,155,1,5933
BRDA:5911,156,0,5933
BRDA:5911,156,1,166
BRDA:5918,157,0,0
BRDA:5918,157,1,0
BRDA:5924,158,0,102
BRDA:5924,158,1,0
BRDA:5924,159,0,4
BRDA:5924,159,1,98
BRDA:5924,160,0,98
BRDA:5924,160,1,98
BRDA:5924,161,0,4
BRDA:5924,161,1,98
BRDA:5924,162,0,4
BRDA:5924,162,1,0
BRDA:5924,163,0,102
BRDA:5924,163,1,98
BRDA:5924,164,0,102
BRDA:5924,164,1,0
BRDA:5924,165,0,0
BRDA:5924,165,1,102
BRDA:5929,166,0,102
BRDA:5929,166,1,0
BRDA:5929,167,0,102
BRDA:5929,167,1,100
BRDA:5930,168,0,102
BRDA:5930,168,1,0
BRDA:5930,169,0,102
BRDA:5930,169,1,0
BRDA:5931,170,0,102
BRDA:5931,170,1,76
BRDA:5932,171,0,161
BRDA:5932,171,1,161
BRDA:5935,172,0,102
BRDA:5935,172,1,0
BRDA:5935,173,0,102
BRDA:5935,173,1,100
BRDA:5935,174,0,102
BRDA:5935,174,1,0
BRDA:5935,175,0,0
BRDA:5935,175,1,102
BRDA:5943,176,0,500
BRDA:5943,176,1,468
BRDA:5943,177,0,468
BRDA:5943,177,1,416
BRDA:5948,178,0,2
BRDA:5948,178,1,100
BRDA:5948,179,0,100
BRDA:5948,179,1,100
BRDA:5948,180,0,102
BRDA:5948,180,1,2
BRDA:5948,181,0,100
BRDA:5948,181,1,2
BRDA:5953,182,0,2
BRDA:5953,182,1,100
BRDA:5953,183,0,100
BRDA:5953,183,1,100
BRDA:5953,184,0,102
BRDA:5953,184,1,2
BRDA:5953,185,0,100
BRDA:5953,185,1,2
BRDA:5958,186,0,161
BRDA:5958,186,1,102
BRDA:5958,187,0,26
BRDA:5958,187,1,135
BRDA:5958,188,0,0
BRDA:5958,188,1,26
BRDA:5963,189,0,26
BRDA:5963,189,1,237
BRDA:5963,190,0,26
BRDA:5963,190,1,26
BRDA:5963,191,0,26
BRDA:5963,191,1,0
BRDA:5963,192,0,0
BRDA:5963,192,1,26
BRDA:5963,193,0,263
BRDA:5963,193,1,237
BRDA:5963,194,0,237
BRDA:5963,194,1,135
BRDA:5968,195,0,263
BRDA:5968,195,1,249
BRDA:5968,196,0,249
BRDA:5968,196,1,247
BRDA:5968,197,0,247
BRDA:5968,197,1,245
BRDA:5968,198,0,245
BRDA:5968,198,1,242
BRDA:5968,199,0,242
BRDA:5968,199,1,240
BRDA:5973,200,0,18
BRDA:5973,200,1,245
BRDA:5973,201,0,245
BRDA:5973,201,1,0
BRDA:5973,202,0,18
BRDA:5973,202,1,245
BRDA:5973,203,0,18
BRDA:5973,203,1,0
BRDA:5973,204,0,16
BRDA:5973,204,1,2
BRDA:5973,205,0,2
BRDA:5973,205,1,0
BRDA:5973,206,0,16
BRDA:5973,206,1,2
BRDA:5973,207,0,14
BRDA:5973,207,1,2
BRDA:5973,208,0,14
BRDA:5973,208,1,0
BRDA:5973,209,0,0
BRDA:5973,209,1,0
BRDA:5973,210,0,14
BRDA:5973,210,1,0
BRDA:5973,211,0,0
BRDA:5973,211,1,14
BRDA:5978,212,0,4
BRDA:5978,212,1,245
BRDA:5978,213,0,245
BRDA:5978,213,1,0
BRDA:5978,214,0,4
BRDA:5978,214,1,245
BRDA:5978,215,0,4
BRDA:5978,215,1,0
BRDA:5978,216,0,2
BRDA:5978,216,1,2
BRDA:5978,217,0,2
BRDA:5978,217,1,0
BRDA:5978,218,0,2
BRDA:5978,218,1,2
BRDA:5978,219,0,0
BRDA:5978,219,1,2
BRDA:5983,220,0,2
BRDA:5983,220,1,245
BRDA:5983,221,0,245
BRDA:5983,221,1,0
BRDA:5983,222,0,2
BRDA:5983,222,1,245
BRDA:5983,223,0,2
BRDA:5983,223,1,0
BRDA:5983,224,0,2
BRDA:5983,224,1,0
BRDA:5983,225,0,0
BRDA:5983,225,1,0
BRDA:5983,226,0,2
BRDA:5983,226,1,0
BRDA:5983,227,0,0
BRDA:5983,227,1,2
BRDA:5988,228,0,3
BRDA:5988,228,1,242
BRDA:5988,229,0,242
BRDA:5988,229,1,0
BRDA:5988,230,0,245
BRDA:5988,230,1,3
BRDA:5988,231,0,242
BRDA:5988,231,1,3
BRDA:5993,232,0,2
BRDA:5993,232,1,240
BRDA:5993,233,0,240
BRDA:5993,233,1,0
BRDA:5993,234,0,242
BRDA:5993,234,1,2
BRDA:5993,235,0,240
BRDA:5993,235,1,2
BRDA:5998,236,0,3
BRDA:5998,236,1,237
BRDA:5998,237,0,237
BRDA:5998,237,1,0
BRDA:5998,238,0,240
BRDA:5998,238,1,3
BRDA:5998,239,0,237
BRDA:5998,239,1,3
BRDA:6003,240,0,0
BRDA:6003,240,1,26
BRDA:6003,241,0,26
BRDA:6003,241,1,0
BRDA:6008,242,0,38
BRDA:6008,242,1,2
BRDA:6008,243,0,38
BRDA:6008,243,1,2
BRDA:6008,244,0,2
BRDA:6008,244,1,0
BRDA:6009,245,0,12
BRDA:6009,245,1,38
BRDA:6009,246,0,38
BRDA:6009,246,1,0
BRDA:6011,247,0,40
BRDA:6011,247,1,38
BRDA:6011,248,0,2
BRDA:6011,248,1,38
BRDA:6016,249,0,32
BRDA:6016,249,1,468
BRDA:6016,250,0,468
BRDA:6016,250,1,468
BRDA:6016,251,0,32
BRDA:6016,251,1,468
BRDA:6016,252,0,32
BRDA:6016,252,1,30
BRDA:6016,253,0,30
BRDA:6016,253,1,28
BRDA:6016,254,0,28
BRDA:6016,254,1,22
BRDA:6016,255,0,32
BRDA:6016,255,1,0
BRDA:6016,256,0,32
BRDA:6016,256,1,0
BRDA:6016,257,0,0
BRDA:6016,257,1,0
BRDA:6016,258,0,32
BRDA:6016,258,1,0
BRDA:6016,259,0,0
BRDA:6016,259,1,32
BRDA:6021,260,0,22
BRDA:6021,260,1,22
BRDA:6021,261,0,0
BRDA:6021,261,1,22
BRDA:6026,262,0,6
BRDA:6026,262,1,22
BRDA:6026,263,0,22
BRDA:6026,263,1,22
BRDA:6026,264,0,6
BRDA:6026,264,1,22
BRDA:6026,265,0,6
BRDA:6026,265,1,0
BRDA:6026,266,0,0
BRDA:6026,266,1,6
BRDA:6031,267,0,2
BRDA:6031,267,1,30
BRDA:6031,268,0,30
BRDA:6031,268,1,30
BRDA:6031,269,0,2
BRDA:6031,269,1,30
BRDA:6031,270,0,2
BRDA:6031,270,1,0
BRDA:6031,271,0,0
BRDA:6031,271,1,2
BRDA:6036,272,0,2
BRDA:6036,272,1,28
BRDA:6036,273,0,28
BRDA:6036,273,1,28
BRDA:6036,274,0,2
BRDA:6036,274,1,28
BRDA:6036,275,0,2
BRDA:6036,275,1,0
BRDA:6036,276,0,0
BRDA:6036,276,1,2
BRDA:6041,277,0,52
BRDA:6041,277,1,416
BRDA:6041,278,0,52
BRDA:6041,278,1,416
BRDA:6041,279,0,416
BRDA:6041,279,1,0
BRDA:6042,280,0,52
BRDA:6042,280,1,0
BRDA:6042,281,0,16
BRDA:6042,281,1,36
BRDA:6042,282,0,36
BRDA:6042,282,1,0
BRDA:6042,283,0,52
BRDA:6042,283,1,36
BRDA:6043,284,0,52
BRDA:6043,284,1,32
BRDA:6044,285,0,57
BRDA:6044,285,1,52
BRDA:6047,286,0,52
BRDA:6047,286,1,0
BRDA:6047,287,0,52
BRDA:6047,287,1,0
BRDA:6047,288,0,0
BRDA:6047,288,1,0
BRDA:6047,289,0,52
BRDA:6047,289,1,0
BRDA:6047,290,0,0
BRDA:6047,290,1,52
BRDA:6050,291,0,468
BRDA:6050,291,1,416
BRDA:6050,292,0,416
BRDA:6050,292,1,416
BRDA:6055,293,0,57
BRDA:6055,293,1,52
BRDA:6055,294,0,25
BRDA:6055,294,1,32
BRDA:6055,295,0,32
BRDA:6055,295,1,0
BRDA:6055,296,0,25
BRDA:6055,296,1,32
BRDA:6055,297,0,25
BRDA:6055,297,1,0
BRDA:6055,298,0,0
BRDA:6055,298,1,25
BRDA:6055,299,0,109
BRDA:6055,299,1,84
BRDA:6055,300,0,84
BRDA:6055,300,1,0
BRDA:6060,301,0,218
BRDA:6060,301,1,168
BRDA:6060,302,0,218
BRDA:6060,302,1,104
BRDA:6060,302,2,0
BRDA:6065,303,0,64
BRDA:6065,303,1,104
BRDA:6065,304,0,104
BRDA:6065,304,1,0
BRDA:6065,305,0,168
BRDA:6065,305,1,64
BRDA:6065,306,0,104
BRDA:6065,306,1,64
BRDA:6070,307,0,218
BRDA:6070,307,1,218
BRDA:6070,308,0,218
BRDA:6070,308,1,218
BRDA:6070,309,0,218
BRDA:6070,309,1,210
BRDA:6070,310,0,210
BRDA:6070,310,1,202
BRDA:6070,311,0,202
BRDA:6070,311,1,202
BRDA:6070,312,0,202
BRDA:6070,312,1,202
BRDA:6070,313,0,202
BRDA:6070,313,1,202
BRDA:6070,314,0,202
BRDA:6070,314,1,194
BRDA:6070,315,0,194
BRDA:6070,315,1,186
BRDA:6070,316,0,186
BRDA:6070,316,1,186
BRDA:6070,317,0,186
BRDA:6070,317,1,186
BRDA:6070,318,0,186
BRDA:6070,318,1,178
BRDA:6070,319,0,178
BRDA:6070,319,1,170
BRDA:6070,320,0,170
BRDA:6070,320,1,170
BRDA:6070,321,0,170
BRDA:6070,321,1,170
BRDA:6070,322,0,170
BRDA:6070,322,1,168
BRDA:6070,323,0,168
BRDA:6070,323,1,168
BRDA:6075,324,0,416
BRDA:6075,324,1,406
BRDA:6075,325,0,406
BRDA:6075,325,1,298
BRDA:6080,326,0,10
BRDA:6080,326,1,406
BRDA:6080,327,0,406
BRDA:6080,327,1,406
BRDA:6080,328,0,416
BRDA:6080,328,1,10
BRDA:6080,329,0,406
BRDA:6080,329,1,10
BRDA:6085,330,0,94
BRDA:6085,330,1,204
BRDA:6085,331,0,204
BRDA:6085,331,1,0
BRDA:6085,332,0,298
BRDA:6085,332,1,94
BRDA:6085,333,0,204
BRDA:6085,333,1,94
BRDA:6085,334,0,298
BRDA:6085,334,1,204
BRDA:6085,335,0,204
BRDA:6085,335,1,204
BRDA:6090,336,0,406
BRDA:6090,336,1,404
BRDA:6090,337,0,404
BRDA:6090,337,1,402
BRDA:6090,338,0,402
BRDA:6090,338,1,400
BRDA:6090,339,0,400
BRDA:6090,339,1,376
BRDA:6090,340,0,376
BRDA:6090,340,1,368
BRDA:6090,341,0,368
BRDA:6090,341,1,368
BRDA:6090,342,0,368
BRDA:6090,342,1,368
BRDA:6090,343,0,368
BRDA:6090,343,1,368
BRDA:6090,344,0,368
BRDA:6090,344,1,360
BRDA:6090,345,0,360
BRDA:6090,345,1,352
BRDA:6090,346,0,352
BRDA:6090,346,1,352
BRDA:6090,347,0,352
BRDA:6090,347,1,352
BRDA:6090,348,0,352
BRDA:6090,348,1,342
BRDA:6090,349,0,342
BRDA:6090,349,1,334
BRDA:6090,350,0,334
BRDA:6090,350,1,304
BRDA:6090,351,0,304
BRDA:6090,351,1,302
BRDA:6090,352,0,302
BRDA:6090,352,1,300
BRDA:6090,353,0,300
BRDA:6090,353,1,298
BRDA:6090,354,0,298
BRDA:6090,354,1,298
BRDA:6095,355,0,0
BRDA:6095,355,1,218
BRDA:6095,356,0,218
BRDA:6095,356,1,0
BRDA:6095,357,0,218
BRDA:6095,357,1,0
BRDA:6095,358,0,218
BRDA:6095,358,1,0
BRDA:6100,359,0,2
BRDA:6100,359,1,404
BRDA:6100,360,0,404
BRDA:6100,360,1,404
BRDA:6100,361,0,406
BRDA:6100,361,1,2
BRDA:6100,362,0,404
BRDA:6100,362,1,2
BRDA:6105,363,0,2
BRDA:6105,363,1,402
BRDA:6105,364,0,402
BRDA:6105,364,1,402
BRDA:6105,365,0,404
BRDA:6105,365,1,2
BRDA:6105,366,0,402
BRDA:6105,366,1,2
BRDA:6110,367,0,32
BRDA:6110,367,1,586
BRDA:6110,368,0,586
BRDA:6110,368,1,376
BRDA:6110,369,0,618
BRDA:6110,369,1,32
BRDA:6110,370,0,586
BRDA:6110,370,1,32
BRDA:6115,371,0,16
BRDA:6115,371,1,570
BRDA:6115,372,0,570
BRDA:6115,372,1,368
BRDA:6115,373,0,586
BRDA:6115,373,1,16
BRDA:6115,374,0,570
BRDA:6115,374,1,16
BRDA:6120,375,0,0
BRDA:6120,375,1,570
BRDA:6120,376,0,570
BRDA:6120,376,1,368
BRDA:6120,377,0,570
BRDA:6120,377,1,0
BRDA:6120,378,0,570
BRDA:6120,378,1,0
BRDA:6125,379,0,0
BRDA:6125,379,1,570
BRDA:6125,380,0,570
BRDA:6125,380,1,368
BRDA:6125,381,0,570
BRDA:6125,381,1,0
BRDA:6125,382,0,570
BRDA:6125,382,1,0
BRDA:6130,383,0,0
BRDA:6130,383,1,570
BRDA:6130,384,0,570
BRDA:6130,384,1,368
BRDA:6130,385,0,570
BRDA:6130,385,1,0
BRDA:6130,386,0,570
BRDA:6130,386,1,0
BRDA:6135,387,0,16
BRDA:6135,387,1,554
BRDA:6135,388,0,554
BRDA:6135,388,1,360
BRDA:6135,389,0,570
BRDA:6135,389,1,16
BRDA:6135,390,0,554
BRDA:6135,390,1,16
BRDA:6140,391,0,16
BRDA:6140,391,1,538
BRDA:6140,392,0,538
BRDA:6140,392,1,352
BRDA:6140,393,0,554
BRDA:6140,393,1,16
BRDA:6140,394,0,538
BRDA:6140,394,1,16
BRDA:6145,395,0,0
BRDA:6145,395,1,538
BRDA:6145,396,0,538
BRDA:6145,396,1,352
BRDA:6145,397,0,538
BRDA:6145,397,1,0
BRDA:6145,398,0,538
BRDA:6145,398,1,0
BRDA:6150,399,0,0
BRDA:6150,399,1,538
BRDA:6150,400,0,538
BRDA:6150,400,1,352
BRDA:6150,401,0,538
BRDA:6150,401,1,0
BRDA:6150,402,0,538
BRDA:6150,402,1,0
BRDA:6155,403,0,18
BRDA:6155,403,1,520
BRDA:6155,404,0,520
BRDA:6155,404,1,342
BRDA:6155,405,0,538
BRDA:6155,405,1,18
BRDA:6155,406,0,520
BRDA:6155,406,1,18
BRDA:6160,407,0,16
BRDA:6160,407,1,504
BRDA:6160,408,0,504
BRDA:6160,408,1,334
BRDA:6160,409,0,520
BRDA:6160,409,1,16
BRDA:6160,410,0,504
BRDA:6160,410,1,16
BRDA:6165,411,0,2
BRDA:6165,411,1,618
BRDA:6165,412,0,618
BRDA:6165,412,1,400
BRDA:6165,413,0,2
BRDA:6165,413,1,618
BRDA:6165,414,0,2
BRDA:6165,414,1,0
BRDA:6165,415,0,0
BRDA:6165,415,1,0
BRDA:6165,416,0,2
BRDA:6165,416,1,0
BRDA:6165,417,0,0
BRDA:6165,417,1,2
BRDA:6170,418,0,36
BRDA:6170,418,1,298
BRDA:6170,419,0,298
BRDA:6170,419,1,298
BRDA:6170,420,0,36
BRDA:6170,420,1,298
BRDA:6170,421,0,30
BRDA:6170,421,1,6
BRDA:6170,422,0,6
BRDA:6170,422,1,6
BRDA:6170,423,0,30
BRDA:6170,423,1,6
BRDA:6170,424,0,0
BRDA:6170,424,1,30
BRDA:6176,425,0,2
BRDA:6176,425,1,472
BRDA:6176,426,0,2
BRDA:6176,426,1,472
BRDA:6176,427,0,472
BRDA:6176,427,1,302
BRDA:6177,428,0,2
BRDA:6177,428,1,0
BRDA:6177,429,0,2
BRDA:6177,429,1,0
BRDA:6177,430,0,0
BRDA:6177,430,1,0
BRDA:6178,431,0,2
BRDA:6178,431,1,2
BRDA:6178,432,0,2
BRDA:6178,432,1,2
BRDA:6180,433,0,2
BRDA:6180,433,1,0
BRDA:6180,434,0,0
BRDA:6180,434,1,2
BRDA:6189,435,0,2
BRDA:6189,435,1,470
BRDA:6189,436,0,2
BRDA:6189,436,1,470
BRDA:6189,437,0,470
BRDA:6189,437,1,300
BRDA:6190,438,0,2
BRDA:6190,438,1,0
BRDA:6190,439,0,2
BRDA:6190,439,1,0
BRDA:6190,440,0,0
BRDA:6190,440,1,0
BRDA:6191,441,0,2
BRDA:6191,441,1,2
BRDA:6191,442,0,2
BRDA:6191,442,1,2
BRDA:6193,443,0,2
BRDA:6193,443,1,0
BRDA:6193,444,0,0
BRDA:6193,444,1,2
BRDA:6202,445,0,4
BRDA:6202,445,1,466
BRDA:6202,446,0,4
BRDA:6202,446,1,466
BRDA:6202,447,0,466
BRDA:6202,447,1,298
BRDA:6203,448,0,4
BRDA:6203,448,1,0
BRDA:6203,449,0,4
BRDA:6203,449,1,0
BRDA:6203,450,0,0
BRDA:6203,450,1,0
BRDA:6204,451,0,12
BRDA:6204,451,1,4
BRDA:6204,452,0,4
BRDA:6204,452,1,2
BRDA:6206,453,0,4
BRDA:6206,453,1,0
BRDA:6206,454,0,0
BRDA:6206,454,1,4
BRDA:6214,455,0,0
BRDA:6214,455,1,466
BRDA:6214,456,0,466
BRDA:6214,456,1,298
BRDA:6214,457,0,466
BRDA:6214,457,1,0
BRDA:6214,458,0,466
BRDA:6214,458,1,0
BRDA:6219,459,0,0
BRDA:6219,459,1,466
BRDA:6219,460,0,466
BRDA:6219,460,1,298
BRDA:6219,461,0,0
BRDA:6219,461,1,466
BRDA:6219,462,0,0
BRDA:6219,462,1,0
BRDA:6219,463,0,0
BRDA:6219,463,1,0
BRDA:6219,464,0,0
BRDA:6219,464,1,0
BRDA:6219,465,0,0
BRDA:6219,465,1,0
BRDA:6223,466,0,0
BRDA:6223,466,1,66
BRDA:6233,467,0,4
BRDA:6233,467,1,98
BRDA:6253,468,0,26
BRDA:6253,468,1,0
BRDA:6460,469,0,0
BRDA:6460,469,1,66
BRDA:6461,470,0,0
BRDA:6461,470,1,0
BRDA:6465,471,0,66
BRDA:6465,471,1,0
BRDA:6465,472,0,66
BRDA:6465,472,1,66
BRDA:6466,473,0,0
BRDA:6466,473,1,0
BRDA:6495,474,0,167
BRDA:6495,474,1,611
BRDA:6496,475,0,778
BRDA:6496,475,1,141
BRDA:6499,476,0,778
BRDA:6499,476,1,141
BRDA:6500,477,0,778
BRDA:6500,477,1,141
BRDA:6502,478,0,778
BRDA:6502,478,1,141
BRDA:6503,479,0,778
BRDA:6503,479,1,141
BRDA:6504,480,0,778
BRDA:6504,480,1,141
BRDA:6504,480,2,141
BRDA:6511,481,0,778
BRDA:6511,481,1,0
BRDA:6517,482,0,611
BRDA:6517,482,1,167
BRDA:6522,483,0,141
BRDA:6522,483,1,637
BRDA:6535,484,0,1
BRDA:6535,484,1,78
BRDA:6537,485,0,29
BRDA:6537,485,1,49
BRDA:6546,486,0,85
BRDA:6546,486,1,0
BRDA:6547,487,0,85
BRDA:6547,487,1,0
BRDA:6554,488,0,6
BRDA:6554,488,1,43
BRDA:6554,489,0,49
BRDA:6554,489,1,19
BRDA:6563,490,0,6
BRDA:6563,490,1,0
BRDA:6564,491,0,6
BRDA:6564,491,1,0
BRDA:6570,492,0,20
BRDA:6570,492,1,23
BRDA:6571,493,0,20
BRDA:6571,493,1,3
BRDA:6579,494,0,20
BRDA:6579,494,1,0
BRDA:6580,495,0,20
BRDA:6580,495,1,0
BRDA:6597,496,0,140
BRDA:6597,496,1,0
BRDA:6598,497,0,140
BRDA:6598,497,1,0
BRDA:6619,498,0,16
BRDA:6619,498,1,217
BRDA:6634,499,0,43
BRDA:6634,499,1,0
BRDA:6635,500,0,43
BRDA:6635,500,1,0
BRDA:6646,501,0,6
BRDA:6646,501,1,337
BRDA:6670,502,0,343
BRDA:6670,502,1,106
BRDA:6671,503,0,343
BRDA:6671,503,1,0
BRDA:6678,504,0,54
BRDA:6678,504,1,289
BRDA:6678,505,0,343
BRDA:6678,505,1,144
BRDA:6678,505,2,74
BRDA:6689,506,0,10
BRDA:6689,506,1,67
BRDA:6697,507,0,8
BRDA:6697,507,1,2
BRDA:6698,508,0,10
BRDA:6698,508,1,3
BRDA:6702,509,0,43
BRDA:6702,509,1,10
BRDA:6709,510,0,7
BRDA:6709,510,1,60
BRDA:6709,511,0,67
BRDA:6709,511,1,7
BRDA:6718,512,0,4
BRDA:6718,512,1,2
BRDA:6728,513,0,305
BRDA:6728,513,1,4
BRDA:6732,514,0,301
BRDA:6732,514,1,4
BRDA:6742,515,0,305
BRDA:6742,515,1,88
BRDA:6747,516,0,3
BRDA:6747,516,1,215
BRDA:6754,517,0,39
BRDA:6754,517,1,176
BRDA:6754,518,0,215
BRDA:6754,518,1,213
BRDA:6754,518,2,211
BRDA:6759,519,0,0
BRDA:6759,519,1,0
BRDA:6764,520,0,0
BRDA:6764,520,1,0
BRDA:6765,521,0,0
BRDA:6765,521,1,0
BRDA:6765,522,0,0
BRDA:6765,522,1,0
BRDA:6776,523,0,0
BRDA:6776,523,1,4
BRDA:6790,524,0,66
BRDA:6790,524,1,0
BRDA:6817,525,0,215
BRDA:6817,525,1,215
BRDA:6818,526,0,215
BRDA:6818,526,1,215
BRDA:6820,527,0,215
BRDA:6820,527,1,215
BRDA:6820,527,2,156
BRDA:6836,528,0,1
BRDA:6836,528,1,214
BRDA:6836,529,0,215
BRDA:6836,529,1,212
BRDA:6841,530,0,7
BRDA:6841,530,1,207
BRDA:6841,531,0,214
BRDA:6841,531,1,210
BRDA:6847,532,0,0
BRDA:6847,532,1,207
BRDA:6847,533,0,207
BRDA:6847,533,1,207
BRDA:6847,533,2,204
BRDA:6847,533,3,0
BRDA:6857,534,0,2
BRDA:6857,534,1,205
BRDA:6857,535,0,207
BRDA:6857,535,1,186
BRDA:6857,535,2,5
BRDA:6865,536,0,0
BRDA:6865,536,1,93
BRDA:6870,537,0,205
BRDA:6870,537,1,184
BRDA:6870,537,2,3
BRDA:6872,538,0,0
BRDA:6872,538,1,205
BRDA:6881,539,0,1
BRDA:6881,539,1,204
BRDA:6892,540,0,4
BRDA:6892,540,1,3
BRDA:6896,541,0,3
BRDA:6896,541,1,0
BRDA:6913,542,0,7
BRDA:6913,542,1,0
BRDA:6913,543,0,7
BRDA:6913,543,1,7
BRDA:6915,544,0,0
BRDA:6915,544,1,0
BRDA:6915,545,0,0
BRDA:6915,545,1,0
BRDA:6915,545,2,0
BRDA:6915,545,3,0
BRDA:6930,546,0,6
BRDA:6930,546,1,0
BRDA:6930,546,2,22
BRDA:6948,547,0,0
BRDA:6948,547,1,222
BRDA:6952,548,0,8
BRDA:6952,548,1,214
BRDA:6966,549,0,152
BRDA:6966,549,1,55
BRDA:6968,550,0,53
BRDA:6968,550,1,99
BRDA:6974,551,0,55
BRDA:6974,551,1,97
BRDA:6976,552,0,20
BRDA:6976,552,1,53
BRDA:7036,553,0,94
BRDA:7036,553,1,4
BRDA:7036,554,0,98
BRDA:7036,554,1,96
BRDA:7054,555,0,9
BRDA:7054,555,1,16
BRDA:7054,555,2,0
BRDA:7057,556,0,2
BRDA:7057,556,1,7
BRDA:7061,557,0,14
BRDA:7061,557,1,2
BRDA:7063,558,0,4
BRDA:7063,558,1,10
BRDA:7063,559,0,14
BRDA:7063,559,1,10
BRDA:7065,560,0,4
BRDA:7065,560,1,0
BRDA:7071,561,0,4
BRDA:7071,561,1,6
BRDA:7091,562,0,61
BRDA:7091,562,1,33
BRDA:7091,563,0,94
BRDA:7091,563,1,49
BRDA:7091,563,2,33
BRDA:7096,564,0,22
BRDA:7096,564,1,11
BRDA:7097,565,0,3
BRDA:7097,565,1,4
BRDA:7104,566,0,2
BRDA:7104,566,1,2
BRDA:7118,567,0,3
BRDA:7118,567,1,0
BRDA:7118,567,2,5
BRDA:7118,567,3,3
BRDA:7124,568,0,3
BRDA:7124,568,1,0
BRDA:7124,569,0,3
BRDA:7124,569,1,3
BRDA:7131,570,0,0
BRDA:7131,570,1,3
BRDA:7131,571,0,3
BRDA:7131,571,1,3
BRDA:7136,572,0,0
BRDA:7136,572,1,3
BRDA:7138,573,0,0
BRDA:7138,573,1,0
BRDA:7138,574,0,0
BRDA:7138,574,1,0
BRDA:7144,575,0,0
BRDA:7144,575,1,0
BRDA:7144,576,0,0
BRDA:7144,576,1,0
BRDA:7157,577,0,5
BRDA:7157,577,1,0
BRDA:7159,578,0,2
BRDA:7159,578,1,3
BRDA:7159,579,0,5
BRDA:7159,579,1,5
BRDA:7165,580,0,3
BRDA:7165,580,1,2
BRDA:7165,581,0,5
BRDA:7165,581,1,5
BRDA:7173,582,0,2
BRDA:7173,582,1,1
BRDA:7175,583,0,3
BRDA:7175,583,1,0
BRDA:7175,584,0,3
BRDA:7175,584,1,3
BRDA:7181,585,0,0
BRDA:7181,585,1,3
BRDA:7181,586,0,3
BRDA:7181,586,1,3
BRDA:7195,587,0,49
BRDA:7195,587,1,45
BRDA:7200,588,0,45
BRDA:7200,588,1,0
BRDA:7205,589,0,0
BRDA:7205,589,1,0
BRDA:7205,590,0,0
BRDA:7205,590,1,0
BRDA:7211,591,0,0
BRDA:7211,591,1,0
BRDA:7211,592,0,0
BRDA:7211,592,1,0
BRDA:7213,593,0,0
BRDA:7213,593,1,0
BRDA:7219,594,0,1
BRDA:7219,594,1,44
BRDA:7228,595,0,43
BRDA:7228,595,1,4
BRDA:7232,596,0,45
BRDA:7232,596,1,2
BRDA:7247,597,0,78
BRDA:7247,597,1,16
BRDA:7253,598,0,2
BRDA:7253,598,1,14
BRDA:7258,599,0,6
BRDA:7258,599,1,8
BRDA:7258,600,0,14
BRDA:7258,600,1,10
BRDA:7264,601,0,4
BRDA:7264,601,1,10
BRDA:7264,602,0,14
BRDA:7264,602,1,10
BRDA:7266,603,0,4
BRDA:7266,603,1,0
BRDA:7274,604,0,4
BRDA:7274,604,1,6
BRDA:7279,605,0,5
BRDA:7279,605,1,3
BRDA:7301,606,0,23
BRDA:7301,606,1,19
BRDA:7301,607,0,23
BRDA:7301,607,1,23
BRDA:7301,607,2,0
BRDA:7304,608,0,232
BRDA:7304,608,1,19
BRDA:7308,609,0,8
BRDA:7311,610,0,6
BRDA:7311,610,1,2
BRDA:7311,611,0,8
BRDA:7311,611,1,6
BRDA:7332,612,0,2
BRDA:7332,612,1,1
BRDA:7349,613,0,0
BRDA:7349,613,1,0
BRDA:7366,614,0,0
BRDA:7366,614,1,0
BRDA:7383,615,0,0
BRDA:7383,615,1,0
BRDA:7400,616,0,9
BRDA:7400,616,1,5
BRDA:7417,617,0,10
BRDA:7417,617,1,4
BRDA:7557,618,0,12
BRDA:7557,618,1,0
BRDA:7567,619,0,0
BRDA:7567,619,1,12
BRDA:7571,620,0,0
BRDA:7571,620,1,12
BRDA:7571,621,0,12
BRDA:7571,621,1,12
BRDA:7575,622,0,12
BRDA:7575,622,1,0
BRDA:7575,623,0,12
BRDA:7575,623,1,12
BRDA:7601,624,0,0
BRDA:7601,624,1,12
BRDA:7611,625,0,0
BRDA:7611,625,1,0
BRDA:7639,626,0,0
BRDA:7639,626,1,39
BRDA:7647,627,0,12
BRDA:7647,627,1,27
BRDA:7659,628,0,0
BRDA:7659,628,1,12
BRDA:7672,629,0,12
BRDA:7672,629,1,0
BRDA:7710,630,0,0
BRDA:7710,630,1,0
BRDA:7724,631,0,0
BRDA:7724,631,1,0
BRDA:7736,632,0,0
BRDA:7736,632,1,12
BRDA:7745,633,0,0
BRDA:7745,633,1,0
BRDA:7758,634,0,0
BRDA:7758,634,1,0
BRDA:7763,635,0,0
BRDA:7763,635,1,0
BRDA:7766,636,0,0
BRDA:7766,636,1,0
BRDA:7773,637,0,84
BRDA:7773,637,1,84
BRDA:7780,638,0,48
BRDA:7780,638,1,36
BRDA:7807,639,0,0
BRDA:7807,639,1,0
BRDA:7811,640,0,0
BRDA:7811,640,1,0
BRDA:7811,641,0,0
BRDA:7811,641,1,0
BRDA:7811,641,2,0
BRDA:7831,642,0,12
BRDA:7831,642,1,36
BRDA:7831,643,0,48
BRDA:7831,643,1,48
BRDA:7831,643,2,17
BRDA:7831,643,3,13
BRDA:7838,644,0,3
BRDA:7838,644,1,58
BRDA:7842,645,0,58
BRDA:7842,645,1,0
BRDA:7850,646,0,9
BRDA:7850,646,1,3
BRDA:7870,647,0,1
BRDA:7870,647,1,0
BRDA:7883,648,0,141
BRDA:7883,648,1,10
BRDA:7888,649,0,4
BRDA:7888,649,1,6
BRDA:7894,650,0,10
BRDA:7894,650,1,0
BRDA:7898,651,0,10
BRDA:7898,651,1,4
BRF:1371
BRH:1043
end_of_record
